1,0,1;1,1,1;0,0,1;0,1,0;0,0,1;0,1,1;1,0,1;0,1,0;0,0,0;0,0,1
0,0,1;0,1,0;0,1,1;0,0,1;1,0,0;0,0,0;0,0,1;0,0,0;1,1,0;0,0,1
0,1,1;1,0,1;1,1,0;1,0,0;1,1,1;1,1,1;1,0,0;0,0,0;1,0,0;0,0,0
0,0,1;1,1,0;1,1,1;1,1,1;1,0,0;0,1,1;0,0,1;1,1,0;1,1,1;1,0,1
0,1,0;1,1,0;0,1,1;1,1,1;1,1,0;0,1,1;1,0,1;1,1,0;0,0,1;1,0,0
0,1,1;1,1,0;0,0,1;0,1,1;1,0,0;0,1,1;1,0,1;1,0,1;0,1,0;1,1,1
1,1,0;0,1,1;1,0,1;0,1,0;0,1,1;0,0,0;1,1,1;1,1,0;1,1,0;1,0,0
0,0,0;0,1,0;1,1,0;1,0,0;0,0,0;0,1,1;0,0,1;1,1,0;0,0,1;1,1,0
1,0,1;0,1,1;1,1,0;1,1,1;0,1,0;1,0,1;1,1,0;0,1,1;0,1,0;0,0,1
1,1,1;1,1,1;1,0,0;0,0,0;0,1,1;0,1,1;1,1,0;0,1,0;0,1,0;1,0,1
1,1,1;0,1,1;0,1,0;0,1,1;0,1,1;1,1,0;0,0,1;0,1,1;1,0,0;0,0,0
1,0,0;0,0,0;1,0,0;0,1,0;1,0,0;0,1,0;1,1,0;1,0,1;0,0,0;1,1,1
0,1,0;0,1,0;1,1,0;1,1,0;0,1,0;0,1,1;0,0,0;0,0,1;0,1,1;1,0,0
0,1,1;0,1,0;1,0,0;1,0,1;1,0,1;0,0,1;0,1,0;0,0,0;1,0,1;1,1,0
1,0,1;0,1,0;1,1,1;0,1,0;1,1,1;0,1,0;1,1,1;0,1,0;0,1,0;1,0,0
1,1,0;1,1,0;0,0,1;0,0,0;1,1,0;1,0,0;1,1,0;0,1,1;1,1,1;1,0,1
1,0,1;0,1,0;1,0,0;1,1,0;0,0,0;0,1,1;0,0,1;1,0,1;1,0,0;1,1,0
0,1,1;1,1,0;0,0,1;0,0,1;1,1,0;1,0,1;1,1,0;0,1,0;0,0,1;1,1,1
0,0,1;0,1,1;0,1,1;0,1,1;0,0,0;1,0,0;0,1,0;0,1,0;0,1,1;0,0,0
0,1,0;1,1,1;1,0,0;0,0,0;0,0,0;0,1,0;1,1,0;0,1,0;1,1,0;0,0,0
1,0,1;0,0,1;1,0,1;1,1,1;0,1,0;1,1,0;0,0,0;1,1,1;0,0,1;1,0,0
1,1,1;0,0,1;0,0,1;0,1,1;1,0,1;1,0,0;1,0,1;0,0,0;0,0,1;0,1,1
0,1,1;1,0,0;0,1,1;0,1,0;1,0,1;1,1,1;0,0,1;1,0,0;0,1,0;1,0,1
0,0,1;1,1,1;0,0,1;1,0,1;1,1,0;1,0,1;0,1,1;0,0,1;0,1,1;1,1,0
0,0,1;0,1,1;1,0,0;1,1,0;1,1,0;0,0,0;1,0,0;0,1,0;0,0,1;0,0,1
0,0,0;0,0,0;0,1,0;1,0,1;1,1,1;0,1,0;0,0,0;0,0,0;1,1,0;1,0,0
0,0,0;0,0,1;0,0,1;1,1,0;0,1,0;0,1,1;0,0,0;0,0,0;1,0,0;0,1,0
1,1,1;1,1,0;1,0,1;0,1,1;0,0,1;0,1,1;0,1,1;1,1,0;0,1,0;1,1,0
1,1,0;1,1,1;0,1,0;1,1,0;1,0,1;1,0,0;1,1,1;1,0,1;1,0,1;1,1,0
1,1,0;1,1,1;1,1,0;1,1,0;1,0,0;1,1,0;0,0,0;1,1,0;0,1,0;1,0,0
1,1,1;0,1,1;0,0,1;0,0,1;0,1,0;1,1,1;0,1,1;1,0,0;1,1,0;0,1,0
0,1,0;0,0,0;0,1,1;1,1,1;1,1,1;1,0,1;0,0,0;1,0,0;0,1,0;1,0,1
0,0,1;0,1,1;0,0,1;1,0,0;1,1,0;0,1,1;1,1,1;1,0,0;1,0,0;0,1,0
1,0,0;0,1,1;0,1,1;1,1,0;1,1,1;1,0,1;0,0,0;0,1,0;0,0,1;0,0,0
1,0,1;1,1,1;0,0,0;0,1,1;1,0,1;1,1,0;1,0,1;1,1,0;1,0,0;1,1,1
1,0,0;1,1,1;1,1,1;1,1,0;0,1,0;0,1,1;1,0,0;1,0,1;0,0,1;1,0,0
1,1,1;1,0,0;1,0,0;0,0,1;1,1,0;0,0,1;1,0,1;0,0,0;0,0,1;0,1,0
1,0,0;0,1,1;1,0,1;1,0,1;0,1,1;1,1,0;0,1,0;1,1,0;1,0,0;1,0,1
0,1,0;0,1,0;0,1,1;0,1,0;0,1,0;0,1,1;1,1,1;1,0,0;1,1,1;0,1,1
1,0,0;0,0,1;1,0,0;0,1,0;1,1,0;1,0,0;0,0,0;1,1,1;1,1,0;0,0,1
0,0,1;0,0,0;1,1,0;1,1,1;1,0,0;1,1,1;0,0,1;0,0,0;1,1,1;1,0,1
1,0,0;0,1,0;0,0,0;1,1,1;0,0,0;1,1,1;0,0,1;0,1,0;1,0,1;1,0,0
0,0,1;0,1,0;1,0,1;1,1,1;1,1,0;0,1,1;0,0,1;1,0,0;0,1,1;0,1,1
0,1,0;0,0,0;1,1,0;1,0,1;0,1,1;1,1,1;0,0,0;0,0,1;1,1,1;1,0,1
1,1,0;0,1,0;0,1,1;1,0,0;0,1,0;0,1,1;0,1,1;0,1,1;0,1,0;1,1,1
1,0,1;1,0,1;0,1,1;1,1,1;0,1,1;1,0,1;0,0,0;0,0,1;1,1,1;1,0,1
1,1,0;1,0,0;1,1,1;1,1,1;0,0,1;0,0,1;0,1,0;0,0,1;0,1,1;0,0,1
0,0,1;1,0,0;1,0,1;0,0,1;1,0,0;0,0,1;1,1,0;1,1,1;0,1,0;0,0,1
0,0,1;1,0,0;0,1,1;0,1,1;1,0,1;0,0,1;1,1,1;1,1,1;1,0,0;1,0,0
1,0,1;0,0,0;1,0,1;0,0,1;1,1,0;1,1,1;1,1,0;1,0,0;1,0,0;0,1,1
0,0,0;0,0,1;1,0,1;1,0,0;1,1,0;1,1,1;0,1,0;1,1,0;1,0,1;1,1,0
0,1,1;0,1,0;1,1,0;1,1,0;1,1,0;1,0,1;1,1,1;1,1,1;1,1,0;1,0,0
1,0,0;1,0,0;0,0,1;0,0,1;1,0,1;1,0,1;1,0,0;0,0,0;1,1,1;1,1,0
1,1,1;0,1,0;0,0,1;1,1,0;0,0,0;1,1,0;1,0,1;1,1,0;0,0,0;0,0,1
0,0,0;1,0,1;1,1,1;0,0,0;0,1,1;1,1,0;0,1,1;0,0,1;1,1,0;1,1,1
0,1,1;1,1,1;0,0,0;1,1,0;0,0,0;1,1,1;1,0,0;1,0,1;0,1,0;1,1,0
1,1,1;1,1,0;0,1,1;1,1,0;0,1,0;0,0,0;0,1,0;0,0,1;1,1,0;1,0,1
1,0,0;0,0,0;0,1,0;0,0,0;0,1,0;0,1,1;1,1,0;0,1,1;0,0,0;1,1,1
1,0,0;0,1,0;1,1,1;1,1,1;1,0,1;0,1,1;0,1,0;0,0,0;0,1,1;0,0,0
0,0,1;1,1,1;0,0,0;0,1,0;1,1,0;0,0,1;0,1,0;1,0,1;1,0,1;1,1,0
0,0,1;0,1,1;0,0,0;0,0,1;0,0,0;1,0,1;0,1,0;1,1,0;0,0,0;1,1,0
1,1,0;0,1,1;0,0,0;1,0,1;1,1,1;0,0,0;1,1,0;0,1,1;0,0,0;1,1,1
1,1,0;1,1,1;1,0,1;0,1,0;0,0,1;1,0,0;1,0,1;1,0,0;1,0,0;0,0,1
1,0,1;1,1,1;0,0,1;1,0,1;1,0,0;1,0,1;0,0,0;0,0,0;0,1,0;1,1,0
1,0,1;1,0,0;1,0,0;1,1,0;0,1,1;0,1,0;0,0,1;1,0,1;0,1,0;0,1,0
1,1,0;1,1,0;1,1,1;0,0,0;1,1,1;1,1,0;0,0,1;0,1,1;1,0,1;0,0,0
0,1,1;0,0,0;0,0,1;0,1,0;0,0,1;1,0,1;0,1,0;1,0,0;0,0,0;1,1,1
0,1,1;0,1,0;1,1,1;1,1,0;0,1,0;1,0,1;1,0,1;0,0,1;1,0,1;0,1,0
1,0,0;1,1,0;1,0,1;1,0,1;1,0,0;1,0,0;0,1,0;1,0,0;0,1,0;1,1,1
1,1,0;1,0,1;1,1,0;1,1,1;1,1,1;0,1,0;1,0,0;0,1,0;1,1,0;0,0,0
1,1,1;1,1,1;0,1,0;0,1,0;0,1,0;0,0,0;1,0,0;1,1,0;1,0,0;0,1,1
1,0,0;1,1,0;1,0,0;1,0,1;1,0,0;0,0,1;0,0,0;0,1,0;0,1,0;1,0,1
0,1,1;0,0,1;0,1,0;0,0,1;0,1,0;1,0,0;1,0,1;0,1,1;1,0,0;0,0,0
0,0,0;0,1,1;0,1,1;0,1,0;1,0,1;1,1,1;0,1,0;0,0,0;0,0,0;1,1,1
0,1,1;1,0,0;1,0,1;1,0,1;0,0,1;1,0,1;1,0,1;0,1,0;1,0,1;1,1,1
0,1,0;0,1,0;1,0,1;1,0,1;0,1,1;0,0,1;0,0,0;0,0,1;0,0,1;0,1,1
0,1,1;0,0,1;0,0,0;0,1,0;1,0,0;0,1,1;0,1,1;1,0,0;1,0,1;0,1,0
1,1,1;0,1,1;0,0,0;1,0,0;0,0,1;1,1,0;1,1,1;1,0,0;1,1,1;0,1,0
0,1,0;1,1,1;1,0,0;0,0,0;1,0,0;1,0,0;0,0,1;1,0,1;1,1,1;1,0,1
0,0,0;1,1,1;1,1,1;1,0,1;1,1,1;0,1,1;0,1,0;1,0,0;1,1,0;1,1,0
0,0,0;1,1,0;0,0,1;1,0,0;1,1,0;1,1,0;1,1,1;1,1,1;0,0,0;0,1,0
0,0,0;1,1,1;1,1,0;1,1,0;1,1,0;1,0,0;1,1,0;1,0,1;0,1,0;1,1,0
1,1,0;1,1,1;0,0,0;1,1,1;1,0,1;0,0,0;0,1,1;1,1,0;0,1,1;1,0,0
1,0,1;1,0,0;1,1,0;1,0,1;1,1,1;1,0,0;1,1,0;0,0,0;0,0,0;1,1,0
0,1,1;0,1,1;1,1,0;1,0,0;1,0,0;0,1,0;0,1,1;1,1,0;0,1,0;1,0,0
0,0,1;1,0,1;0,1,0;0,1,1;1,1,0;0,0,0;0,1,1;0,1,0;0,0,0;1,1,0
0,1,0;1,0,0;0,0,1;1,1,1;0,0,0;0,0,0;1,1,0;1,1,0;0,0,1;0,0,0
0,1,0;0,0,0;1,0,0;0,1,1;1,0,0;1,0,0;1,0,0;1,1,0;0,1,0;1,0,0
1,0,1;0,1,1;1,1,0;1,0,1;1,1,1;0,1,1;1,1,0;0,0,1;0,0,1;0,0,0
0,1,1;1,0,1;0,0,1;1,0,0;0,0,0;1,1,1;1,0,0;0,0,1;1,0,1;1,0,1
0,1,0;1,0,0;1,1,0;0,1,0;1,1,1;0,1,1;0,1,0;1,0,0;1,0,1;0,1,0
0,1,0;0,1,0;0,1,1;1,1,1;1,1,0;1,1,0;0,1,1;0,1,0;1,0,1;1,1,0
0,0,0;0,0,0;0,0,1;1,1,0;0,0,1;1,0,0;0,1,0;0,0,0;0,0,1;0,1,0
0,0,0;0,0,0;1,0,0;0,1,0;1,1,1;1,0,1;1,0,1;1,0,1;1,1,1;0,1,0
0,0,0;1,0,0;0,0,0;0,1,0;0,1,0;0,0,1;0,1,0;0,1,1;1,0,1;1,1,1
0,0,0;1,0,1;1,0,0;1,0,0;0,1,1;1,0,0;1,1,1;1,0,1;1,0,0;1,0,0
1,1,1;1,0,1;0,1,0;0,1,0;0,1,0;0,1,1;1,0,1;0,0,1;1,0,1;1,1,1
1,1,1;0,0,0;1,0,0;0,1,1;0,1,0;0,0,0;1,1,0;0,0,1;0,1,1;1,1,1
1,1,1;1,1,1;0,0,0;0,0,1;1,0,1;0,1,0;1,0,1;0,1,1;1,1,0;0,1,1
0,1,1;0,1,0;1,0,0;0,0,0;0,1,0;1,0,1;1,1,0;1,1,1;0,0,1;1,1,1
1,0,1;0,0,0;1,1,1;0,1,1;0,0,1;1,1,1;1,1,0;1,1,1;1,1,0;1,0,0
1,0,1;1,0,0;0,1,1;0,1,1;1,1,0;0,0,0;1,1,1;1,1,0;0,0,0;0,0,0
0,0,1;1,1,0;1,1,1;0,0,1;1,1,1;0,1,0;0,1,0;0,1,1;0,1,0;1,0,1
0,1,1;0,0,0;0,1,1;1,0,1;1,1,1;1,0,0;1,0,0;1,0,1;1,1,0;0,0,0
0,0,0;0,0,0;1,1,0;0,0,1;1,1,0;1,1,0;0,0,1;1,0,1;0,1,1;1,0,1
1,0,1;1,1,1;1,0,1;1,1,0;0,0,1;1,0,1;0,0,0;0,1,0;1,0,1;0,1,0
0,0,0;0,1,0;0,1,0;1,1,0;1,1,0;1,1,1;0,1,0;0,1,1;1,1,0;1,1,0
0,0,1;0,0,1;0,0,1;1,0,1;1,1,1;0,1,0;0,1,1;1,0,1;1,0,0;0,1,1
1,1,1;0,1,0;0,0,0;0,1,0;1,0,1;1,1,1;1,0,0;0,0,1;0,0,1;0,1,0
0,0,0;0,1,0;0,0,0;0,1,1;0,1,0;0,0,1;1,0,0;1,0,0;0,1,0;0,0,0
1,0,1;1,0,0;0,0,1;0,1,0;0,0,1;0,0,0;1,1,0;0,1,1;1,0,1;1,0,0
1,0,0;1,0,1;0,0,0;1,1,1;0,0,1;1,1,0;0,1,0;0,1,0;1,0,0;1,1,1
1,0,0;1,1,1;1,0,0;1,0,0;1,1,0;1,0,0;0,0,1;1,1,0;1,0,0;1,1,0
1,1,1;0,0,1;0,1,1;0,1,1;0,1,0;0,1,0;1,0,0;1,0,1;0,1,0;0,0,1
0,0,0;0,1,1;0,1,1;0,0,1;0,0,1;1,0,1;1,0,0;1,0,1;1,1,1;1,1,0
0,1,1;1,1,1;1,0,1;0,0,1;1,1,1;0,1,0;0,0,1;0,0,0;0,0,1;0,0,0
0,0,1;1,1,1;1,0,0;0,1,1;1,1,1;0,0,0;1,0,0;0,1,0;0,0,0;1,1,1
0,1,1;1,1,0;1,0,0;1,0,0;0,1,1;1,1,1;1,0,1;1,1,1;1,1,1;0,1,0
1,0,1;1,1,1;0,0,0;0,1,0;1,1,1;0,0,0;0,1,0;1,1,1;0,0,0;0,0,0
0,0,0;1,0,0;0,1,0;1,0,1;0,1,1;0,1,1;0,1,0;1,1,0;0,0,0;1,0,1
0,0,0;1,1,1;1,0,1;1,1,0;1,1,1;1,1,0;0,1,0;0,0,1;0,0,0;1,0,1
1,1,0;1,1,1;1,0,1;0,0,1;0,0,0;1,1,1;1,0,0;1,0,0;1,1,1;0,0,0
0,1,0;0,1,1;0,0,1;1,0,1;0,0,0;0,1,0;0,0,1;1,1,0;0,1,0;1,1,0
1,1,1;1,1,0;1,0,0;0,0,1;0,0,0;0,0,1;1,0,1;0,1,0;1,1,1;0,0,1
1,1,1;0,0,0;1,0,1;0,0,1;1,1,0;1,1,1;0,0,0;1,1,1;0,1,0;1,0,1
0,1,0;0,0,0;0,1,0;0,1,1;0,1,0;1,1,1;1,1,0;1,1,1;0,0,1;0,1,1
0,0,1;0,0,1;1,1,0;0,0,1;1,1,1;0,0,1;1,1,0;1,1,1;0,1,0;0,0,0
0,1,1;0,0,0;1,1,1;0,1,1;0,0,0;0,0,1;0,1,0;0,0,1;0,1,1;0,1,1
0,0,1;0,1,1;1,1,0;1,1,0;0,1,0;1,0,0;1,1,1;0,0,0;0,1,1;0,1,1
1,0,0;1,1,1;1,1,1;0,0,1;1,0,0;0,1,1;0,1,0;1,0,1;0,1,1;1,1,0
0,0,1;1,0,0;0,1,0;0,1,0;1,1,0;1,1,0;1,1,1;0,1,1;0,0,0;0,0,0
0,1,1;0,1,0;0,1,1;1,0,1;1,0,1;1,1,0;0,1,0;0,1,1;1,1,0;0,0,0
1,1,0;0,1,0;0,1,0;1,1,0;1,1,0;1,0,1;0,1,1;0,0,0;1,0,1;1,0,1
0,1,0;1,1,0;0,0,0;1,0,1;1,1,0;0,1,1;0,0,1;0,1,0;0,1,0;1,1,0
0,0,1;1,1,1;0,0,0;1,0,1;1,0,0;1,0,1;0,1,1;1,1,0;0,0,0;0,0,0
1,1,1;0,0,0;0,1,0;1,0,1;0,1,1;1,1,0;0,1,1;0,1,0;1,0,1;0,0,1
0,0,1;0,0,0;1,1,1;0,1,1;1,1,0;0,0,1;1,1,1;0,1,1;0,1,1;0,1,1
0,1,1;1,1,1;0,1,0;0,0,1;0,1,0;0,1,0;0,0,1;0,0,1;1,0,1;0,0,0
1,0,1;0,1,0;1,1,0;1,0,0;1,0,0;1,0,0;0,0,0;0,0,1;1,0,1;0,1,0
0,1,0;0,0,1;0,1,1;0,1,0;0,0,0;1,0,1;1,0,0;1,0,1;0,0,1;1,1,0
1,0,0;0,0,0;0,1,0;0,0,1;1,0,1;0,1,0;1,0,1;0,0,1;1,1,0;1,1,1
0,1,0;0,0,0;1,0,0;1,1,0;1,1,0;0,1,1;1,1,1;1,1,1;0,0,0;0,1,0
1,0,1;1,1,1;1,1,1;1,0,1;1,1,1;1,1,1;0,0,1;0,1,1;0,1,0;1,0,1
0,0,0;1,0,0;1,0,1;1,1,1;0,0,1;0,0,1;0,1,1;0,0,1;1,1,1;0,1,0
0,0,0;1,1,1;0,1,1;0,0,1;0,1,1;1,0,0;0,1,1;0,0,1;0,1,1;0,1,0
1,0,0;0,1,0;1,0,1;0,1,0;0,1,1;1,1,0;1,0,1;0,1,0;0,0,0;0,0,1
0,0,0;0,0,1;0,0,0;1,1,0;1,1,0;1,0,0;1,1,1;1,1,0;1,0,1;0,0,1
0,1,0;1,1,0;0,0,1;1,0,1;1,1,0;0,0,1;0,0,1;1,1,0;1,0,1;1,0,1
1,0,0;0,0,1;1,0,1;0,0,1;1,1,0;1,0,0;1,0,1;0,0,0;0,0,1;1,0,0
1,1,0;0,0,0;0,0,1;0,1,1;1,1,0;0,0,1;1,0,0;0,1,0;1,0,1;1,1,0
0,0,0;0,1,0;1,1,1;1,0,0;1,0,1;1,1,0;1,0,0;0,1,0;0,1,1;0,0,1
1,0,1;1,0,1;1,1,0;1,1,0;0,1,0;0,0,1;0,0,1;0,0,1;1,0,0;1,0,0
0,0,1;0,0,1;1,1,0;1,0,0;0,0,1;0,1,1;1,0,1;0,0,0;0,1,0;1,0,1
1,1,0;0,1,0;1,0,1;0,1,1;1,1,1;1,0,0;1,1,1;1,0,0;0,0,0;1,0,0
1,1,1;1,1,0;1,1,0;0,0,0;1,1,0;1,1,1;1,1,0;0,0,1;1,0,1;0,1,0
0,1,0;1,1,1;0,1,0;0,1,0;1,0,1;1,1,0;0,1,1;0,1,0;1,0,1;0,0,1
0,1,1;0,0,0;0,1,1;0,0,1;1,1,1;1,0,0;0,0,1;0,1,0;1,1,1;1,1,0
1,1,0;1,0,0;1,0,1;0,1,1;0,0,0;1,1,0;0,1,1;1,1,1;0,0,1;0,0,0
1,0,0;0,1,0;1,1,0;1,1,1;0,1,0;0,1,0;0,0,0;0,0,0;0,0,1;0,1,1
0,1,0;1,0,1;1,0,0;1,0,1;0,1,1;0,0,0;0,0,0;0,1,1;1,1,1;1,1,1
1,0,1;1,0,1;1,0,1;1,1,0;0,1,1;1,0,1;1,1,1;0,1,0;0,1,0;1,1,1
0,1,1;0,1,0;1,0,0;0,0,1;1,1,1;1,0,0;0,0,0;0,1,0;1,0,0;1,1,1
1,0,1;1,1,0;1,0,1;1,1,0;1,1,1;1,0,0;1,1,1;0,0,1;1,0,1;0,0,0
0,0,1;0,0,0;1,1,1;1,0,0;0,1,0;0,0,1;0,0,1;0,1,0;1,0,0;1,1,0
0,1,0;0,1,1;1,0,0;1,1,0;1,1,0;0,1,1;0,0,0;1,1,0;1,0,0;0,1,0
0,0,0;1,0,0;0,0,0;1,1,0;1,1,1;0,0,0;1,0,1;0,1,1;1,0,0;0,1,1
1,0,0;1,1,1;0,0,1;0,1,0;1,0,0;0,1,1;1,0,1;1,1,0;1,0,1;0,0,0
0,1,0;0,0,0;0,1,0;0,0,1;0,1,1;1,0,1;0,1,0;0,1,0;0,0,1;0,0,0
1,1,1;0,0,1;0,0,1;0,0,0;0,1,1;0,0,1;0,1,0;0,1,0;0,0,0;1,0,1
1,1,0;0,1,0;0,0,0;0,1,1;0,0,0;0,1,0;1,1,0;0,0,0;0,1,0;1,1,0
1,1,1;1,1,0;0,1,1;0,0,0;0,0,1;1,1,0;1,1,0;0,0,1;0,1,1;0,1,1
1,1,0;0,1,1;1,1,0;1,1,0;1,0,0;0,0,0;0,0,0;1,1,0;1,1,0;1,0,1
1,0,1;1,0,1;1,1,1;1,0,1;0,1,1;1,1,0;1,0,1;0,1,1;1,1,1;0,1,0
1,1,0;0,0,0;1,1,0;1,1,1;0,0,0;0,0,1;1,0,0;1,0,0;0,0,0;1,1,1
0,0,0;0,1,1;1,0,0;1,0,0;0,0,0;1,1,1;0,0,0;0,1,0;0,0,1;0,0,1
1,0,0;1,1,0;0,0,1;1,0,0;0,0,1;1,0,1;0,1,0;1,0,1;0,1,0;1,1,0
0,0,1;1,1,0;1,1,0;0,0,0;1,0,1;1,0,1;1,0,1;1,0,1;0,1,0;0,0,0
1,1,0;1,0,0;1,0,1;1,0,0;1,0,1;0,1,0;0,1,0;1,1,0;0,0,0;1,0,1
1,0,1;0,1,0;0,0,0;0,1,1;1,0,1;0,0,1;1,0,1;1,0,1;0,0,1;1,0,1
0,0,1;1,1,1;0,0,0;0,1,1;1,0,1;0,1,1;0,0,0;0,0,0;1,1,0;1,1,0
0,1,0;1,1,0;0,1,1;0,1,1;0,0,1;1,0,0;0,1,1;1,1,0;1,0,1;1,0,0
0,1,0;1,1,1;1,0,0;0,0,0;1,0,1;1,1,0;1,1,1;1,0,0;1,0,1;0,0,1
0,0,0;1,1,1;1,1,1;0,1,0;0,0,1;1,0,0;1,0,0;1,1,0;0,0,0;1,1,0
1,1,1;1,0,0;1,1,1;0,1,1;0,1,1;1,0,0;1,0,0;0,0,1;0,0,0;0,0,1
0,1,0;1,1,0;0,1,1;1,0,1;0,0,0;0,0,1;1,0,1;0,0,0;1,1,1;0,1,1
1,1,0;0,1,0;0,1,0;0,0,1;0,1,0;0,1,0;0,1,1;0,1,0;1,1,1;0,0,1
1,1,1;0,0,1;1,1,1;1,1,1;0,0,1;0,0,1;1,0,0;1,1,0;1,1,1;0,1,0
0,1,1;0,0,1;0,1,1;1,1,1;1,1,1;0,1,0;0,0,1;1,0,0;0,1,1;0,1,1
0,1,0;1,1,1;1,0,1;0,1,0;0,1,0;0,0,0;0,0,1;0,0,1;0,1,1;1,0,1
1,0,1;0,0,0;0,1,0;0,1,1;1,1,1;1,1,0;0,1,1;0,0,0;1,0,1;1,1,0
0,1,1;1,0,0;0,1,0;1,0,1;1,0,1;1,0,0;1,0,0;0,1,0;1,0,0;0,1,1
1,0,1;0,0,0;0,0,1;0,1,0;0,1,1;1,0,1;0,1,0;0,0,1;0,0,0;0,1,0
1,1,0;0,1,1;1,1,1;1,1,1;1,0,1;0,1,0;1,1,0;1,1,1;0,1,1;1,0,0
1,0,1;1,1,1;1,1,1;0,1,0;0,1,1;0,0,0;0,1,1;0,0,1;0,1,0;1,0,1
0,0,0;1,1,0;0,0,1;1,0,0;0,1,1;0,1,0;1,1,1;0,0,1;1,0,1;1,0,0
0,0,1;0,0,0;0,1,0;0,0,0;1,1,0;0,0,0;1,0,1;0,1,0;0,0,0;1,0,0
0,1,0;1,1,1;0,0,0;1,1,0;1,1,0;0,0,1;1,1,0;1,0,0;0,0,0;1,1,1
1,0,1;1,1,1;1,0,0;0,0,0;1,0,1;0,1,1;0,1,1;0,0,0;1,1,0;1,1,1
0,0,1;1,1,0;1,1,1;0,1,1;0,0,0;0,1,0;0,0,0;1,0,1;0,0,0;1,0,0
1,1,1;1,0,1;0,1,0;0,0,1;1,0,0;1,0,0;0,1,0;0,0,1;0,1,0;1,0,1
1,0,1;0,0,0;0,0,1;1,1,1;0,1,1;1,0,0;0,0,1;0,1,0;0,1,1;1,0,1
0,0,1;0,0,1;0,0,1;0,1,0;1,1,0;1,0,1;1,0,1;1,1,1;0,1,1;0,0,0
0,1,1;0,1,1;1,1,0;1,0,1;0,0,1;0,1,0;0,1,1;1,0,0;0,0,0;0,0,1
0,0,1;0,1,0;1,1,0;1,0,1;1,1,0;0,0,1;1,0,1;0,0,1;1,1,1;1,0,1
0,1,1;0,1,1;1,0,1;0,1,0;1,1,1;0,1,1;0,1,1;1,1,0;1,0,1;1,0,1
0,0,1;1,0,0;0,0,1;1,0,0;0,0,0;1,1,0;0,1,1;1,0,0;1,1,1;0,0,1
1,1,1;0,1,1;0,0,1;0,0,1;0,1,1;1,1,0;1,0,1;0,0,0;0,1,1;0,1,0
0,0,0;0,1,0;1,1,0;1,0,1;0,0,0;0,0,1;0,0,0;1,1,1;1,1,0;1,1,1
0,1,1;0,1,1;1,0,0;1,0,0;1,0,0;0,1,0;0,1,0;0,1,1;1,0,1;0,0,0
1,1,0;0,1,0;0,0,0;1,0,0;1,0,1;1,1,1;0,1,1;0,1,1;0,0,0;0,0,0
1,0,1;0,1,0;1,1,1;1,0,0;1,1,1;0,1,1;1,1,1;0,1,0;1,1,0;0,1,0
1,0,0;0,0,0;0,0,0;0,1,0;1,0,1;1,1,0;0,0,0;0,1,1;0,1,0;1,0,0
0,1,0;1,0,1;0,0,0;1,1,0;0,0,1;0,1,1;0,0,0;0,0,1;1,0,1;0,0,1
1,1,0;0,1,1;1,1,1;1,0,1;1,1,1;0,0,0;1,1,1;0,0,1;0,0,1;1,1,0
0,0,1;0,0,1;0,1,0;1,0,0;0,0,1;1,0,0;1,1,1;0,0,0;1,1,1;1,1,0
0,1,1;1,0,1;0,1,1;1,0,0;0,0,1;0,0,0;1,0,0;1,1,0;1,0,0;1,0,1
0,1,0;0,1,1;1,1,0;0,1,0;0,1,0;1,0,1;0,0,0;0,0,0;1,0,0;0,0,1
1,1,0;0,1,0;0,1,1;0,1,1;0,1,1;0,1,1;0,1,0;0,0,1;0,0,1;1,1,0
1,1,0;0,0,1;0,0,0;1,1,0;1,1,1;0,1,0;0,1,1;0,0,0;1,1,1;1,0,1
1,0,1;1,1,0;1,1,0;0,1,1;0,0,0;1,0,1;0,0,1;0,0,0;1,0,1;0,0,0
1,1,1;0,0,0;0,1,0;1,0,1;1,1,1;1,1,0;1,1,0;1,0,0;1,0,0;0,0,0
1,0,0;0,1,1;1,0,0;0,1,0;0,0,1;1,1,1;0,1,0;0,0,0;0,0,0;0,0,0
1,1,1;0,0,1;1,1,0;0,1,1;0,1,1;0,1,1;1,1,0;1,1,1;0,1,1;0,0,1
1,0,1;1,1,1;0,0,0;0,0,1;0,0,1;0,0,0;0,1,0;0,1,0;1,1,1;1,0,1
1,0,1;1,0,0;0,0,0;1,0,0;1,0,1;0,0,0;1,0,0;1,1,1;1,0,0;1,0,0
1,0,1;1,0,0;1,0,0;0,0,1;1,1,0;1,0,1;1,0,0;1,0,1;0,0,1;1,1,1
0,0,0;0,0,1;1,0,1;0,1,1;0,1,1;1,0,0;1,1,0;0,1,0;1,1,1;0,1,1
0,1,1;0,0,1;0,1,1;0,1,1;0,0,0;0,1,1;1,0,1;0,0,0;0,0,1;1,0,1
1,0,0;0,1,1;1,1,1;1,1,1;0,0,1;1,0,1;1,0,1;1,1,0;0,1,0;0,0,0
1,0,1;0,1,0;0,1,0;1,1,0;1,0,1;1,0,1;0,0,1;0,0,1;0,0,1;1,1,1
0,0,0;0,0,1;0,0,0;0,0,0;0,0,0;1,1,0;1,0,0;0,0,1;1,1,0;1,0,0
1,1,0;0,0,1;1,1,0;1,1,0;1,0,1;0,0,1;1,1,1;1,0,1;1,0,1;0,0,1
0,0,1;0,0,1;1,0,1;1,0,1;0,0,1;0,0,1;0,0,1;0,0,1;0,1,0;1,0,1
1,1,0;1,1,1;1,0,0;0,1,0;1,0,1;1,1,0;0,0,0;0,0,1;0,0,0;1,1,0
1,0,0;1,1,1;0,1,1;1,1,0;1,1,1;0,1,0;1,0,0;1,1,1;1,1,1;1,0,1
1,1,1;1,0,0;0,1,0;0,1,0;0,0,0;1,0,0;1,1,0;1,0,1;1,1,1;1,0,0
0,0,1;1,0,1;1,0,0;1,1,1;0,1,1;0,0,0;0,0,0;0,0,0;0,1,1;1,0,0
1,1,1;0,1,1;0,0,1;0,0,0;0,1,1;0,1,0;1,0,0;0,1,0;0,0,1;1,1,1
0,1,0;0,1,0;1,1,0;1,0,1;1,0,1;1,0,1;1,0,0;1,0,1;1,0,1;0,1,1
0,0,1;0,1,0;1,1,0;1,0,1;0,0,1;0,0,1;1,1,0;1,1,0;1,0,0;0,0,0
0,0,0;0,0,0;1,1,1;1,1,1;0,1,1;1,1,1;0,0,1;0,1,0;1,0,1;1,1,1
1,1,1;0,0,1;0,1,1;1,0,1;1,0,0;0,0,0;1,0,1;1,0,0;0,1,0;0,0,1
1,1,0;0,1,0;1,0,0;0,1,1;1,0,0;1,0,0;1,1,1;0,1,0;1,1,0;1,1,0
0,0,0;1,1,1;1,0,0;1,0,0;0,1,1;1,0,1;0,0,1;1,0,0;0,0,0;1,1,0
1,0,1;1,1,0;1,1,1;0,0,1;1,0,1;0,0,1;1,0,0;1,0,0;1,0,1;0,0,1
0,1,1;0,1,1;1,1,0;1,0,1;0,0,1;0,0,1;0,0,0;0,0,1;1,1,0;0,0,0
0,1,0;0,1,0;1,1,1;1,1,1;1,0,1;1,0,0;1,0,1;0,1,1;1,0,1;0,1,0
1,0,1;0,0,0;1,0,1;1,1,0;1,1,0;1,1,1;0,1,0;0,1,1;0,0,0;0,1,1
1,0,0;1,1,1;0,1,0;1,1,0;0,1,1;1,1,1;0,0,1;1,1,1;0,1,1;1,1,0
0,0,1;1,0,1;1,1,1;0,1,0;0,1,1;1,0,1;1,0,1;0,0,0;1,1,0;0,1,0
0,1,1;1,1,1;0,0,0;0,1,1;1,0,0;1,1,1;1,0,1;0,1,1;1,0,1;0,1,1
0,1,0;0,0,0;1,0,1;0,0,1;1,0,0;0,1,0;1,0,0;0,1,0;0,0,0;0,0,0
0,0,1;1,1,0;1,0,0;0,0,0;0,1,0;0,0,0;1,0,1;0,0,1;0,0,1;0,1,0
0,0,0;0,0,0;1,0,1;1,0,1;1,1,0;0,1,1;1,1,0;0,1,1;0,1,0;0,1,0
1,1,0;1,0,0;1,0,0;1,0,1;0,0,0;1,1,1;1,0,1;0,0,1;1,1,1;0,0,0
1,1,1;1,1,1;1,0,1;1,1,1;0,1,1;1,1,0;0,0,0;1,1,1;1,0,0;0,1,0
0,0,0;0,1,1;0,0,0;1,1,1;1,1,1;1,0,1;0,1,0;1,0,1;1,1,0;1,0,0
0,1,0;0,0,0;1,0,1;0,0,1;1,0,1;1,1,1;1,1,0;1,0,1;1,0,0;1,0,0
0,1,1;1,1,0;0,0,1;0,0,1;0,0,0;1,1,1;0,1,0;1,0,1;1,1,1;0,0,1
0,0,0;0,1,1;1,1,0;1,0,0;1,1,0;1,0,0;0,0,0;0,0,0;0,1,0;0,1,0
0,0,0;1,1,1;0,0,1;1,1,0;0,0,1;0,0,1;0,0,1;0,0,0;0,0,1;1,0,1
1,0,0;0,0,1;1,1,1;0,1,1;0,1,0;0,0,0;1,0,0;0,1,1;0,1,1;1,1,0
1,1,1;0,0,0;0,0,0;1,1,0;1,1,1;0,0,1;1,0,0;1,1,0;0,0,0;1,1,0
0,0,1;0,1,0;1,0,0;1,0,0;1,0,1;0,0,0;1,0,0;0,0,1;0,0,1;0,0,1
0,1,1;0,0,0;1,1,0;0,1,0;0,0,1;0,1,1;0,0,0;0,0,0;0,1,0;0,1,1
0,0,1;0,0,1;1,0,0;1,0,0;0,1,1;0,1,1;0,1,1;0,0,1;1,1,0;0,1,0
0,1,0;0,0,0;1,1,1;1,0,0;0,1,0;1,0,1;0,1,0;1,1,0;0,0,1;0,0,1
0,0,0;0,0,1;1,0,0;1,0,1;0,1,1;0,1,0;1,0,1;0,0,0;1,1,1;1,0,1
0,1,0;1,1,1;0,0,1;1,0,1;1,0,0;0,0,0;1,1,1;0,0,1;1,0,1;1,0,1
1,1,1;1,0,1;0,0,1;0,0,0;0,0,1;1,1,0;0,0,1;0,0,0;1,1,1;0,0,0
1,0,0;1,0,1;1,0,1;1,1,1;1,0,0;0,1,1;1,1,0;0,0,0;1,1,1;1,1,0
0,1,1;0,1,1;0,1,1;0,0,0;0,0,0;1,0,1;1,1,0;1,1,0;0,1,1;0,1,1
1,1,0;0,0,1;1,1,1;0,0,1;1,0,0;1,0,0;0,0,1;0,0,0;0,1,1;0,0,1
0,0,0;1,0,0;1,1,0;0,0,0;1,1,1;1,1,1;0,0,0;1,1,0;0,0,1;0,0,1
1,0,0;0,0,1;0,1,0;0,1,1;1,0,1;1,1,1;1,1,0;1,1,1;1,0,1;1,0,1
1,1,0;1,0,0;1,1,0;0,0,1;0,0,1;1,0,0;0,0,0;0,0,0;1,1,1;1,1,0
0,1,0;1,1,1;0,1,0;1,1,0;0,0,0;0,0,1;1,0,1;0,0,1;1,0,0;1,1,0
1,0,1;1,1,0;0,0,0;1,0,0;1,0,1;1,0,1;1,0,0;0,0,1;0,0,0;0,1,0
1,0,0;0,1,1;0,1,0;1,0,0;1,1,1;0,0,1;1,0,0;1,0,0;0,0,1;0,0,1
0,0,0;1,0,0;1,1,1;1,0,0;0,1,1;1,1,0;1,0,0;0,0,0;1,1,1;0,0,0
1,0,1;1,1,1;0,0,0;0,0,0;1,0,0;0,1,0;0,0,1;1,0,0;1,1,1;1,0,1
1,1,1;1,0,0;1,1,1;1,0,1;1,1,1;0,0,1;1,1,1;1,1,1;0,0,0;0,0,0
1,1,0;0,0,1;0,1,1;1,0,1;1,0,0;0,0,0;0,0,1;1,1,1;0,0,1;0,1,0
1,0,1;0,1,1;1,0,0;1,0,0;0,1,1;1,1,1;1,1,1;1,0,0;0,0,1;1,0,1
0,0,1;1,1,0;1,1,1;1,0,1;1,0,0;1,1,0;1,0,0;0,0,1;1,0,0;1,1,1
0,1,0;0,0,1;0,1,0;1,0,1;0,0,0;1,1,1;0,1,0;1,1,1;0,0,0;1,0,1
1,1,0;0,0,1;0,1,0;1,1,1;1,1,1;1,0,1;1,0,0;1,0,1;1,0,1;1,1,0
0,0,0;0,1,1;1,0,1;1,1,0;0,0,1;1,0,0;1,1,1;0,0,1;1,0,1;0,0,1
0,1,1;0,1,0;1,0,0;0,0,0;1,1,1;1,0,0;0,0,0;1,0,0;0,1,1;1,1,1
1,1,0;0,1,0;1,1,1;0,1,1;1,0,0;1,1,1;1,0,1;0,0,0;0,1,0;1,1,0
0,0,1;1,0,0;1,0,1;0,0,1;0,0,0;0,1,1;1,0,1;1,0,0;0,1,0;0,1,1
0,1,1;0,0,1;0,0,1;0,1,0;1,1,1;0,0,1;1,1,1;0,1,0;0,1,1;1,1,1
0,1,1;1,0,1;1,0,0;0,1,1;0,0,1;0,0,0;1,0,1;1,0,0;1,0,1;0,1,1
0,1,0;0,0,0;0,0,1;0,0,1;0,1,0;1,1,0;0,1,1;1,1,1;1,0,1;0,0,1
0,1,1;1,1,0;1,1,1;1,0,1;1,1,0;1,0,1;1,0,1;0,0,1;0,0,1;0,0,0
1,1,1;0,0,0;0,1,0;0,0,1;0,1,1;1,0,0;1,0,1;1,0,0;0,0,0;1,0,1
1,1,0;0,1,1;0,0,1;1,1,0;1,0,0;1,1,1;0,1,1;1,0,0;0,1,0;1,1,1
0,0,0;0,1,0;0,1,0;0,1,1;1,1,0;0,1,1;1,0,1;1,0,0;0,0,1;1,1,0
0,0,1;0,0,1;1,1,1;0,1,0;0,1,0;1,1,0;1,0,0;0,0,1;0,1,1;0,0,1
0,0,0;1,0,0;0,0,0;1,0,1;1,1,1;0,1,0;0,1,0;1,0,0;1,1,1;1,0,0
0,0,0;0,0,0;1,0,1;1,1,0;0,1,1;1,0,0;1,1,0;1,0,0;1,1,0;0,0,0
0,1,0;0,1,0;1,0,0;0,0,1;1,0,0;1,0,0;0,0,1;1,1,0;1,1,0;0,0,1
0,1,1;1,0,0;1,1,0;0,1,1;0,1,0;0,0,0;0,1,0;1,0,1;1,1,0;1,0,1
1,1,1;0,1,0;0,1,0;1,1,1;1,0,0;1,0,1;0,1,1;1,1,0;0,0,1;0,0,0
0,1,0;1,1,0;0,0,1;1,1,1;1,1,1;0,1,1;1,1,0;1,0,1;0,0,0;1,0,0
1,0,0;1,0,1;0,0,1;0,1,1;0,1,1;1,1,1;0,1,0;1,1,1;0,0,0;0,0,1
1,1,0;0,1,1;1,0,0;0,0,0;1,1,0;1,0,0;1,1,1;1,1,0;0,1,0;1,1,0
0,0,0;1,0,1;0,1,0;1,1,1;1,1,1;1,0,0;1,1,0;1,0,0;1,0,1;0,0,1
1,0,1;0,1,1;0,0,1;1,0,1;1,1,0;1,0,1;1,0,0;1,0,1;0,0,1;0,1,0
0,1,1;0,1,0;1,1,0;1,0,0;1,0,1;1,0,1;1,0,0;0,0,0;0,0,0;1,1,0
0,1,0;0,0,0;1,1,1;0,1,0;0,1,1;1,0,0;0,1,0;0,1,0;0,1,0;0,1,0
0,1,1;0,1,1;1,1,0;1,1,1;1,1,0;1,0,0;0,0,0;1,0,1;1,1,0;1,0,0
0,1,0;0,0,1;0,0,0;1,1,1;1,1,1;1,1,1;0,1,0;0,0,1;1,1,0;1,1,1
1,0,1;1,1,0;1,1,1;1,1,1;0,0,1;0,1,0;0,1,0;1,1,0;0,0,0;1,1,0
0,0,0;0,1,1;1,0,0;0,0,0;1,0,1;0,1,1;0,1,1;0,0,0;0,1,1;1,1,0
0,0,0;0,0,1;0,1,0;1,0,1;0,0,1;0,1,1;0,0,0;0,1,0;1,0,1;1,1,0
0,1,0;0,0,0;0,0,1;0,0,0;1,0,0;1,0,0;0,0,0;1,0,0;0,1,1;0,0,1
0,1,1;0,0,0;1,1,0;1,1,1;1,1,0;0,1,0;0,1,0;1,0,1;0,0,0;1,0,1
0,0,1;1,0,0;1,1,1;1,1,1;0,1,0;1,0,1;1,1,1;1,0,0;1,1,0;0,1,0
1,0,0;1,1,0;1,0,1;1,0,0;1,1,0;1,0,0;1,1,0;1,0,0;1,0,1;1,1,1
1,1,0;1,0,0;1,1,1;1,1,1;0,1,0;1,0,1;1,0,1;1,1,0;1,1,1;1,0,1
1,0,0;0,1,1;0,0,1;0,0,1;0,1,1;1,1,0;0,0,1;0,0,1;1,0,0;1,1,0
1,1,0;0,1,1;1,0,1;0,1,0;1,1,0;0,0,1;0,0,0;0,0,1;0,1,1;0,0,0
0,1,0;1,0,0;1,1,0;0,1,1;1,0,1;1,1,1;0,0,0;1,0,1;1,0,0;0,0,0
1,0,0;0,1,1;0,1,0;0,0,1;1,0,0;0,1,1;0,1,1;0,0,0;0,1,1;0,0,1
1,0,0;0,1,1;0,0,0;1,0,0;0,1,1;1,1,1;1,0,0;1,1,1;0,1,0;0,1,1
0,0,0;1,1,1;1,1,1;1,0,0;1,1,1;0,0,1;1,1,1;1,1,1;1,0,0;1,0,0
0,0,0;1,0,0;1,1,1;0,1,1;0,1,0;0,0,0;1,1,1;1,1,1;1,1,0;0,0,0
0,0,1;0,0,0;1,1,0;1,1,1;1,1,0;0,1,1;1,1,0;0,0,1;1,0,1;1,1,1
0,0,0;0,1,1;0,1,1;0,1,1;1,0,0;1,0,0;1,0,1;1,1,0;0,1,0;1,1,0
0,1,1;1,0,0;0,0,0;0,1,0;1,0,1;1,0,1;0,1,1;1,0,0;0,0,0;1,0,0
1,1,0;1,1,0;1,1,1;0,0,1;1,0,0;1,1,1;0,1,0;0,1,1;0,0,0;0,0,1
0,0,0;0,1,1;0,1,1;0,0,0;0,1,1;0,1,0;1,1,1;1,0,0;0,0,0;0,0,0
1,1,1;0,1,1;0,1,1;0,0,0;1,1,0;0,0,0;0,0,0;0,0,0;1,0,0;0,1,1
1,0,1;0,0,0;0,0,1;0,1,0;1,0,0;0,0,0;1,0,0;1,1,1;0,0,1;0,1,0
1,0,1;0,0,1;0,0,0;1,0,1;0,1,1;1,1,0;1,0,1;0,0,0;0,1,0;1,1,1
0,0,0;1,1,0;1,0,1;1,0,0;1,0,0;0,1,1;0,1,1;1,1,1;0,0,0;1,0,1
0,0,0;1,1,1;0,1,0;0,1,1;0,1,0;1,0,1;0,0,0;0,1,0;0,0,1;1,1,0
0,1,0;0,1,0;1,0,0;1,1,1;1,1,0;0,0,0;1,0,0;1,0,1;0,0,0;0,1,1
1,1,0;1,0,0;0,1,0;0,0,0;1,0,1;0,1,0;1,1,0;1,1,0;0,1,0;0,1,0
1,0,1;1,1,0;0,0,1;0,0,1;1,0,0;0,0,1;1,0,0;0,1,0;0,0,0;1,0,1
1,1,0;0,0,1;0,1,1;0,0,1;0,1,0;0,1,1;0,1,0;1,1,0;1,1,0;0,0,1
0,1,0;1,0,0;1,1,0;0,1,0;1,1,1;1,0,0;0,1,0;1,1,0;0,1,0;1,1,0
0,1,0;1,0,1;0,0,1;0,1,1;0,0,1;1,0,0;0,0,0;1,0,0;1,0,1;1,0,1
1,0,0;0,1,1;1,1,1;0,1,1;1,0,0;1,0,0;1,0,0;0,0,0;0,1,0;0,0,1
1,0,0;1,1,0;1,1,1;0,0,1;1,0,1;1,0,1;1,0,1;1,0,0;0,0,1;0,0,1
1,1,0;1,0,0;1,0,0;1,1,1;0,1,1;0,0,1;1,1,0;1,0,1;0,1,1;1,0,1
0,1,1;0,1,1;0,1,0;0,1,1;1,0,0;0,0,0;0,0,0;0,1,0;1,1,0;0,0,1
1,1,0;0,0,1;0,0,1;0,1,1;1,1,1;0,1,0;0,1,0;1,1,0;0,0,1;1,0,1
0,1,1;0,1,1;1,1,0;1,0,0;1,0,0;1,0,1;0,0,1;0,0,1;1,1,0;1,0,0
1,0,1;0,0,0;0,0,0;1,0,0;1,1,0;1,1,1;0,0,0;1,0,1;0,1,0;0,0,1
1,1,1;1,0,0;1,0,1;1,0,1;1,1,1;0,1,0;1,0,1;1,0,0;1,1,1;0,0,0
1,0,0;0,1,0;1,1,0;1,0,0;0,0,1;1,1,0;0,1,1;1,1,0;0,1,1;1,0,1
0,0,0;0,1,0;0,0,1;0,0,1;0,1,1;0,0,1;1,0,1;1,1,1;1,0,0;0,0,0
1,0,0;0,1,1;0,0,1;0,1,0;0,0,1;1,0,1;1,0,1;0,0,0;0,1,1;1,1,0
1,1,0;1,1,0;0,0,1;1,0,0;1,1,1;0,1,0;0,1,0;0,0,1;1,1,0;0,1,1
1,0,1;0,0,0;0,0,1;1,0,1;0,0,0;1,1,1;0,1,1;1,1,0;1,1,0;1,1,1
0,1,1;1,1,1;1,0,1;1,1,1;1,1,1;1,0,0;1,0,1;1,0,0;0,1,1;0,0,1
1,1,0;0,0,0;1,1,0;0,1,0;0,1,0;1,0,0;1,0,0;0,1,0;0,1,1;1,1,1
0,0,1;0,1,1;0,0,1;1,1,1;1,0,1;0,0,1;0,0,0;1,1,1;0,1,0;1,1,0
1,0,1;1,1,0;0,1,0;0,1,0;0,1,0;0,0,0;1,0,1;1,0,1;0,1,1;0,0,0
1,0,0;1,1,1;0,1,0;1,0,0;0,0,0;0,0,0;0,1,1;0,1,1;1,1,0;1,0,1
0,0,0;1,0,1;0,0,0;1,0,0;1,1,1;0,0,0;1,0,1;1,1,1;0,1,0;1,1,0
1,1,0;0,1,1;1,1,1;0,0,0;0,1,0;1,0,0;1,1,0;0,0,0;1,0,0;0,1,0
1,0,0;1,1,1;0,1,1;0,1,0;0,1,0;0,1,1;0,1,1;0,1,1;1,1,0;0,0,0
1,0,1;1,0,1;0,1,0;1,1,1;1,0,1;1,1,0;0,1,1;1,1,0;1,0,1;1,1,1
1,1,1;0,0,1;1,1,0;0,1,0;1,1,1;0,0,1;0,0,1;1,0,0;1,0,1;0,0,1
0,0,1;0,0,0;0,0,1;1,0,0;1,1,0;0,0,0;1,1,1;1,0,0;0,0,0;0,0,0
1,0,0;0,1,1;0,0,0;0,1,0;1,1,0;1,1,1;1,0,0;1,1,1;0,1,1;1,0,1
1,1,0;0,0,0;1,1,0;1,1,1;1,1,0;1,1,1;0,0,1;1,0,0;1,1,0;1,0,1
1,1,0;1,1,1;1,1,0;1,0,1;1,1,0;1,1,1;0,0,0;1,1,1;1,0,0;0,0,1
1,0,1;0,0,1;1,1,0;0,1,0;1,0,0;0,1,1;0,0,0;1,1,1;1,0,0;1,0,0
0,0,1;0,1,1;0,1,1;0,1,0;0,0,0;1,1,0;1,1,0;1,1,1;0,1,1;0,1,1
1,0,1;0,0,0;1,1,1;0,1,1;1,1,0;1,1,1;0,1,0;1,0,1;1,0,1;0,1,0
0,1,1;1,1,0;1,1,1;0,1,1;1,1,1;1,1,0;0,0,1;0,0,1;0,0,0;0,0,1
0,1,0;0,0,0;1,0,0;0,1,1;0,1,1;0,1,0;1,0,1;1,0,1;0,1,0;0,1,1
1,1,1;1,0,1;0,0,0;1,0,1;1,0,1;1,1,0;1,0,0;0,0,0;0,0,0;1,0,0
1,1,1;1,1,1;1,0,1;0,1,0;0,0,0;1,0,1;0,1,1;1,1,0;0,1,0;1,1,1
0,0,0;1,0,1;0,1,0;1,0,0;1,0,1;0,1,0;0,0,1;0,1,1;1,1,1;1,1,0
1,1,0;1,0,0;1,1,0;0,1,0;1,1,1;0,1,0;0,1,0;0,1,0;0,0,0;1,1,1
1,0,1;1,1,1;1,1,0;0,1,0;0,1,0;0,0,1;0,0,0;0,1,0;0,0,1;1,1,1
0,0,1;1,1,1;1,1,0;1,0,1;0,1,1;1,0,0;1,1,0;1,0,1;0,1,1;0,0,0
1,1,0;0,1,0;0,1,0;0,0,0;0,1,0;0,1,1;1,1,0;1,0,0;1,0,0;1,0,0
1,0,1;1,1,0;0,0,1;0,0,1;1,1,1;0,0,1;0,0,1;1,0,0;0,0,1;1,1,1
1,0,1;1,1,1;0,0,1;1,0,1;1,0,1;0,0,1;1,0,1;1,0,0;1,1,1;1,0,0
1,0,1;1,1,0;1,0,0;1,1,0;1,0,1;0,0,1;0,1,0;1,1,0;1,0,0;0,0,1
0,0,0;0,0,0;1,0,0;0,1,1;1,0,0;1,1,0;1,0,1;1,1,0;1,0,0;0,0,1
1,0,0;0,0,1;0,0,0;0,0,1;1,1,0;0,1,1;0,0,1;1,1,1;0,0,1;1,0,0
1,1,0;1,0,1;1,0,0;1,1,0;0,1,1;1,0,0;0,0,1;1,1,0;0,1,0;0,0,1
1,0,1;1,1,1;0,0,1;0,0,1;1,0,0;1,0,0;0,1,1;0,0,0;0,0,1;1,0,0
0,0,0;0,1,0;1,0,0;0,1,1;0,1,1;1,1,0;0,1,0;1,1,0;0,1,0;1,1,1
0,1,0;0,1,0;0,1,1;0,0,1;1,1,1;1,1,0;0,1,0;0,0,0;1,0,1;1,0,1
0,1,0;1,1,0;0,1,0;0,1,0;0,0,0;0,0,1;0,1,0;1,1,0;0,0,1;0,1,1
0,1,0;0,0,1;1,0,1;1,1,0;1,1,1;1,0,1;1,1,1;0,0,0;0,1,0;1,1,0
1,0,0;1,1,0;1,1,0;1,1,1;0,0,0;1,0,0;1,1,1;1,0,1;0,0,1;0,1,0
1,1,1;1,0,1;0,1,0;1,0,1;0,1,1;1,0,1;0,1,0;0,0,1;0,0,0;1,0,0
0,0,1;1,1,1;1,0,0;1,1,0;0,1,0;1,1,1;1,1,1;0,1,0;0,0,0;1,1,1
1,1,1;0,0,0;1,1,1;0,0,0;0,1,1;0,0,0;1,0,1;0,1,0;0,0,0;1,1,0
0,1,1;0,0,0;0,1,0;1,1,1;0,1,0;0,0,0;0,0,0;0,0,1;1,1,0;1,1,1
1,1,0;1,0,0;1,1,0;0,0,1;1,0,0;0,0,1;1,0,1;0,1,0;1,1,0;0,1,1
0,1,0;0,1,1;1,1,1;0,1,1;0,1,0;0,1,0;1,1,1;0,1,1;1,0,0;1,1,0
1,1,1;0,1,1;1,0,1;0,1,1;0,0,1;1,0,1;1,0,0;1,1,0;0,1,1;1,1,1
1,0,0;1,1,1;1,1,0;0,1,0;0,1,1;1,1,1;1,1,0;0,1,1;0,1,0;1,0,0
0,0,0;1,1,0;0,0,0;0,1,1;1,0,1;1,1,1;1,1,1;1,0,0;1,1,1;0,1,1
1,0,1;0,1,0;1,1,1;1,1,1;1,0,1;0,0,0;0,1,0;0,1,0;0,1,1;1,0,1
1,0,0;0,1,0;0,1,0;0,1,0;1,0,0;0,1,0;1,1,0;1,0,1;0,0,1;1,1,0
0,0,0;0,0,1;1,0,1;1,1,0;0,0,1;1,1,0;1,0,0;1,0,0;1,1,0;1,0,1
0,0,0;1,0,0;1,0,0;0,0,1;1,0,0;1,1,1;1,0,0;1,1,0;0,1,1;1,1,1
1,1,1;0,0,1;1,0,1;1,1,0;1,0,1;0,1,1;0,0,1;0,0,0;1,1,1;0,0,0
0,0,1;1,0,0;1,1,1;0,1,1;1,0,1;1,1,1;0,1,0;0,1,0;0,0,1;1,0,1
1,1,0;0,0,0;0,1,0;1,0,1;1,0,0;1,0,1;0,0,1;0,0,0;1,1,1;0,1,0
1,1,0;1,0,1;1,1,1;1,0,0;1,1,1;0,1,0;0,0,0;0,0,1;1,0,1;1,0,0
0,1,1;1,0,1;0,1,1;0,1,0;0,0,0;0,1,0;0,0,1;1,0,1;0,0,1;1,1,1
1,1,1;0,0,1;1,0,0;0,0,0;0,1,1;1,1,1;1,0,1;1,0,0;0,0,1;1,1,0
0,1,1;0,1,0;0,0,0;0,1,0;1,0,0;1,0,1;0,1,1;0,1,1;1,0,0;0,0,1
0,0,0;0,1,0;1,1,1;1,1,1;0,0,0;1,1,0;0,1,1;1,1,1;0,1,1;0,0,0
0,0,1;0,0,0;0,0,1;0,1,0;0,1,0;0,1,0;1,1,1;1,1,1;0,0,1;0,1,0
1,1,0;0,1,0;1,0,0;0,1,0;0,0,1;1,1,1;0,1,1;0,1,0;1,1,0;1,1,1
0,1,0;1,0,1;1,1,0;0,1,0;0,0,1;0,1,0;0,1,0;1,0,0;0,0,0;1,1,1
1,0,1;1,0,0;0,1,0;1,0,0;1,1,1;1,1,0;1,0,1;0,0,1;0,0,1;1,0,1
1,1,0;1,0,0;1,1,1;1,1,1;0,0,1;0,0,1;0,1,1;1,0,1;0,0,0;0,0,1
0,0,1;0,0,0;0,0,0;0,1,0;1,1,1;1,0,0;1,0,0;1,1,1;1,1,0;0,1,0
1,0,1;1,1,0;0,1,0;0,0,1;0,0,0;0,1,0;1,1,0;0,0,1;0,1,0;1,0,0
0,1,1;1,1,1;1,0,1;0,1,1;1,0,0;1,1,1;0,1,1;1,0,0;0,0,1;1,0,1
1,0,0;1,1,1;0,0,1;0,0,0;0,1,1;1,0,1;0,0,0;1,1,1;0,1,1;1,0,1
0,1,0;0,0,1;1,1,0;0,1,0;1,0,0;0,1,0;0,1,0;0,0,0;0,1,1;0,0,0
0,1,1;0,0,1;1,1,1;1,1,0;1,1,1;0,0,0;1,0,1;0,0,0;1,0,1;0,0,1
1,0,0;0,1,1;0,0,0;0,0,1;1,0,0;1,1,1;1,1,0;0,1,0;0,1,1;0,0,0
0,0,0;1,1,1;0,0,1;0,1,0;0,0,1;0,1,0;1,0,1;1,0,0;0,0,0;0,0,1
0,0,1;0,1,0;0,0,0;1,1,0;0,0,0;1,1,1;1,1,0;0,0,0;1,0,0;0,1,0
0,0,0;0,1,0;0,1,0;1,0,0;0,0,1;1,0,1;0,1,0;1,0,0;1,0,0;0,1,0
1,1,0;0,1,0;1,1,0;1,1,0;1,1,1;1,0,0;0,1,1;0,0,1;0,1,1;1,0,1
0,0,1;1,0,0;0,1,0;1,0,0;0,0,0;1,1,1;1,1,0;1,0,0;1,1,0;1,1,0
0,0,0;0,1,1;0,1,1;1,0,0;1,1,1;0,0,1;0,1,1;0,1,0;0,0,1;0,0,0
0,1,1;0,0,0;1,0,0;0,0,1;0,0,0;0,0,1;1,0,0;1,0,0;0,1,1;0,1,0
1,1,0;0,0,1;1,1,0;1,1,1;1,1,0;1,0,0;1,0,0;0,1,1;1,1,1;1,0,1
1,1,1;1,0,0;1,0,0;1,1,1;1,0,0;0,1,0;1,1,1;0,1,1;0,0,1;0,0,1
0,0,1;0,1,1;0,0,1;0,1,1;1,1,1;0,1,0;1,1,1;0,0,1;1,0,0;0,0,0
0,0,0;1,1,0;1,1,0;1,0,0;0,0,1;0,1,0;0,0,0;0,0,1;0,0,0;1,1,0
1,0,0;0,1,0;1,0,1;1,1,1;1,1,0;0,0,0;1,0,1;0,0,0;1,0,0;0,0,0
1,0,1;0,1,1;0,1,1;1,1,0;1,1,0;1,1,0;1,1,0;0,0,1;0,0,0;0,1,0
1,0,0;1,1,0;1,0,1;1,1,0;0,1,1;1,0,0;0,0,0;1,1,1;0,1,1;1,0,0
1,0,1;1,1,0;0,0,1;0,0,0;0,1,0;1,0,0;0,1,1;0,0,0;1,0,0;1,1,0
0,0,0;1,1,1;1,0,0;1,0,0;0,1,1;1,1,0;0,0,0;1,1,0;0,1,1;0,0,1
1,1,0;1,0,1;0,0,0;0,1,0;0,1,0;1,0,0;0,0,0;1,0,0;1,0,1;0,0,1
0,0,1;0,0,1;0,0,1;1,1,0;0,0,0;0,1,1;1,0,0;1,1,0;1,1,1;1,0,1
1,0,1;0,1,0;0,0,0;1,1,1;0,1,0;1,1,0;1,1,0;0,1,0;0,1,1;0,0,1
1,1,0;0,0,1;1,0,0;1,1,0;0,1,1;1,0,1;0,1,1;1,1,0;0,0,0;1,1,1
0,1,0;1,1,0;1,1,0;0,0,1;1,0,0;1,1,1;0,1,1;1,1,1;0,0,0;0,0,1
0,1,1;1,1,0;0,1,1;0,0,0;0,0,0;1,0,1;1,0,0;0,0,0;1,0,1;1,0,1
0,1,1;0,1,1;0,0,0;0,0,0;0,1,0;1,1,1;1,0,1;0,0,0;1,1,1;1,0,0
1,1,0;1,0,0;0,0,0;0,0,0;0,0,0;0,1,1;1,1,0;1,0,0;1,1,0;1,0,0
0,1,1;0,1,0;0,1,1;1,1,0;0,1,1;0,1,0;0,0,0;0,0,0;0,0,1;0,0,0
0,0,0;1,1,1;1,0,1;1,0,1;1,1,0;1,1,1;1,1,0;1,1,0;0,0,1;0,0,1
0,0,1;0,0,0;1,0,0;0,1,1;0,1,1;1,0,1;0,1,0;0,1,0;1,1,1;0,1,0
0,1,0;0,0,0;0,1,0;1,1,1;0,1,0;1,1,0;1,1,0;1,1,0;1,0,1;0,0,0
1,0,1;0,0,0;1,1,0;1,1,1;1,0,1;1,0,0;0,0,0;0,1,0;1,1,1;1,0,0
0,1,0;1,0,0;0,1,1;1,1,0;0,0,0;0,1,0;1,1,1;1,1,1;0,1,1;1,0,1
1,1,1;0,1,1;1,0,0;0,1,0;1,1,1;1,0,0;0,1,1;1,1,0;0,1,1;1,1,0
0,1,0;1,1,1;1,0,1;0,1,0;1,1,0;1,0,0;1,1,0;0,1,1;1,1,0;1,1,1
1,1,0;1,0,0;0,0,1;0,1,0;0,0,1;1,0,1;0,1,0;0,0,1;0,0,0;0,1,1
0,0,0;0,0,0;1,0,0;0,1,0;1,1,0;0,0,1;0,1,1;1,1,1;1,0,0;0,0,1
1,1,0;1,1,1;1,0,0;0,0,0;1,1,1;0,0,1;0,0,0;1,0,0;1,0,0;0,0,1
0,1,1;0,0,1;1,1,0;1,0,1;1,0,0;1,0,1;1,0,0;1,0,0;1,0,0;1,1,1
0,1,0;0,1,1;1,0,0;1,0,0;1,1,0;0,0,0;1,0,1;1,0,1;0,1,1;1,0,1
0,0,1;0,1,1;0,1,0;0,0,0;0,1,1;1,1,0;1,0,0;1,0,0;1,0,0;1,0,0
1,0,1;1,1,1;1,0,1;0,0,1;1,1,1;1,1,0;0,1,0;1,1,1;0,1,1;1,1,1
1,0,0;1,1,0;0,0,1;0,0,1;1,1,0;0,0,0;0,0,0;0,1,1;1,0,0;0,0,1
1,1,1;1,0,0;0,1,1;1,1,0;1,1,1;1,1,1;0,0,1;0,1,1;1,0,1;0,1,0
0,0,1;0,1,0;1,1,1;1,0,0;0,1,1;0,1,1;0,0,0;0,1,0;1,1,0;0,0,0
0,1,0;0,0,0;1,0,0;1,0,1;1,0,0;1,1,1;1,0,0;0,0,1;1,1,1;0,0,1
0,0,0;1,1,0;0,1,0;0,0,1;0,1,0;1,1,0;0,1,1;0,0,1;0,1,0;1,1,0
1,1,1;1,0,0;0,1,1;1,1,1;1,1,0;1,0,0;0,1,0;1,1,1;0,0,0;0,0,1
0,1,1;1,0,0;1,0,0;1,1,1;0,1,0;1,1,1;0,1,0;1,1,0;0,0,0;0,0,1
1,1,1;0,1,0;1,1,1;0,1,0;1,0,1;0,0,1;0,0,0;1,0,0;0,0,1;0,0,0
0,1,0;0,0,0;1,0,0;0,0,0;1,1,1;0,0,0;0,0,1;1,0,0;1,1,1;0,0,0
0,0,1;0,1,0;0,1,1;0,0,1;0,1,0;1,1,0;1,1,0;1,0,1;1,1,0;0,0,0
1,0,0;0,1,1;1,0,1;1,0,1;1,1,1;0,0,0;0,0,1;0,0,1;0,1,0;0,0,1
1,1,0;0,1,1;0,0,1;1,0,1;0,1,1;0,0,0;1,0,0;0,1,0;1,1,0;0,1,1
1,1,1;1,1,0;0,0,0;0,1,0;0,0,1;1,1,1;1,0,1;1,1,0;0,0,1;0,1,1
0,0,1;0,1,1;0,1,1;1,0,0;0,0,1;0,0,1;1,1,1;1,1,1;0,1,1;0,0,1
1,1,1;0,0,0;0,0,0;1,1,1;0,0,1;1,0,1;0,0,0;0,0,1;1,1,1;1,0,1
1,1,0;0,0,1;0,1,1;0,1,1;1,1,1;1,1,0;0,1,0;0,0,1;0,0,1;1,0,0
1,0,1;0,1,1;1,0,0;1,1,1;0,1,1;1,0,1;1,0,0;1,0,1;0,0,0;1,1,1
1,0,1;1,0,1;0,1,1;1,1,0;1,1,0;1,1,1;0,0,1;0,1,1;1,0,1;0,0,1
1,0,0;1,0,0;1,0,1;1,1,1;0,1,0;0,1,0;1,1,0;0,1,1;0,0,0;1,0,1
1,1,1;1,1,1;1,1,1;1,1,0;0,1,0;1,1,0;1,1,1;0,0,1;0,1,1;0,1,1
1,0,0;0,1,1;0,1,0;0,0,1;0,0,0;0,0,0;1,0,0;1,1,1;1,1,1;0,1,1
0,1,0;0,1,0;0,0,0;0,0,0;1,0,0;1,0,0;1,0,0;0,0,0;0,0,0;0,0,1
0,1,1;1,1,1;1,1,0;0,1,0;1,1,0;1,1,1;0,1,0;0,0,1;0,0,0;1,1,1
1,1,0;0,1,0;0,1,0;0,1,0;1,1,1;1,1,1;0,0,1;1,0,0;1,1,0;0,0,1
0,1,0;1,1,1;0,0,1;1,0,1;0,0,0;0,1,1;0,1,1;0,0,1;0,0,0;0,0,0
0,0,0;1,1,0;0,1,1;0,1,0;1,0,1;1,0,0;1,0,0;1,1,0;0,0,1;1,0,0
1,0,0;0,1,1;1,1,0;0,0,1;0,0,0;1,1,0;1,1,0;1,0,1;0,1,0;1,1,0
1,1,1;0,0,0;0,0,1;0,0,1;0,1,1;0,1,0;0,0,0;0,1,0;1,0,1;1,1,0
1,0,0;0,1,1;1,0,1;1,1,1;1,1,1;0,0,0;0,0,0;1,1,1;1,0,0;1,1,0
0,0,0;1,0,1;0,0,1;1,1,0;0,1,1;0,0,1;1,1,0;0,1,0;0,1,1;1,0,1
0,1,1;0,1,0;0,0,0;1,0,1;1,0,0;0,1,0;1,1,1;0,1,0;0,0,0;1,0,0
1,1,1;0,0,1;1,1,0;0,1,0;0,0,0;0,0,0;1,1,0;1,1,1;0,1,1;1,1,1
0,1,1;0,0,1;0,0,1;0,1,0;1,0,0;0,0,0;0,1,1;0,0,1;0,0,1;1,0,0
---
---
F,G,X,!,&,|
---
x0,x1,x2
---
|(F(x2),|(F(x0),F(x1)))