1,0,1;1,0,0;1,0,0;1,0,1;1,1,1;1,0,0;1,0,0;1,0,1;1,0,0;1,0,1
1,1,0;1,1,1;1,1,0;1,1,0;1,1,1;1,0,1;1,0,0;1,0,1;1,1,1;1,1,1
1,1,1;1,0,0;1,0,0;1,0,0;1,0,1;1,0,0;1,0,1;1,0,1;1,0,0;1,0,1
1,1,0;1,0,1;1,0,1;1,0,1;1,0,1;1,0,0;1,0,1;1,0,0;1,0,1;1,1,0
1,1,1;1,1,0;1,1,0;1,1,0;1,1,1;1,0,0;1,0,0;1,0,0;1,0,1;1,1,1
1,1,1;1,0,1;1,1,0;1,0,1;1,0,0;1,0,1;1,0,0;1,0,0;1,0,0;1,0,1
1,1,1;1,0,1;1,0,0;1,0,0;1,0,0;1,0,1;1,0,1;1,0,0;1,0,0;1,0,1
1,1,1;1,0,1;1,0,1;1,0,1;1,0,1;1,0,1;1,1,1;1,1,1;1,1,1;1,0,1
1,1,1;1,0,1;1,1,0;1,1,0;1,0,1;1,0,0;1,0,1;1,0,0;1,0,0;1,0,1
1,0,0;1,0,0;1,0,1;1,0,1;1,1,0;1,0,0;1,0,1;1,1,1;1,1,0;1,1,0
1,1,1;1,1,1;1,1,1;1,0,0;1,0,0;1,0,0;1,0,1;1,0,1;1,0,0;1,0,1
1,1,1;1,0,1;1,0,1;1,0,1;1,0,0;1,0,0;1,0,1;1,1,1;1,1,1;1,1,1
1,1,1;1,0,0;1,0,1;1,1,0;1,0,1;1,0,1;1,0,1;1,0,1;1,0,0;1,0,1
1,0,0;1,0,0;1,0,0;1,0,1;1,0,0;1,0,0;1,0,1;1,1,1;1,0,1;1,1,0
1,0,0;1,0,0;1,0,0;1,0,1;1,1,0;1,0,0;1,0,1;1,0,0;1,0,1;1,1,0
1,1,1;1,0,1;1,1,0;1,0,0;1,0,0;1,0,0;1,0,0;1,0,0;1,0,1;1,0,1
1,1,1;1,0,0;1,0,0;1,0,0;1,0,0;1,0,0;1,0,0;1,0,0;1,0,0;1,0,1
1,0,0;1,0,0;1,0,0;1,0,1;1,0,1;1,1,0;1,0,1;1,1,1;1,0,1;1,0,1
1,1,0;1,1,1;1,0,0;1,0,0;1,0,0;1,0,1;1,1,0;1,1,1;1,1,1;1,0,1
1,1,0;1,1,1;1,0,0;1,0,1;1,1,0;1,1,0;1,1,0;1,0,0;1,0,1;1,0,1
1,0,0;1,0,1;1,0,0;1,0,1;1,1,1;1,0,1;1,0,0;1,0,0;1,0,0;1,0,1
1,0,1;1,1,1;1,1,0;1,1,1;1,0,0;1,0,1;1,0,1;1,0,0;1,0,0;1,0,1
1,0,0;1,0,0;1,0,0;1,0,0;1,0,1;1,1,1;1,0,1;1,0,0;1,0,1;1,1,1
1,0,1;1,1,1;1,0,1;1,0,0;1,0,1;1,1,1;1,0,1;1,0,1;1,1,0;1,1,1
1,0,1;1,0,1;1,0,1;1,0,1;1,0,1;1,0,1;1,1,0;1,0,1;1,0,0;1,0,1
1,1,0;1,1,0;1,0,1;1,0,0;1,0,1;1,1,0;1,0,0;1,0,1;1,0,0;1,0,1
1,0,0;1,0,1;1,1,0;1,1,0;1,0,0;1,0,0;1,0,0;1,0,0;1,0,0;1,0,1
1,1,0;1,0,0;1,0,0;1,0,1;1,0,0;1,0,0;1,0,1;1,0,1;1,1,1;1,0,1
1,0,1;1,0,0;1,0,1;1,0,0;1,0,1;1,1,0;1,0,1;1,1,1;1,0,0;1,0,1
1,0,0;1,0,1;1,0,0;1,0,1;1,0,0;1,0,1;1,1,0;1,0,1;1,1,0;1,1,1
1,0,0;1,0,1;1,1,0;1,1,0;1,1,0;1,1,0;1,1,1;1,0,1;1,1,1;1,1,1
1,0,0;1,0,0;1,0,0;1,0,0;1,0,0;1,0,0;1,0,1;1,0,1;1,0,0;1,0,1
1,1,1;1,1,0;1,0,1;1,1,0;1,0,0;1,0,0;1,0,0;1,0,0;1,0,0;1,0,1
1,0,1;1,0,0;1,0,0;1,0,1;1,0,1;1,1,1;1,0,0;1,0,0;1,0,1;1,1,0
1,1,0;1,0,1;1,1,1;1,1,1;1,1,1;1,1,0;1,1,0;1,0,0;1,0,1;1,1,1
1,1,0;1,0,0;1,0,1;1,0,1;1,0,1;1,0,0;1,0,0;1,0,1;1,1,1;1,1,1
1,1,0;1,1,0;1,0,0;1,0,0;1,0,0;1,0,0;1,0,1;1,0,0;1,0,1;1,1,1
1,0,1;1,1,0;1,0,1;1,0,0;1,0,1;1,1,0;1,1,1;1,0,0;1,0,0;1,0,1
1,1,0;1,1,0;1,1,0;1,0,1;1,1,0;1,0,1;1,0,0;1,0,1;1,1,1;1,1,1
1,1,0;1,1,1;1,1,1;1,0,0;1,0,1;1,1,0;1,1,1;1,1,0;1,1,0;1,0,1
1,1,0;1,1,1;1,1,0;1,1,0;1,0,0;1,0,0;1,0,1;1,1,1;1,0,0;1,0,1
1,1,1;1,1,1;1,0,1;1,1,0;1,1,1;1,0,0;1,0,0;1,0,0;1,0,0;1,0,1
1,1,0;1,0,0;1,0,1;1,0,1;1,1,1;1,1,0;1,0,1;1,0,0;1,0,1;1,1,1
1,1,1;1,1,1;1,1,0;1,1,0;1,1,0;1,0,1;1,1,1;1,0,0;1,0,1;1,0,1
1,1,1;1,0,1;1,1,0;1,0,0;1,0,0;1,0,1;1,0,1;1,0,0;1,0,0;1,0,1
1,1,1;1,1,1;1,0,0;1,0,1;1,1,1;1,1,1;1,0,0;1,0,0;1,0,0;1,0,1
1,1,0;1,1,0;1,1,0;1,1,1;1,0,1;1,0,1;1,0,1;1,1,0;1,0,0;1,0,1
1,0,1;1,0,1;1,0,1;1,0,0;1,0,1;1,0,1;1,1,0;1,1,1;1,1,1;1,1,0
1,0,0;1,0,1;1,0,0;1,0,1;1,1,1;1,1,1;1,0,0;1,0,0;1,0,1;1,0,1
1,1,0;1,1,1;1,1,1;1,0,0;1,0,1;1,0,0;1,0,0;1,0,1;1,0,0;1,0,1
1,1,0;1,0,0;1,0,1;1,0,1;1,1,0;1,0,0;1,0,1;1,0,1;1,0,0;1,0,1
1,0,0;1,0,0;1,0,1;1,1,1;1,1,0;1,1,1;1,0,0;1,0,0;1,0,0;1,0,1
1,0,1;1,0,1;1,0,0;1,0,1;1,1,0;1,0,0;1,0,1;1,0,0;1,0,1;1,1,0
1,0,1;1,1,0;1,0,0;1,0,0;1,0,1;1,0,0;1,0,1;1,0,1;1,1,0;1,0,1
1,1,1;1,0,0;1,0,1;1,1,0;1,1,0;1,0,0;1,0,0;1,0,0;1,0,0;1,0,1
1,1,1;1,0,1;1,0,0;1,0,1;1,0,1;1,0,1;1,0,0;1,0,0;1,0,0;1,0,1
1,0,1;1,1,0;1,1,1;1,0,0;1,0,0;1,0,0;1,0,0;1,0,0;1,0,0;1,0,1
1,0,1;1,1,1;1,1,0;1,0,0;1,0,0;1,0,1;1,0,1;1,0,1;1,1,1;1,1,1
1,1,0;1,1,1;1,0,0;1,0,1;1,1,1;1,1,1;1,1,1;1,0,1;1,1,1;1,1,1
1,1,0;1,0,1;1,0,0;1,0,0;1,0,1;1,0,0;1,0,0;1,0,0;1,0,0;1,0,1
1,0,1;1,0,1;1,0,1;1,1,0;1,1,0;1,0,0;1,0,0;1,0,1;1,1,0;1,0,1
1,0,1;1,1,1;1,0,1;1,1,1;1,0,1;1,1,1;1,1,1;1,0,1;1,0,1;1,1,0
1,1,0;1,0,0;1,0,1;1,1,1;1,0,0;1,0,1;1,1,0;1,1,0;1,0,0;1,0,1
1,1,0;1,0,0;1,0,0;1,0,0;1,0,1;1,1,0;1,0,1;1,0,1;1,0,0;1,0,1
1,0,0;1,0,1;1,0,1;1,1,0;1,0,1;1,0,1;1,1,1;1,1,0;1,1,1;1,1,0
1,1,0;1,1,0;1,0,0;1,0,0;1,0,1;1,1,0;1,1,1;1,1,0;1,1,0;1,1,0
1,1,0;1,1,1;1,0,0;1,0,1;1,0,1;1,0,0;1,0,0;1,0,1;1,0,0;1,0,1
1,0,1;1,0,0;1,0,0;1,0,1;1,1,0;1,1,0;1,0,0;1,0,0;1,0,1;1,1,1
1,0,1;1,0,0;1,0,1;1,1,0;1,1,0;1,1,0;1,0,0;1,0,0;1,0,1;1,0,1
1,1,0;1,1,1;1,1,0;1,1,1;1,1,1;1,0,1;1,1,1;1,1,1;1,0,0;1,0,1
1,0,0;1,0,0;1,0,0;1,0,1;1,0,0;1,0,0;1,0,1;1,1,0;1,0,0;1,0,1
1,0,0;1,0,0;1,0,0;1,0,1;1,0,1;1,0,1;1,0,1;1,0,0;1,0,0;1,0,1
1,1,1;1,1,1;1,0,1;1,1,1;1,0,1;1,0,1;1,0,0;1,0,1;1,0,0;1,0,1
1,0,0;1,0,1;1,0,0;1,0,0;1,0,1;1,0,1;1,0,0;1,0,0;1,0,1;1,1,1
1,1,0;1,0,1;1,1,1;1,1,0;1,0,1;1,0,1;1,0,0;1,0,1;1,0,1;1,1,0
1,1,0;1,1,0;1,0,0;1,0,1;1,1,0;1,1,1;1,1,0;1,1,0;1,0,1;1,1,0
1,1,0;1,1,0;1,0,1;1,1,0;1,1,1;1,0,0;1,0,0;1,0,0;1,0,0;1,0,1
1,0,0;1,0,0;1,0,1;1,0,0;1,0,0;1,0,1;1,0,0;1,0,1;1,0,0;1,0,1
1,1,0;1,1,0;1,0,0;1,0,1;1,1,1;1,0,1;1,1,0;1,1,0;1,1,1;1,1,1
1,0,1;1,1,1;1,1,1;1,0,1;1,0,0;1,0,1;1,1,1;1,0,0;1,0,0;1,0,1
1,1,0;1,0,1;1,1,0;1,0,0;1,0,1;1,0,1;1,1,0;1,1,0;1,0,1;1,1,1
1,1,0;1,0,1;1,0,1;1,1,1;1,0,0;1,0,0;1,0,1;1,1,1;1,0,1;1,0,1
1,0,1;1,0,1;1,0,1;1,1,1;1,1,0;1,0,0;1,0,1;1,1,1;1,0,1;1,1,0
1,1,0;1,0,1;1,1,0;1,0,1;1,1,1;1,0,1;1,0,0;1,0,1;1,1,0;1,1,0
1,1,1;1,0,1;1,1,0;1,1,0;1,0,1;1,0,0;1,0,1;1,1,1;1,0,1;1,0,1
1,1,0;1,0,1;1,0,1;1,1,1;1,0,0;1,0,0;1,0,0;1,0,0;1,0,0;1,0,1
1,1,1;1,0,0;1,0,0;1,0,0;1,0,0;1,0,1;1,0,1;1,0,1;1,0,0;1,0,1
1,0,1;1,0,1;1,1,1;1,0,1;1,0,0;1,0,1;1,1,1;1,0,0;1,0,1;1,0,1
1,1,0;1,1,1;1,1,0;1,1,1;1,1,0;1,1,0;1,0,1;1,1,0;1,1,0;1,1,0
1,0,0;1,0,1;1,0,1;1,1,1;1,1,0;1,0,0;1,0,1;1,0,1;1,1,1;1,1,1
1,0,1;1,0,1;1,0,1;1,0,1;1,1,0;1,0,0;1,0,1;1,0,1;1,1,1;1,0,1
1,1,0;1,0,1;1,1,0;1,1,0;1,1,1;1,1,0;1,1,1;1,0,1;1,0,1;1,1,0
1,0,1;1,1,0;1,0,0;1,0,0;1,0,1;1,1,1;1,1,0;1,0,1;1,1,0;1,0,1
1,1,1;1,0,1;1,1,1;1,1,1;1,0,0;1,0,1;1,0,0;1,0,0;1,0,1;1,0,1
1,0,0;1,0,0;1,0,0;1,0,1;1,0,1;1,1,0;1,1,1;1,0,1;1,1,1;1,1,0
1,0,0;1,0,0;1,0,0;1,0,0;1,0,0;1,0,0;1,0,1;1,1,0;1,1,1;1,1,1
1,0,1;1,1,0;1,0,0;1,0,1;1,1,0;1,1,1;1,0,1;1,1,0;1,0,0;1,0,1
1,0,0;1,0,1;1,1,0;1,0,0;1,0,0;1,0,1;1,0,0;1,0,0;1,0,1;1,1,1
1,0,1;1,1,1;1,0,1;1,0,1;1,1,0;1,1,0;1,1,1;1,1,0;1,0,0;1,0,1
1,1,0;1,1,0;1,0,0;1,0,1;1,1,1;1,1,0;1,0,0;1,0,0;1,0,1;1,1,0
1,1,1;1,0,1;1,1,1;1,0,1;1,1,0;1,0,1;1,0,0;1,0,1;1,1,0;1,0,1
1,0,0;1,0,0;1,0,1;1,1,1;1,1,0;1,0,1;1,0,0;1,0,1;1,1,1;1,1,0
1,0,1;1,1,1;1,1,0;1,1,0;1,0,0;1,0,0;1,0,1;1,0,0;1,0,1;1,1,1
1,0,1;1,1,1;1,1,1;1,1,0;1,0,1;1,0,0;1,0,0;1,0,1;1,1,1;1,1,1
1,1,1;1,0,0;1,0,1;1,0,0;1,0,0;1,0,0;1,0,0;1,0,0;1,0,0;1,0,1
1,0,0;1,0,1;1,0,1;1,0,1;1,1,0;1,0,1;1,0,0;1,0,0;1,0,0;1,0,1
1,0,0;1,0,0;1,0,1;1,0,1;1,1,1;1,1,0;1,0,1;1,1,1;1,0,0;1,0,1
1,0,1;1,1,0;1,0,0;1,0,0;1,0,0;1,0,0;1,0,0;1,0,0;1,0,0;1,0,1
1,1,0;1,1,1;1,0,0;1,0,0;1,0,1;1,0,1;1,0,1;1,0,0;1,0,0;1,0,1
1,0,0;1,0,1;1,1,1;1,1,1;1,0,1;1,1,1;1,1,1;1,0,1;1,0,1;1,1,1
1,1,0;1,1,1;1,0,1;1,0,1;1,1,1;1,1,0;1,1,1;1,0,1;1,0,1;1,0,1
1,1,0;1,0,0;1,0,0;1,0,0;1,0,1;1,0,0;1,0,0;1,0,1;1,0,0;1,0,1
1,0,1;1,1,1;1,0,1;1,0,1;1,1,0;1,1,0;1,0,0;1,0,0;1,0,0;1,0,1
1,1,0;1,0,0;1,0,0;1,0,1;1,1,0;1,0,0;1,0,0;1,0,1;1,0,0;1,0,1
1,1,0;1,0,1;1,1,1;1,0,0;1,0,0;1,0,0;1,0,1;1,0,0;1,0,1;1,1,0
1,0,0;1,0,0;1,0,1;1,0,0;1,0,1;1,0,1;1,0,1;1,0,1;1,1,0;1,1,1
1,0,1;1,1,0;1,1,0;1,0,0;1,0,0;1,0,0;1,0,1;1,1,0;1,0,1;1,1,1
1,0,1;1,1,1;1,1,0;1,1,0;1,0,1;1,0,0;1,0,0;1,0,0;1,0,0;1,0,1
1,0,0;1,0,0;1,0,0;1,0,1;1,0,1;1,1,1;1,1,0;1,1,1;1,0,1;1,1,1
1,0,1;1,0,0;1,0,1;1,0,1;1,0,0;1,0,1;1,0,1;1,0,0;1,0,0;1,0,1
1,0,1;1,0,0;1,0,0;1,0,0;1,0,1;1,1,0;1,0,0;1,0,0;1,0,0;1,0,1
1,1,0;1,0,1;1,0,1;1,1,1;1,0,0;1,0,1;1,0,1;1,0,1;1,1,0;1,1,1
1,1,0;1,0,0;1,0,0;1,0,0;1,0,0;1,0,1;1,1,0;1,1,1;1,1,0;1,1,1
1,1,1;1,1,0;1,1,0;1,1,0;1,1,0;1,0,1;1,0,1;1,0,1;1,1,0;1,1,0
1,1,0;1,1,1;1,1,1;1,0,1;1,0,1;1,1,1;1,1,0;1,1,1;1,1,1;1,0,1
1,1,0;1,0,0;1,0,0;1,0,0;1,0,1;1,1,1;1,1,1;1,1,1;1,1,0;1,1,0
1,1,1;1,0,0;1,0,1;1,1,0;1,1,0;1,1,1;1,0,0;1,0,0;1,0,1;1,1,0
1,0,1;1,0,1;1,1,1;1,0,0;1,0,1;1,0,1;1,0,0;1,0,1;1,0,1;1,1,1
1,1,1;1,0,0;1,0,0;1,0,0;1,0,0;1,0,1;1,1,0;1,0,0;1,0,1;1,1,0
1,0,0;1,0,0;1,0,1;1,0,1;1,1,1;1,1,1;1,0,1;1,0,0;1,0,1;1,0,1
1,1,1;1,0,0;1,0,1;1,0,1;1,0,0;1,0,1;1,1,0;1,1,0;1,1,0;1,1,1
1,1,1;1,0,1;1,1,0;1,1,1;1,1,0;1,1,0;1,0,1;1,1,1;1,1,0;1,0,1
1,0,0;1,0,0;1,0,1;1,1,1;1,0,1;1,0,0;1,0,0;1,0,0;1,0,0;1,0,1
1,1,1;1,1,0;1,0,1;1,1,1;1,0,0;1,0,0;1,0,1;1,1,1;1,0,0;1,0,1
1,1,0;1,1,0;1,1,0;1,0,1;1,0,1;1,1,0;1,1,0;1,1,0;1,0,0;1,0,1
1,0,1;1,1,0;1,0,0;1,0,1;1,0,1;1,1,0;1,0,1;1,0,1;1,1,0;1,1,0
1,0,1;1,1,0;1,0,1;1,1,1;1,0,0;1,0,1;1,0,0;1,0,1;1,1,0;1,0,1
1,0,0;1,0,0;1,0,0;1,0,1;1,1,0;1,1,0;1,1,0;1,0,0;1,0,1;1,1,1
1,0,0;1,0,0;1,0,0;1,0,0;1,0,1;1,0,0;1,0,0;1,0,0;1,0,0;1,0,1
1,0,1;1,0,1;1,1,1;1,0,1;1,0,0;1,0,0;1,0,0;1,0,0;1,0,0;1,0,1
1,1,1;1,1,0;1,0,0;1,0,1;1,1,1;1,1,1;1,0,1;1,0,0;1,0,1;1,1,0
1,0,1;1,0,1;1,0,0;1,0,0;1,0,1;1,1,1;1,1,0;1,0,0;1,0,0;1,0,1
1,0,1;1,0,0;1,0,0;1,0,0;1,0,1;1,0,0;1,0,1;1,1,1;1,1,0;1,1,0
1,0,0;1,0,1;1,1,0;1,1,0;1,0,0;1,0,0;1,0,0;1,0,0;1,0,1;1,1,0
1,1,1;1,0,1;1,0,1;1,0,1;1,1,0;1,1,0;1,0,0;1,0,1;1,0,0;1,0,1
1,1,0;1,1,1;1,0,1;1,1,1;1,1,0;1,0,0;1,0,1;1,1,0;1,1,1;1,0,1
1,0,1;1,1,1;1,1,1;1,1,0;1,1,1;1,0,0;1,0,0;1,0,0;1,0,0;1,0,1
1,0,0;1,0,0;1,0,1;1,0,0;1,0,0;1,0,0;1,0,0;1,0,0;1,0,0;1,0,1
1,0,0;1,0,0;1,0,1;1,1,0;1,1,0;1,1,1;1,1,0;1,1,1;1,1,1;1,1,0
1,0,0;1,0,0;1,0,0;1,0,0;1,0,0;1,0,0;1,0,1;1,1,0;1,1,1;1,1,1
1,0,1;1,0,1;1,1,0;1,0,0;1,0,0;1,0,1;1,1,0;1,1,1;1,0,1;1,0,1
1,0,1;1,0,0;1,0,0;1,0,1;1,1,1;1,0,0;1,0,0;1,0,0;1,0,1;1,1,1
1,1,0;1,0,1;1,1,1;1,1,0;1,1,0;1,0,1;1,0,0;1,0,1;1,1,0;1,1,0
1,0,0;1,0,0;1,0,0;1,0,0;1,0,1;1,1,0;1,1,0;1,0,1;1,1,1;1,0,1
1,1,1;1,0,1;1,0,1;1,0,0;1,0,1;1,1,1;1,1,1;1,1,1;1,1,0;1,0,1
1,1,0;1,0,0;1,0,1;1,1,0;1,0,1;1,0,0;1,0,1;1,1,0;1,0,1;1,1,1
1,1,1;1,1,0;1,1,1;1,0,0;1,0,0;1,0,1;1,1,0;1,1,0;1,0,0;1,0,1
1,0,1;1,0,1;1,1,0;1,1,1;1,0,1;1,1,0;1,1,1;1,0,1;1,1,0;1,1,0
1,0,0;1,0,1;1,0,0;1,0,1;1,0,1;1,1,0;1,0,1;1,0,0;1,0,1;1,1,0
1,0,1;1,1,1;1,0,0;1,0,1;1,1,0;1,1,1;1,0,0;1,0,0;1,0,0;1,0,1
1,0,1;1,0,1;1,1,1;1,0,1;1,1,0;1,1,1;1,0,1;1,0,0;1,0,0;1,0,1
1,0,1;1,1,1;1,1,1;1,0,0;1,0,1;1,1,0;1,0,0;1,0,1;1,1,1;1,1,0
1,1,1;1,0,0;1,0,0;1,0,1;1,1,0;1,1,0;1,1,1;1,1,1;1,0,1;1,0,1
1,0,0;1,0,0;1,0,0;1,0,0;1,0,0;1,0,1;1,0,1;1,0,1;1,0,0;1,0,1
1,0,1;1,0,0;1,0,0;1,0,0;1,0,0;1,0,1;1,1,1;1,0,0;1,0,1;1,1,1
1,1,1;1,0,0;1,0,1;1,0,0;1,0,0;1,0,0;1,0,0;1,0,1;1,0,1;1,1,1
1,1,0;1,0,1;1,0,1;1,0,0;1,0,1;1,0,1;1,0,0;1,0,1;1,0,1;1,1,0
1,1,0;1,1,0;1,1,0;1,1,0;1,0,0;1,0,1;1,0,1;1,0,0;1,0,0;1,0,1
1,0,0;1,0,0;1,0,1;1,1,1;1,1,0;1,0,0;1,0,1;1,1,0;1,0,1;1,0,1
1,0,0;1,0,1;1,1,0;1,1,1;1,0,0;1,0,0;1,0,1;1,0,0;1,0,1;1,1,1
1,1,1;1,1,0;1,1,1;1,0,0;1,0,0;1,0,0;1,0,0;1,0,0;1,0,1;1,1,0
1,1,0;1,0,1;1,1,0;1,1,1;1,0,0;1,0,0;1,0,0;1,0,0;1,0,0;1,0,1
1,1,0;1,1,1;1,0,1;1,1,1;1,0,0;1,0,1;1,1,1;1,0,1;1,0,0;1,0,1
1,1,1;1,1,1;1,1,0;1,1,1;1,1,1;1,1,1;1,1,1;1,0,0;1,0,0;1,0,1
1,0,0;1,0,0;1,0,0;1,0,0;1,0,1;1,1,1;1,0,1;1,1,1;1,0,1;1,1,1
1,1,1;1,1,0;1,1,1;1,1,1;1,1,0;1,1,1;1,1,0;1,0,0;1,0,1;1,1,0
1,0,1;1,0,1;1,0,1;1,0,0;1,0,1;1,1,0;1,1,0;1,1,0;1,1,1;1,1,0
1,1,0;1,0,0;1,0,0;1,0,0;1,0,0;1,0,0;1,0,1;1,1,1;1,1,0;1,0,1
1,0,1;1,0,1;1,1,1;1,1,0;1,1,0;1,0,1;1,1,1;1,1,1;1,1,0;1,1,0
1,0,0;1,0,0;1,0,1;1,0,0;1,0,0;1,0,0;1,0,0;1,0,1;1,1,0;1,1,0
1,0,1;1,1,0;1,0,0;1,0,0;1,0,0;1,0,0;1,0,1;1,0,1;1,1,0;1,0,1
1,0,1;1,1,0;1,1,0;1,0,1;1,1,0;1,1,0;1,1,1;1,0,1;1,1,0;1,1,1
1,0,0;1,0,0;1,0,1;1,0,0;1,0,0;1,0,1;1,0,0;1,0,1;1,1,0;1,1,1
1,1,0;1,0,1;1,1,0;1,1,1;1,1,1;1,0,1;1,0,0;1,0,0;1,0,0;1,0,1
1,1,0;1,0,1;1,1,1;1,0,1;1,1,0;1,1,1;1,0,0;1,0,0;1,0,1;1,0,1
1,0,0;1,0,1;1,0,1;1,0,0;1,0,1;1,1,0;1,0,1;1,0,1;1,1,1;1,1,1
1,1,0;1,0,1;1,0,0;1,0,1;1,1,1;1,0,0;1,0,0;1,0,0;1,0,1;1,1,0
1,0,1;1,1,1;1,1,1;1,1,1;1,0,0;1,0,1;1,0,0;1,0,1;1,1,1;1,1,1
1,0,0;1,0,0;1,0,1;1,0,0;1,0,0;1,0,1;1,1,1;1,1,1;1,0,1;1,1,1
1,0,0;1,0,1;1,1,1;1,0,0;1,0,0;1,0,1;1,0,0;1,0,0;1,0,1;1,1,0
1,0,1;1,1,1;1,1,0;1,0,0;1,0,0;1,0,1;1,1,1;1,0,0;1,0,1;1,0,1
1,0,1;1,0,0;1,0,0;1,0,0;1,0,0;1,0,1;1,0,1;1,1,0;1,0,1;1,0,1
1,0,1;1,0,0;1,0,1;1,0,1;1,1,0;1,1,1;1,0,0;1,0,1;1,1,1;1,1,0
1,0,1;1,0,0;1,0,0;1,0,0;1,0,1;1,1,0;1,0,0;1,0,1;1,1,1;1,1,0
1,1,0;1,1,1;1,1,1;1,1,1;1,1,1;1,0,0;1,0,1;1,1,1;1,1,1;1,1,0
1,0,1;1,0,1;1,0,0;1,0,0;1,0,0;1,0,0;1,0,0;1,0,0;1,0,0;1,0,1
1,0,1;1,0,0;1,0,0;1,0,0;1,0,0;1,0,0;1,0,1;1,1,1;1,1,1;1,1,0
1,1,1;1,0,0;1,0,0;1,0,0;1,0,1;1,1,0;1,0,0;1,0,1;1,1,1;1,1,1
1,1,1;1,0,0;1,0,1;1,0,1;1,1,1;1,1,0;1,1,0;1,0,1;1,0,0;1,0,1
1,1,0;1,1,0;1,1,1;1,1,1;1,0,1;1,0,0;1,0,0;1,0,1;1,1,1;1,1,1
1,0,1;1,1,1;1,0,1;1,1,0;1,1,0;1,1,0;1,1,1;1,0,1;1,1,0;1,0,1
1,0,0;1,0,1;1,1,0;1,1,1;1,1,0;1,1,1;1,1,0;1,0,1;1,0,0;1,0,1
1,0,0;1,0,0;1,0,1;1,0,0;1,0,0;1,0,1;1,0,0;1,0,0;1,0,0;1,0,1
1,1,1;1,0,1;1,0,1;1,1,0;1,1,0;1,1,1;1,1,1;1,0,1;1,0,0;1,0,1
1,0,1;1,0,0;1,0,0;1,0,1;1,0,1;1,0,1;1,0,1;1,1,1;1,1,0;1,1,0
1,0,1;1,1,1;1,1,1;1,0,0;1,0,1;1,0,0;1,0,0;1,0,1;1,0,1;1,1,1
1,0,0;1,0,0;1,0,1;1,1,0;1,1,1;1,1,1;1,0,0;1,0,0;1,0,0;1,0,1
1,0,0;1,0,1;1,1,0;1,1,1;1,1,0;1,0,1;1,0,1;1,0,1;1,0,1;1,1,1
1,0,1;1,1,1;1,1,1;1,1,1;1,1,1;1,0,0;1,0,1;1,1,0;1,0,0;1,0,1
1,1,0;1,0,1;1,0,1;1,1,1;1,0,1;1,1,0;1,1,0;1,1,1;1,1,0;1,0,1
1,1,0;1,0,1;1,0,0;1,0,1;1,0,0;1,0,1;1,1,1;1,0,1;1,1,1;1,0,1
1,0,0;1,0,1;1,1,0;1,0,0;1,0,0;1,0,1;1,1,1;1,0,0;1,0,1;1,1,1
1,1,1;1,0,0;1,0,0;1,0,0;1,0,1;1,0,1;1,0,1;1,0,0;1,0,0;1,0,1
1,1,1;1,1,1;1,0,0;1,0,0;1,0,1;1,1,0;1,1,1;1,1,1;1,0,0;1,0,1
1,1,0;1,0,1;1,0,1;1,1,1;1,1,1;1,1,1;1,0,1;1,1,0;1,1,0;1,1,0
1,1,0;1,0,1;1,0,1;1,0,1;1,1,1;1,0,0;1,0,1;1,0,1;1,0,0;1,0,1
1,0,1;1,0,0;1,0,1;1,0,0;1,0,1;1,0,1;1,0,1;1,0,1;1,1,0;1,1,0
1,1,0;1,1,0;1,0,0;1,0,0;1,0,1;1,1,1;1,1,0;1,0,1;1,0,1;1,0,1
1,0,1;1,0,0;1,0,0;1,0,0;1,0,1;1,1,1;1,1,1;1,1,0;1,1,0;1,1,0
1,1,1;1,0,1;1,0,1;1,1,1;1,0,1;1,1,1;1,1,0;1,0,0;1,0,0;1,0,1
1,0,1;1,1,1;1,0,0;1,0,0;1,0,1;1,1,1;1,1,1;1,0,0;1,0,0;1,0,1
1,0,0;1,0,0;1,0,0;1,0,1;1,1,1;1,0,0;1,0,1;1,0,0;1,0,0;1,0,1
1,1,1;1,1,1;1,0,0;1,0,0;1,0,1;1,0,1;1,0,1;1,1,1;1,1,0;1,1,0
1,1,0;1,1,0;1,0,0;1,0,0;1,0,0;1,0,1;1,0,1;1,1,0;1,1,0;1,1,0
1,0,1;1,0,1;1,0,0;1,0,0;1,0,1;1,1,0;1,0,1;1,1,1;1,1,1;1,0,1
1,0,0;1,0,1;1,0,0;1,0,1;1,0,0;1,0,0;1,0,1;1,0,0;1,0,1;1,0,1
1,1,0;1,1,1;1,0,1;1,1,0;1,1,1;1,1,1;1,0,1;1,0,1;1,1,0;1,1,1
1,1,1;1,0,0;1,0,0;1,0,0;1,0,1;1,1,0;1,1,0;1,1,1;1,1,1;1,0,1
1,0,0;1,0,1;1,0,1;1,1,0;1,0,1;1,1,0;1,0,0;1,0,0;1,0,0;1,0,1
1,1,1;1,0,0;1,0,0;1,0,0;1,0,0;1,0,1;1,0,0;1,0,0;1,0,1;1,1,0
1,0,1;1,1,0;1,0,0;1,0,1;1,0,0;1,0,0;1,0,1;1,1,0;1,1,1;1,0,1
1,1,1;1,0,1;1,1,0;1,1,1;1,1,1;1,0,0;1,0,1;1,0,1;1,1,1;1,1,1
1,1,0;1,0,1;1,0,0;1,0,1;1,1,0;1,0,1;1,1,1;1,1,0;1,0,0;1,0,1
1,1,1;1,1,0;1,0,0;1,0,0;1,0,0;1,0,0;1,0,1;1,0,1;1,0,1;1,0,1
1,0,1;1,1,1;1,0,1;1,0,0;1,0,1;1,0,0;1,0,0;1,0,1;1,1,0;1,1,0
1,1,0;1,0,0;1,0,0;1,0,1;1,1,1;1,0,0;1,0,0;1,0,0;1,0,0;1,0,1
1,0,0;1,0,1;1,0,0;1,0,0;1,0,1;1,1,0;1,0,1;1,0,1;1,1,0;1,0,1
1,0,0;1,0,0;1,0,0;1,0,1;1,1,1;1,1,0;1,0,1;1,1,1;1,1,0;1,0,1
1,1,1;1,1,1;1,1,0;1,0,1;1,0,0;1,0,0;1,0,0;1,0,1;1,0,1;1,1,1
1,1,1;1,1,0;1,1,1;1,1,1;1,0,0;1,0,1;1,1,1;1,0,0;1,0,1;1,1,1
1,0,0;1,0,0;1,0,1;1,0,0;1,0,0;1,0,0;1,0,0;1,0,1;1,0,1;1,1,1
1,1,1;1,0,0;1,0,0;1,0,0;1,0,0;1,0,1;1,0,1;1,0,1;1,0,0;1,0,1
1,0,1;1,1,0;1,1,0;1,1,1;1,1,1;1,1,0;1,0,1;1,0,1;1,0,0;1,0,1
1,0,0;1,0,0;1,0,1;1,1,0;1,1,0;1,0,0;1,0,1;1,1,1;1,1,1;1,1,1
1,0,1;1,0,0;1,0,0;1,0,1;1,0,0;1,0,1;1,0,1;1,1,0;1,0,1;1,1,0
1,1,0;1,0,1;1,0,1;1,0,0;1,0,1;1,0,0;1,0,1;1,0,1;1,0,0;1,0,1
1,1,1;1,0,1;1,0,0;1,0,0;1,0,0;1,0,0;1,0,0;1,0,0;1,0,1;1,1,0
1,0,1;1,0,0;1,0,1;1,1,1;1,1,1;1,1,0;1,0,0;1,0,1;1,1,1;1,1,0
1,0,1;1,0,1;1,0,0;1,0,1;1,0,1;1,0,0;1,0,1;1,1,1;1,0,1;1,1,0
1,0,0;1,0,1;1,0,0;1,0,0;1,0,1;1,1,0;1,0,0;1,0,1;1,1,0;1,0,1
1,1,1;1,1,0;1,1,1;1,1,1;1,1,0;1,1,1;1,0,0;1,0,0;1,0,1;1,0,1
1,1,0;1,0,1;1,0,1;1,0,0;1,0,0;1,0,1;1,1,1;1,1,0;1,1,1;1,1,1
1,0,0;1,0,0;1,0,0;1,0,1;1,1,1;1,1,0;1,1,1;1,0,0;1,0,1;1,0,1
1,0,1;1,1,0;1,1,1;1,0,0;1,0,1;1,1,1;1,1,0;1,0,0;1,0,0;1,0,1
1,0,0;1,0,1;1,1,1;1,0,1;1,1,0;1,1,0;1,1,1;1,0,1;1,1,1;1,1,0
1,0,0;1,0,1;1,0,1;1,0,1;1,1,1;1,1,1;1,1,0;1,0,1;1,1,0;1,0,1
1,1,1;1,1,0;1,0,0;1,0,1;1,1,0;1,1,0;1,0,1;1,0,1;1,1,1;1,0,1
1,0,0;1,0,0;1,0,0;1,0,1;1,0,0;1,0,0;1,0,1;1,0,1;1,0,0;1,0,1
1,1,1;1,0,1;1,1,1;1,1,0;1,1,1;1,1,1;1,1,0;1,0,0;1,0,0;1,0,1
1,1,1;1,1,0;1,1,0;1,1,0;1,0,1;1,0,1;1,1,0;1,1,0;1,1,0;1,1,0
1,1,1;1,1,1;1,1,1;1,0,0;1,0,1;1,0,1;1,0,0;1,0,0;1,0,0;1,0,1
1,0,0;1,0,1;1,0,1;1,0,0;1,0,1;1,0,1;1,0,0;1,0,0;1,0,1;1,1,1
1,1,0;1,0,1;1,0,0;1,0,1;1,1,1;1,0,0;1,0,1;1,1,1;1,1,0;1,1,0
1,1,0;1,0,0;1,0,0;1,0,1;1,1,1;1,0,0;1,0,1;1,0,1;1,0,0;1,0,1
1,1,1;1,0,0;1,0,1;1,1,1;1,1,1;1,0,0;1,0,1;1,0,0;1,0,1;1,1,1
1,0,0;1,0,1;1,0,0;1,0,0;1,0,0;1,0,1;1,1,0;1,0,0;1,0,0;1,0,1
1,1,1;1,0,0;1,0,1;1,1,0;1,0,1;1,1,0;1,1,0;1,1,1;1,1,0;1,0,1
1,0,1;1,1,0;1,1,0;1,1,1;1,0,1;1,1,0;1,0,0;1,0,0;1,0,1;1,1,1
1,0,0;1,0,0;1,0,1;1,1,0;1,1,0;1,1,0;1,0,0;1,0,0;1,0,1;1,1,1
1,1,0;1,0,0;1,0,0;1,0,1;1,1,0;1,0,0;1,0,0;1,0,0;1,0,0;1,0,1
1,0,0;1,0,1;1,0,1;1,0,1;1,1,1;1,0,1;1,0,0;1,0,0;1,0,0;1,0,1
1,0,1;1,1,0;1,0,0;1,0,0;1,0,1;1,0,1;1,1,0;1,0,1;1,0,0;1,0,1
1,1,0;1,0,0;1,0,0;1,0,0;1,0,0;1,0,1;1,0,1;1,1,0;1,0,1;1,1,0
1,1,1;1,0,1;1,0,1;1,1,0;1,0,0;1,0,0;1,0,0;1,0,0;1,0,1;1,0,1
1,1,1;1,1,0;1,1,0;1,0,0;1,0,0;1,0,0;1,0,0;1,0,0;1,0,1;1,0,1
1,0,0;1,0,0;1,0,1;1,0,0;1,0,0;1,0,0;1,0,0;1,0,1;1,1,1;1,1,1
1,1,0;1,0,0;1,0,1;1,1,0;1,1,1;1,1,0;1,1,1;1,1,1;1,1,1;1,1,1
1,1,0;1,1,0;1,0,1;1,0,0;1,0,1;1,1,1;1,0,1;1,0,0;1,0,1;1,1,1
1,1,0;1,0,0;1,0,0;1,0,1;1,0,0;1,0,1;1,0,0;1,0,0;1,0,1;1,1,0
1,0,1;1,1,1;1,0,0;1,0,0;1,0,0;1,0,0;1,0,0;1,0,0;1,0,1;1,0,1
1,0,1;1,0,0;1,0,1;1,0,0;1,0,0;1,0,0;1,0,1;1,1,0;1,1,0;1,1,0
1,0,1;1,1,1;1,1,1;1,0,1;1,0,1;1,1,1;1,0,1;1,1,0;1,1,0;1,0,1
1,1,1;1,0,0;1,0,0;1,0,0;1,0,0;1,0,0;1,0,1;1,1,1;1,0,1;1,1,0
1,1,0;1,0,1;1,0,1;1,1,0;1,0,1;1,0,0;1,0,1;1,1,0;1,1,0;1,1,1
1,0,0;1,0,0;1,0,0;1,0,1;1,0,1;1,0,1;1,0,0;1,0,1;1,0,1;1,0,1
1,0,1;1,0,1;1,1,0;1,0,1;1,0,0;1,0,1;1,0,0;1,0,1;1,1,0;1,1,1
1,0,1;1,0,1;1,0,1;1,0,0;1,0,0;1,0,1;1,0,1;1,1,1;1,0,0;1,0,1
1,0,1;1,0,0;1,0,1;1,1,1;1,0,0;1,0,0;1,0,0;1,0,0;1,0,0;1,0,1
1,1,1;1,0,1;1,0,1;1,1,1;1,1,0;1,1,1;1,0,1;1,1,0;1,0,0;1,0,1
1,1,0;1,0,1;1,1,0;1,1,0;1,1,0;1,0,0;1,0,0;1,0,0;1,0,1;1,1,0
1,1,1;1,1,1;1,0,0;1,0,1;1,1,1;1,1,1;1,0,0;1,0,0;1,0,1;1,1,1
1,1,1;1,1,0;1,0,1;1,0,0;1,0,1;1,1,1;1,0,1;1,0,0;1,0,0;1,0,1
1,1,1;1,1,0;1,0,1;1,0,1;1,1,1;1,0,0;1,0,1;1,1,0;1,1,1;1,1,0
1,0,0;1,0,1;1,1,0;1,1,1;1,1,0;1,0,0;1,0,0;1,0,0;1,0,1;1,1,0
1,0,1;1,0,1;1,0,0;1,0,1;1,0,1;1,0,1;1,1,0;1,0,0;1,0,0;1,0,1
1,1,1;1,1,1;1,0,1;1,1,0;1,0,0;1,0,0;1,0,0;1,0,0;1,0,1;1,1,0
1,0,0;1,0,0;1,0,1;1,0,1;1,1,1;1,1,1;1,0,1;1,0,0;1,0,0;1,0,1
1,1,0;1,1,0;1,0,1;1,1,0;1,0,1;1,1,1;1,1,1;1,1,0;1,1,0;1,1,1
1,1,0;1,1,0;1,0,0;1,0,0;1,0,1;1,1,1;1,0,1;1,1,0;1,0,0;1,0,1
1,0,0;1,0,1;1,0,0;1,0,1;1,1,1;1,0,1;1,0,0;1,0,0;1,0,0;1,0,1
1,1,0;1,0,0;1,0,1;1,1,0;1,1,1;1,1,0;1,0,0;1,0,0;1,0,1;1,1,1
1,0,0;1,0,1;1,1,0;1,0,1;1,1,0;1,1,0;1,0,0;1,0,0;1,0,0;1,0,1
1,1,1;1,0,1;1,1,1;1,0,0;1,0,0;1,0,0;1,0,0;1,0,0;1,0,1;1,0,1
1,1,1;1,1,1;1,0,0;1,0,1;1,1,1;1,0,1;1,0,0;1,0,1;1,0,0;1,0,1
1,0,0;1,0,1;1,0,0;1,0,1;1,0,0;1,0,1;1,0,1;1,0,1;1,1,1;1,0,1
1,0,0;1,0,0;1,0,0;1,0,0;1,0,0;1,0,1;1,1,0;1,1,1;1,0,1;1,0,1
1,0,0;1,0,1;1,0,0;1,0,1;1,1,0;1,0,1;1,1,0;1,1,1;1,0,0;1,0,1
1,1,0;1,0,0;1,0,1;1,1,0;1,0,0;1,0,1;1,0,0;1,0,1;1,0,0;1,0,1
1,0,0;1,0,0;1,0,1;1,1,1;1,1,0;1,1,1;1,1,0;1,1,1;1,1,0;1,1,0
1,0,0;1,0,1;1,1,1;1,0,0;1,0,0;1,0,0;1,0,0;1,0,0;1,0,0;1,0,1
1,1,0;1,0,1;1,1,0;1,0,1;1,1,1;1,0,1;1,1,1;1,0,1;1,0,1;1,1,0
1,1,1;1,1,0;1,1,1;1,0,0;1,0,1;1,1,1;1,1,0;1,1,0;1,0,0;1,0,1
1,0,1;1,1,1;1,0,0;1,0,1;1,0,1;1,1,0;1,0,1;1,1,1;1,0,1;1,1,1
1,0,0;1,0,1;1,0,0;1,0,0;1,0,1;1,1,1;1,0,1;1,1,1;1,0,0;1,0,1
1,1,1;1,0,1;1,0,1;1,0,1;1,0,1;1,1,0;1,1,1;1,0,0;1,0,0;1,0,1
1,1,1;1,0,1;1,1,1;1,0,0;1,0,0;1,0,0;1,0,0;1,0,0;1,0,0;1,0,1
1,1,0;1,0,1;1,1,1;1,1,1;1,1,1;1,0,0;1,0,1;1,1,0;1,1,1;1,0,1
1,0,0;1,0,0;1,0,1;1,0,1;1,1,1;1,1,1;1,0,1;1,1,1;1,1,1;1,1,1
1,1,0;1,0,1;1,1,0;1,0,0;1,0,1;1,0,0;1,0,0;1,0,0;1,0,0;1,0,1
1,0,1;1,0,1;1,1,1;1,1,1;1,1,1;1,0,1;1,1,0;1,1,1;1,0,1;1,0,1
1,1,0;1,1,1;1,0,0;1,0,1;1,1,1;1,1,1;1,1,0;1,0,0;1,0,0;1,0,1
1,0,1;1,1,1;1,0,1;1,1,0;1,1,1;1,1,0;1,0,1;1,1,1;1,1,1;1,1,1
1,1,1;1,1,1;1,1,1;1,0,0;1,0,0;1,0,1;1,0,1;1,1,1;1,0,1;1,0,1
1,0,1;1,1,0;1,0,0;1,0,0;1,0,1;1,1,1;1,0,1;1,0,0;1,0,1;1,0,1
1,0,1;1,0,0;1,0,0;1,0,0;1,0,0;1,0,0;1,0,1;1,1,1;1,1,1;1,1,1
1,0,0;1,0,0;1,0,0;1,0,0;1,0,1;1,0,0;1,0,0;1,0,1;1,0,1;1,1,1
1,1,1;1,0,0;1,0,0;1,0,1;1,1,0;1,0,0;1,0,1;1,1,0;1,0,1;1,1,0
1,0,1;1,1,0;1,1,0;1,1,0;1,0,1;1,0,0;1,0,1;1,1,0;1,0,0;1,0,1
1,0,0;1,0,0;1,0,1;1,0,0;1,0,1;1,0,1;1,0,0;1,0,0;1,0,1;1,1,0
1,0,0;1,0,0;1,0,1;1,1,0;1,0,0;1,0,1;1,0,1;1,0,1;1,1,0;1,1,1
1,1,1;1,0,1;1,1,0;1,0,0;1,0,1;1,1,0;1,0,1;1,1,1;1,0,1;1,1,0
1,1,1;1,1,1;1,0,1;1,0,1;1,0,0;1,0,0;1,0,0;1,0,1;1,0,1;1,1,0
1,1,1;1,0,1;1,1,0;1,1,1;1,0,0;1,0,1;1,0,0;1,0,0;1,0,1;1,0,1
1,1,0;1,1,0;1,1,0;1,0,0;1,0,0;1,0,0;1,0,0;1,0,1;1,0,1;1,1,1
1,0,1;1,0,0;1,0,0;1,0,0;1,0,0;1,0,0;1,0,1;1,0,0;1,0,1;1,1,0
1,1,0;1,0,1;1,0,0;1,0,0;1,0,1;1,0,1;1,0,1;1,0,0;1,0,1;1,1,0
1,1,1;1,1,0;1,0,0;1,0,1;1,0,1;1,1,0;1,0,0;1,0,0;1,0,1;1,1,0
1,0,1;1,1,0;1,1,1;1,0,1;1,0,1;1,1,0;1,1,0;1,1,0;1,1,0;1,1,0
1,1,0;1,1,0;1,1,0;1,0,0;1,0,0;1,0,0;1,0,0;1,0,1;1,1,1;1,1,0
1,1,0;1,1,1;1,1,0;1,1,1;1,1,1;1,1,1;1,0,1;1,1,1;1,1,1;1,0,1
1,0,1;1,1,1;1,1,0;1,0,0;1,0,1;1,0,0;1,0,1;1,0,0;1,0,0;1,0,1
1,0,1;1,0,1;1,0,1;1,1,1;1,1,1;1,1,0;1,0,0;1,0,1;1,1,1;1,0,1
1,0,0;1,0,1;1,0,0;1,0,0;1,0,0;1,0,0;1,0,0;1,0,0;1,0,0;1,0,1
1,0,0;1,0,1;1,0,1;1,1,1;1,0,0;1,0,0;1,0,0;1,0,0;1,0,1;1,1,1
1,1,1;1,1,1;1,0,0;1,0,0;1,0,1;1,0,1;1,1,1;1,0,0;1,0,0;1,0,1
1,1,0;1,1,1;1,1,0;1,0,1;1,0,0;1,0,0;1,0,0;1,0,1;1,1,0;1,1,1
1,1,0;1,1,0;1,0,0;1,0,1;1,1,0;1,1,1;1,1,1;1,1,0;1,0,0;1,0,1
1,1,1;1,1,1;1,0,1;1,0,0;1,0,0;1,0,0;1,0,1;1,0,1;1,0,1;1,0,1
1,0,1;1,1,1;1,1,0;1,0,1;1,1,1;1,1,1;1,0,0;1,0,0;1,0,0;1,0,1
1,1,1;1,0,1;1,1,1;1,0,0;1,0,1;1,1,1;1,0,0;1,0,0;1,0,0;1,0,1
1,1,0;1,1,0;1,0,0;1,0,0;1,0,1;1,1,0;1,0,0;1,0,1;1,0,1;1,1,1
1,1,1;1,0,0;1,0,0;1,0,1;1,0,0;1,0,0;1,0,1;1,1,0;1,1,0;1,1,1
1,1,0;1,0,1;1,0,0;1,0,0;1,0,0;1,0,0;1,0,1;1,0,0;1,0,1;1,1,1
1,1,0;1,1,1;1,1,0;1,0,1;1,1,1;1,0,0;1,0,0;1,0,0;1,0,0;1,0,1
1,1,0;1,0,0;1,0,0;1,0,1;1,1,0;1,1,0;1,0,0;1,0,0;1,0,1;1,1,1
1,1,1;1,0,0;1,0,0;1,0,1;1,0,0;1,0,0;1,0,0;1,0,0;1,0,1;1,1,1
1,1,0;1,1,1;1,1,1;1,0,0;1,0,1;1,1,1;1,1,0;1,1,0;1,1,0;1,1,0
1,1,1;1,0,1;1,0,1;1,0,0;1,0,0;1,0,0;1,0,1;1,1,1;1,1,0;1,1,1
1,0,0;1,0,1;1,0,1;1,0,0;1,0,0;1,0,1;1,1,1;1,1,0;1,1,1;1,0,1
1,1,1;1,1,1;1,0,1;1,1,0;1,1,1;1,1,1;1,1,0;1,0,0;1,0,1;1,1,1
1,0,0;1,0,1;1,0,0;1,0,1;1,0,1;1,0,1;1,1,1;1,1,0;1,0,1;1,1,1
1,1,0;1,1,1;1,1,0;1,1,1;1,1,0;1,0,0;1,0,1;1,1,1;1,1,1;1,1,0
1,0,1;1,1,1;1,0,1;1,0,1;1,0,1;1,1,0;1,0,1;1,0,1;1,0,1;1,1,1
1,1,1;1,0,1;1,1,1;1,1,1;1,0,1;1,0,1;1,0,0;1,0,0;1,0,0;1,0,1
1,1,0;1,0,0;1,0,0;1,0,1;1,1,0;1,0,0;1,0,1;1,0,0;1,0,0;1,0,1
1,1,1;1,0,1;1,0,1;1,1,1;1,1,1;1,1,1;1,0,0;1,0,1;1,0,1;1,1,1
1,0,1;1,0,1;1,0,0;1,0,0;1,0,0;1,0,0;1,0,0;1,0,0;1,0,0;1,0,1
1,1,0;1,1,0;1,0,1;1,1,0;1,0,0;1,0,1;1,1,1;1,0,0;1,0,0;1,0,1
1,0,1;1,1,0;1,1,1;1,1,0;1,0,1;1,1,0;1,0,0;1,0,1;1,0,1;1,0,1
1,1,1;1,0,0;1,0,0;1,0,1;1,0,1;1,0,1;1,1,1;1,1,1;1,0,1;1,1,0
1,0,1;1,1,1;1,1,1;1,1,0;1,0,1;1,1,1;1,1,1;1,1,0;1,0,0;1,0,1
1,1,1;1,1,1;1,0,1;1,1,1;1,0,0;1,0,0;1,0,0;1,0,0;1,0,0;1,0,1
1,0,1;1,0,1;1,0,1;1,1,0;1,1,0;1,1,0;1,0,1;1,1,1;1,0,0;1,0,1
1,0,0;1,0,0;1,0,0;1,0,0;1,0,0;1,0,0;1,0,0;1,0,1;1,1,1;1,1,0
1,1,0;1,1,0;1,1,1;1,0,1;1,0,0;1,0,1;1,0,0;1,0,1;1,1,0;1,1,1
1,0,0;1,0,0;1,0,0;1,0,0;1,0,1;1,1,1;1,1,0;1,1,1;1,1,1;1,0,1
1,1,1;1,1,1;1,0,1;1,0,0;1,0,0;1,0,1;1,1,1;1,1,0;1,1,1;1,1,0
1,0,1;1,0,0;1,0,1;1,1,0;1,0,1;1,0,1;1,0,1;1,0,1;1,1,1;1,0,1
1,0,1;1,1,0;1,0,1;1,1,0;1,1,0;1,0,1;1,0,0;1,0,0;1,0,1;1,1,0
1,1,0;1,1,1;1,0,0;1,0,1;1,1,0;1,1,0;1,1,1;1,0,0;1,0,1;1,1,0
1,1,1;1,0,1;1,1,0;1,0,1;1,0,1;1,0,1;1,1,0;1,0,0;1,0,0;1,0,1
1,0,0;1,0,0;1,0,0;1,0,1;1,0,0;1,0,0;1,0,0;1,0,0;1,0,0;1,0,1
1,1,0;1,1,1;1,1,0;1,1,0;1,0,1;1,1,1;1,0,0;1,0,0;1,0,0;1,0,1
1,1,1;1,1,0;1,1,1;1,1,1;1,0,0;1,0,1;1,1,1;1,1,1;1,1,1;1,0,1
1,1,0;1,1,1;1,0,1;1,1,1;1,0,1;1,1,0;1,1,1;1,0,0;1,0,0;1,0,1
1,1,0;1,0,0;1,0,1;1,1,0;1,1,0;1,0,1;1,1,0;1,0,0;1,0,1;1,1,1
1,1,1;1,1,1;1,1,1;1,1,0;1,0,0;1,0,0;1,0,1;1,0,0;1,0,0;1,0,1
1,0,0;1,0,1;1,0,1;1,1,0;1,1,0;1,1,0;1,0,0;1,0,1;1,1,0;1,0,1
1,0,1;1,0,1;1,1,0;1,1,1;1,0,1;1,0,0;1,0,0;1,0,1;1,1,1;1,1,0
1,1,0;1,0,1;1,1,0;1,0,1;1,1,0;1,0,1;1,1,0;1,0,1;1,1,0;1,0,1
1,0,1;1,1,1;1,0,0;1,0,0;1,0,0;1,0,0;1,0,0;1,0,1;1,0,1;1,1,0
1,0,0;1,0,0;1,0,0;1,0,0;1,0,1;1,1,1;1,0,0;1,0,1;1,0,1;1,1,0
1,1,0;1,0,0;1,0,1;1,1,1;1,0,0;1,0,0;1,0,0;1,0,1;1,1,1;1,1,1
1,1,0;1,1,0;1,1,0;1,1,0;1,0,1;1,1,0;1,1,1;1,0,1;1,1,1;1,1,1
1,0,0;1,0,1;1,0,1;1,0,1;1,1,1;1,1,0;1,0,1;1,0,0;1,0,0;1,0,1
1,0,1;1,1,0;1,0,0;1,0,0;1,0,0;1,0,1;1,1,0;1,0,0;1,0,0;1,0,1
1,0,0;1,0,1;1,1,0;1,0,1;1,0,1;1,1,1;1,1,1;1,1,0;1,1,1;1,1,0
1,0,0;1,0,1;1,1,1;1,1,0;1,0,1;1,0,0;1,0,1;1,0,0;1,0,1;1,0,1
1,0,1;1,0,0;1,0,1;1,0,1;1,1,1;1,0,1;1,0,0;1,0,1;1,0,1;1,0,1
1,1,1;1,0,0;1,0,0;1,0,1;1,1,1;1,1,1;1,1,0;1,1,1;1,1,0;1,1,0
1,0,0;1,0,0;1,0,1;1,1,0;1,0,1;1,1,1;1,0,1;1,0,0;1,0,1;1,0,1
1,0,0;1,0,0;1,0,0;1,0,1;1,1,0;1,1,1;1,0,0;1,0,1;1,1,1;1,1,1
1,0,0;1,0,1;1,1,0;1,1,0;1,0,0;1,0,0;1,0,0;1,0,0;1,0,1;1,1,0
1,1,1;1,1,0;1,0,0;1,0,0;1,0,1;1,1,0;1,1,0;1,0,1;1,1,0;1,1,1
1,1,1;1,1,1;1,1,0;1,0,0;1,0,1;1,0,1;1,1,0;1,1,1;1,1,0;1,0,1
1,1,1;1,1,1;1,1,0;1,1,0;1,1,1;1,0,0;1,0,0;1,0,1;1,1,0;1,1,1
1,1,1;1,0,0;1,0,1;1,0,0;1,0,1;1,0,1;1,1,0;1,1,1;1,1,0;1,1,1
1,1,0;1,0,0;1,0,1;1,1,1;1,0,0;1,0,1;1,0,0;1,0,1;1,1,0;1,0,1
1,1,0;1,0,1;1,0,0;1,0,0;1,0,1;1,1,0;1,0,1;1,1,0;1,0,1;1,1,1
1,1,1;1,0,0;1,0,0;1,0,1;1,0,0;1,0,1;1,1,0;1,0,0;1,0,0;1,0,1
1,0,0;1,0,0;1,0,0;1,0,0;1,0,0;1,0,0;1,0,0;1,0,0;1,0,0;1,0,1
1,0,0;1,0,1;1,1,1;1,0,1;1,0,1;1,1,0;1,1,1;1,1,0;1,0,0;1,0,1
1,1,1;1,0,1;1,0,1;1,1,1;1,0,1;1,0,0;1,0,0;1,0,0;1,0,1;1,1,0
1,1,0;1,0,1;1,1,1;1,1,1;1,1,1;1,1,1;1,1,1;1,1,0;1,1,1;1,1,1
1,0,0;1,0,1;1,1,0;1,0,1;1,1,1;1,0,0;1,0,0;1,0,0;1,0,0;1,0,1
1,1,0;1,0,0;1,0,1;1,0,0;1,0,0;1,0,1;1,1,0;1,1,1;1,1,1;1,1,1
1,0,1;1,0,1;1,0,0;1,0,0;1,0,1;1,0,1;1,0,1;1,0,0;1,0,0;1,0,1
1,0,0;1,0,0;1,0,0;1,0,0;1,0,0;1,0,0;1,0,0;1,0,1;1,1,0;1,1,0
1,0,1;1,0,0;1,0,0;1,0,0;1,0,0;1,0,0;1,0,1;1,1,0;1,1,0;1,1,0
1,0,1;1,1,1;1,1,0;1,1,0;1,1,1;1,0,0;1,0,1;1,0,0;1,0,0;1,0,1
1,1,1;1,0,0;1,0,1;1,0,0;1,0,0;1,0,1;1,0,0;1,0,0;1,0,1;1,0,1
1,1,0;1,1,0;1,1,1;1,0,1;1,1,1;1,0,0;1,0,1;1,1,1;1,0,0;1,0,1
1,1,0;1,1,0;1,1,0;1,1,1;1,1,1;1,0,0;1,0,0;1,0,1;1,0,1;1,1,0
1,1,1;1,0,1;1,1,0;1,0,0;1,0,0;1,0,1;1,0,0;1,0,1;1,0,1;1,1,0
1,1,0;1,1,0;1,1,0;1,1,1;1,0,1;1,1,1;1,0,0;1,0,1;1,0,1;1,1,0
1,0,0;1,0,1;1,0,0;1,0,0;1,0,1;1,0,0;1,0,1;1,1,0;1,1,1;1,1,0
1,1,0;1,0,1;1,0,1;1,0,0;1,0,0;1,0,1;1,0,1;1,1,1;1,1,0;1,1,0
1,0,0;1,0,1;1,1,0;1,1,0;1,1,0;1,1,1;1,1,0;1,1,1;1,0,0;1,0,1
1,1,0;1,1,0;1,1,1;1,0,0;1,0,1;1,0,1;1,1,1;1,0,1;1,1,1;1,0,1
1,0,0;1,0,1;1,0,1;1,0,1;1,0,1;1,1,1;1,1,0;1,1,0;1,0,1;1,1,1
1,1,0;1,1,1;1,0,0;1,0,0;1,0,1;1,0,1;1,0,0;1,0,0;1,0,1;1,1,1
1,1,0;1,0,0;1,0,1;1,1,1;1,0,0;1,0,1;1,1,0;1,1,0;1,1,1;1,1,0
1,0,1;1,0,1;1,0,1;1,0,0;1,0,0;1,0,0;1,0,1;1,0,0;1,0,1;1,0,1
1,0,0;1,0,0;1,0,0;1,0,0;1,0,0;1,0,0;1,0,1;1,0,0;1,0,1;1,1,0
1,0,1;1,0,1;1,1,1;1,1,0;1,0,0;1,0,0;1,0,0;1,0,0;1,0,0;1,0,1
1,0,1;1,0,1;1,0,0;1,0,1;1,1,1;1,0,0;1,0,0;1,0,0;1,0,0;1,0,1
1,0,1;1,0,0;1,0,0;1,0,1;1,1,0;1,0,1;1,0,0;1,0,1;1,0,1;1,0,1
1,0,1;1,1,0;1,0,1;1,0,0;1,0,0;1,0,1;1,1,1;1,1,0;1,0,1;1,1,1
1,0,0;1,0,1;1,0,0;1,0,0;1,0,1;1,0,1;1,1,1;1,0,1;1,0,1;1,0,1
1,0,1;1,1,0;1,0,1;1,1,0;1,1,0;1,1,0;1,1,0;1,1,0;1,1,1;1,1,1
1,1,0;1,0,1;1,0,0;1,0,1;1,0,0;1,0,0;1,0,1;1,0,0;1,0,0;1,0,1
1,1,1;1,1,1;1,1,0;1,1,0;1,0,0;1,0,1;1,1,0;1,0,0;1,0,1;1,1,0
1,1,1;1,1,1;1,1,0;1,1,0;1,0,1;1,1,0;1,0,0;1,0,1;1,1,1;1,1,1
1,1,0;1,0,0;1,0,1;1,1,0;1,1,1;1,0,0;1,0,0;1,0,0;1,0,1;1,0,1
1,1,1;1,1,1;1,0,1;1,1,1;1,0,0;1,0,1;1,0,1;1,0,0;1,0,0;1,0,1
1,0,0;1,0,1;1,0,1;1,1,1;1,1,0;1,0,1;1,1,0;1,1,0;1,0,0;1,0,1
1,1,0;1,1,0;1,0,1;1,0,1;1,1,1;1,0,1;1,1,1;1,1,0;1,1,1;1,0,1
1,0,0;1,0,1;1,0,1;1,1,0;1,1,0;1,1,0;1,0,0;1,0,0;1,0,0;1,0,1
1,0,1;1,1,1;1,0,1;1,0,0;1,0,0;1,0,1;1,1,1;1,0,0;1,0,1;1,1,0
1,1,1;1,1,0;1,1,1;1,0,1;1,0,0;1,0,0;1,0,0;1,0,1;1,1,1;1,1,1
1,1,0;1,1,0;1,1,1;1,1,1;1,1,0;1,0,1;1,0,0;1,0,0;1,0,0;1,0,1
1,1,1;1,0,1;1,1,1;1,1,0;1,0,0;1,0,0;1,0,1;1,0,1;1,0,0;1,0,1
1,0,1;1,0,0;1,0,0;1,0,0;1,0,1;1,0,1;1,1,0;1,1,1;1,0,0;1,0,1
1,0,1;1,0,0;1,0,1;1,0,1;1,1,0;1,1,1;1,0,0;1,0,0;1,0,0;1,0,1
1,0,1;1,0,1;1,0,1;1,1,1;1,1,0;1,1,0;1,0,1;1,0,0;1,0,0;1,0,1
1,0,1;1,0,1;1,1,0;1,0,0;1,0,0;1,0,1;1,0,1;1,1,0;1,0,0;1,0,1
1,1,0;1,1,1;1,0,1;1,0,1;1,0,0;1,0,0;1,0,1;1,0,1;1,1,1;1,1,0
1,0,1;1,0,1;1,0,1;1,0,1;1,0,1;1,0,0;1,0,0;1,0,1;1,1,0;1,0,1
1,1,0;1,1,1;1,1,1;1,0,0;1,0,0;1,0,0;1,0,0;1,0,0;1,0,1;1,0,1
1,1,1;1,0,0;1,0,1;1,1,0;1,1,1;1,1,1;1,1,0;1,1,0;1,0,1;1,1,0
1,0,1;1,0,1;1,1,1;1,0,0;1,0,1;1,0,1;1,1,1;1,1,1;1,0,0;1,0,1
1,1,1;1,1,1;1,0,1;1,0,0;1,0,0;1,0,1;1,0,0;1,0,0;1,0,0;1,0,1
1,1,1;1,0,1;1,0,0;1,0,0;1,0,0;1,0,0;1,0,0;1,0,1;1,0,0;1,0,1
1,1,1;1,1,0;1,0,0;1,0,1;1,0,0;1,0,0;1,0,0;1,0,0;1,0,1;1,0,1
1,0,0;1,0,1;1,1,0;1,1,0;1,1,1;1,1,0;1,1,0;1,0,1;1,0,1;1,0,1
1,0,0;1,0,0;1,0,1;1,1,0;1,1,1;1,0,1;1,1,0;1,0,0;1,0,0;1,0,1
1,1,0;1,0,1;1,1,0;1,0,1;1,1,0;1,0,1;1,0,1;1,1,0;1,0,1;1,0,1
1,1,1;1,1,1;1,0,1;1,1,1;1,0,0;1,0,0;1,0,1;1,1,1;1,0,1;1,1,1
1,0,1;1,1,1;1,0,1;1,1,0;1,0,1;1,0,1;1,0,0;1,0,1;1,1,1;1,1,0
1,1,1;1,1,0;1,0,1;1,1,1;1,1,1;1,1,0;1,1,1;1,0,0;1,0,1;1,1,1
1,1,1;1,1,1;1,1,1;1,1,1;1,1,0;1,1,1;1,0,0;1,0,1;1,0,0;1,0,1
1,0,1;1,0,1;1,0,0;1,0,1;1,1,0;1,1,0;1,1,0;1,0,1;1,1,1;1,1,1
1,0,1;1,1,1;1,1,0;1,1,1;1,0,0;1,0,0;1,0,1;1,0,1;1,0,1;1,0,1
1,1,1;1,1,1;1,1,1;1,1,0;1,0,0;1,0,1;1,1,0;1,0,0;1,0,0;1,0,1
1,1,1;1,1,1;1,0,0;1,0,1;1,0,1;1,0,0;1,0,0;1,0,0;1,0,1;1,1,1
1,0,0;1,0,1;1,0,1;1,1,1;1,1,0;1,1,0;1,1,0;1,0,1;1,0,1;1,0,1
1,0,1;1,0,1;1,1,1;1,0,0;1,0,0;1,0,0;1,0,1;1,0,1;1,0,1;1,0,1
1,0,0;1,0,0;1,0,0;1,0,1;1,1,0;1,0,1;1,0,0;1,0,1;1,1,0;1,1,0
1,0,1;1,1,1;1,0,1;1,1,1;1,1,0;1,0,0;1,0,1;1,1,0;1,1,1;1,1,1
1,1,0;1,1,0;1,0,0;1,0,1;1,0,1;1,1,0;1,0,0;1,0,1;1,0,1;1,0,1
1,0,0;1,0,1;1,0,1;1,1,1;1,1,0;1,0,0;1,0,1;1,1,1;1,0,1;1,1,0
1,1,1;1,0,1;1,1,1;1,1,0;1,1,0;1,1,1;1,0,1;1,0,0;1,0,1;1,0,1
1,0,1;1,0,1;1,0,1;1,1,1;1,1,1;1,0,1;1,0,0;1,0,1;1,1,1;1,1,1
1,1,1;1,0,0;1,0,1;1,0,0;1,0,0;1,0,0;1,0,1;1,0,0;1,0,0;1,0,1
1,1,1;1,0,0;1,0,1;1,0,1;1,1,1;1,1,0;1,0,0;1,0,0;1,0,1;1,1,0
1,0,0;1,0,0;1,0,1;1,0,0;1,0,0;1,0,0;1,0,1;1,0,0;1,0,0;1,0,1
1,0,1;1,1,0;1,0,1;1,0,0;1,0,1;1,1,1;1,1,0;1,0,0;1,0,0;1,0,1
1,1,0;1,1,0;1,0,0;1,0,0;1,0,0;1,0,0;1,0,0;1,0,1;1,1,1;1,0,1
1,1,1;1,1,1;1,1,1;1,1,0;1,1,0;1,1,1;1,0,1;1,1,0;1,1,1;1,0,1
1,1,0;1,1,0;1,1,1;1,0,0;1,0,0;1,0,1;1,1,1;1,0,1;1,0,0;1,0,1
1,0,1;1,0,0;1,0,0;1,0,0;1,0,0;1,0,0;1,0,0;1,0,1;1,1,1;1,1,1
1,1,1;1,0,1;1,1,0;1,1,1;1,1,0;1,1,1;1,0,0;1,0,1;1,1,1;1,0,1
1,0,0;1,0,0;1,0,1;1,1,0;1,0,1;1,1,0;1,0,1;1,0,0;1,0,1;1,1,0
1,1,1;1,0,1;1,0,1;1,0,0;1,0,1;1,0,1;1,1,1;1,1,0;1,0,0;1,0,1
1,1,1;1,0,1;1,0,0;1,0,1;1,1,1;1,0,1;1,1,0;1,0,0;1,0,0;1,0,1
1,1,0;1,0,0;1,0,1;1,0,1;1,0,1;1,1,0;1,1,1;1,1,1;1,1,0;1,1,1
1,1,1;1,1,1;1,0,0;1,0,1;1,0,1;1,1,1;1,1,1;1,0,1;1,0,1;1,0,1
1,1,0;1,1,0;1,0,0;1,0,0;1,0,0;1,0,0;1,0,0;1,0,0;1,0,0;1,0,1
1,1,0;1,0,1;1,0,1;1,0,1;1,0,0;1,0,1;1,1,0;1,1,0;1,1,0;1,1,1
1,1,1;1,1,0;1,1,0;1,1,0;1,1,0;1,0,0;1,0,0;1,0,1;1,1,1;1,0,1
---
---
F,G,X,!,&,|
---
x0,x1,x2
---
G(&(x0,->(!(x1),U(!(x1),&(x2,!(x1))))))