1,0;1,0;1,0;1,0;1,0;1,0;1,0;1,0;1,0;1,0
1,0;0,0;1,0;0,0;0,0;0,0;1,0;1,0;1,0;0,0
1,0;1,1;1,1;1,0;0,0;1,0;1,0;0,1;1,1;0,1
1,0;0,1;0,0;1,0;1,1;1,1;0,0;1,1;1,0;0,1
1,1;1,0;0,0;1,1;0,1;1,0;1,1;0,1;1,0;1,1
1,0;0,1;0,1;1,1;1,0;0,0;1,1;0,0;1,1;0,1
1,0;0,1;0,1;0,0;1,0;0,0;1,0;1,0;0,0;1,1
1,1;0,0;0,1;1,1;0,0;1,0;1,0;0,1;1,0;0,0
1,1;1,0;0,1;0,0;0,1;0,0;0,0;0,0;0,1;0,1
0,1;1,1;1,1;0,1;1,1;0,0;0,1;1,1;1,0;0,0
1,1;0,0;1,0;0,1;1,0;1,1;1,0;1,0;0,0;1,1
1,0;0,1;0,0;1,0;0,1;0,1;0,1;0,0;1,0;0,1
0,1;1,0;0,1;1,1;0,0;0,0;0,0;1,0;0,0;1,1
1,1;0,1;1,0;0,1;1,0;0,1;0,1;0,0;0,0;0,1
0,1;0,1;0,0;1,1;1,1;0,0;0,1;1,0;0,1;1,0
1,0;1,1;1,1;0,0;1,1;1,0;1,1;0,1;1,0;0,0
1,1;1,0;0,1;0,1;1,1;1,1;0,1;1,1;1,1;1,1
1,0;1,1;0,1;1,0;0,1;1,0;0,1;1,0;1,1;1,0
0,1;1,0;0,0;0,1;0,1;0,1;1,0;1,1;1,1;1,0
1,1;1,0;1,1;1,0;1,1;1,0;1,0;0,1;0,0;0,0
1,1;0,0;1,1;0,1;0,1;0,0;1,0;0,0;0,0;0,1
0,1;0,0;1,0;0,1;1,1;1,1;0,1;1,0;1,1;1,0
0,1;0,1;0,1;0,1;1,1;0,0;0,0;1,0;1,1;1,0
1,1;1,0;1,1;0,0;0,1;0,0;0,1;1,1;1,0;1,0
1,1;0,0;0,0;0,1;0,0;1,1;1,1;1,1;0,1;1,1
1,1;1,1;1,1;1,0;1,0;1,1;0,1;0,0;1,1;1,1
0,1;0,1;0,1;0,0;0,0;0,0;0,1;1,1;1,0;0,0
0,1;0,0;0,0;0,1;1,1;0,1;1,0;0,1;1,1;1,1
0,1;0,1;0,1;0,0;1,1;0,0;1,1;0,0;0,1;0,0
1,1;0,1;1,1;0,1;1,1;1,0;0,0;0,0;0,0;0,0
0,1;1,0;1,0;0,0;1,0;0,0;0,0;0,0;0,0;0,1
1,1;0,1;1,1;1,1;0,1;0,1;1,1;1,0;0,1;1,1
1,0;1,0;1,0;1,1;0,1;1,1;1,1;1,0;0,1;1,0
1,0;1,1;0,0;0,1;0,1;1,1;0,0;0,1;1,0;0,1
0,1;1,0;0,1;0,1;1,1;0,1;0,0;1,0;1,0;1,1
0,1;0,1;1,1;0,1;0,0;1,0;1,1;0,1;1,0;1,0
1,0;1,1;1,1;1,0;0,0;1,1;1,1;0,0;1,1;0,0
0,1;1,1;0,0;1,0;0,1;0,1;1,1;0,1;1,0;1,1
0,1;0,1;1,0;1,0;1,0;0,0;0,0;0,0;0,1;1,1
1,1;0,1;1,1;1,1;0,1;1,0;0,1;0,1;1,1;0,1
1,1;1,1;1,1;0,0;0,0;1,0;0,0;1,0;0,0;0,1
1,1;1,1;1,0;0,1;0,0;1,0;0,0;1,0;1,1;1,1
0,1;1,0;0,0;1,0;0,1;1,1;0,1;1,1;0,1;0,1
1,1;1,1;0,0;0,1;1,1;1,1;1,0;1,1;1,1;1,1
0,1;0,0;1,1;1,1;0,1;0,1;1,0;1,1;0,0;1,1
1,0;1,1;1,1;1,1;0,0;0,1;0,0;0,0;0,0;1,0
0,1;1,0;0,1;0,0;1,1;0,1;0,0;0,1;0,1;0,1
1,0;1,0;1,1;0,1;0,0;0,1;1,0;0,0;0,1;1,1
1,1;1,0;1,1;1,1;0,0;1,0;1,1;0,0;0,0;0,1
1,0;1,0;1,0;0,1;1,1;1,0;0,1;0,0;0,0;0,1
1,1;0,0;1,1;1,0;0,0;1,1;1,1;0,0;1,0;0,0
1,1;1,1;0,0;1,1;0,0;0,0;1,1;1,0;0,1;1,0
1,1;0,0;1,1;0,0;0,1;1,1;0,0;0,0;1,1;1,0
1,0;1,1;1,0;1,1;0,0;1,0;1,0;1,0;0,1;0,0
1,0;0,1;1,0;1,0;1,0;1,0;0,0;1,0;0,0;0,0
0,1;0,1;0,1;1,1;0,1;1,0;1,1;1,0;0,0;1,0
1,0;0,1;1,1;1,1;0,0;1,0;0,0;0,1;1,1;0,1
1,0;1,1;1,1;0,1;0,1;0,0;1,0;0,1;0,1;0,1
1,1;0,0;1,1;0,0;1,0;1,1;1,1;0,0;1,0;1,1
1,0;1,0;1,1;0,0;1,0;0,0;0,1;1,0;0,1;1,0
0,1;1,0;1,0;1,0;0,0;1,0;0,0;0,0;0,0;0,1
1,0;1,0;1,1;1,0;1,0;1,1;0,0;1,1;0,1;1,1
0,1;1,0;1,1;1,1;0,1;1,1;1,1;1,0;0,0;1,1
0,1;1,1;0,1;0,1;1,1;1,1;1,0;1,1;0,0;1,0
0,1;0,1;0,0;0,1;0,1;1,1;1,0;0,1;1,0;1,1
0,1;0,0;1,0;1,1;1,0;1,0;1,1;0,0;0,1;0,1
1,1;1,1;1,0;1,1;0,1;1,1;0,0;1,0;0,0;1,0
1,1;1,0;1,1;1,0;0,0;0,0;1,0;1,1;0,1;0,1
0,1;0,0;0,1;0,1;1,1;0,0;1,0;1,1;0,0;0,0
1,0;0,1;1,1;0,0;1,1;1,0;0,1;0,1;1,1;1,0
0,1;0,0;1,0;1,1;0,1;1,1;1,1;1,0;1,1;0,1
1,0;1,0;1,0;1,1;1,1;0,0;1,0;0,1;0,1;0,0
1,0;1,1;0,1;1,0;0,1;1,1;0,0;1,1;1,1;1,1
1,0;0,1;0,0;1,1;1,0;0,1;1,1;1,1;1,0;1,0
1,0;0,1;0,1;0,0;0,0;0,0;1,1;1,0;1,1;1,1
0,1;1,1;0,0;0,1;0,0;0,0;1,1;1,0;1,1;1,1
1,0;0,1;0,0;0,0;0,0;0,0;1,1;0,1;1,0;1,1
1,1;1,0;0,1;0,1;0,1;0,1;1,0;0,1;0,1;0,1
1,1;0,1;0,0;0,0;0,0;0,0;1,1;1,0;0,1;1,0
1,0;1,1;0,1;0,0;0,0;0,0;1,1;0,0;1,0;0,1
1,0;1,1;1,0;0,1;0,1;0,0;0,0;1,0;0,1;0,1
1,1;1,0;0,0;0,0;0,1;1,1;1,1;0,0;0,1;0,0
1,1;1,0;0,1;1,1;1,0;1,0;1,1;0,0;0,1;0,1
0,1;0,1;1,0;1,1;1,1;1,0;0,0;1,0;1,0;0,0
1,0;1,1;1,0;0,1;0,0;0,0;0,1;0,0;1,1;0,1
1,1;0,1;0,1;1,0;0,1;0,1;1,1;0,0;1,0;0,1
1,1;0,0;1,0;0,1;1,0;0,0;0,0;0,0;1,1;1,0
0,1;0,0;0,1;1,0;0,0;0,1;1,0;1,1;1,1;0,0
0,1;1,0;1,1;1,1;1,1;1,0;1,0;1,0;0,1;1,0
0,1;0,0;0,0;1,0;0,0;0,0;1,0;1,0;1,0;1,0
0,1;1,0;0,0;1,0;0,1;1,1;1,1;0,0;1,0;1,1
0,1;0,0;0,1;0,0;0,0;1,1;1,1;1,0;0,1;1,0
0,1;0,0;0,1;0,0;1,0;1,0;1,0;1,1;0,0;0,0
0,1;0,0;1,0;1,1;1,0;0,1;0,1;0,1;1,0;0,1
0,1;1,0;1,0;1,1;1,1;0,0;0,0;1,1;1,0;1,1
0,1;0,1;0,0;0,1;0,0;1,1;1,1;0,1;1,1;0,1
1,1;0,1;1,0;0,1;0,1;1,1;0,1;1,1;0,0;1,1
1,1;1,0;1,1;0,1;0,1;0,0;1,1;0,1;0,1;0,0
0,1;1,1;1,1;0,0;0,0;0,1;1,0;1,1;0,0;0,1
0,1;0,0;0,1;0,1;1,1;1,0;0,1;1,1;1,1;0,1
0,1;1,0;0,0;0,0;1,0;1,0;1,0;1,0;0,0;0,0
1,1;0,0;1,1;1,1;0,1;1,0;0,0;1,0;0,1;1,1
0,1;0,0;1,0;1,1;1,0;0,0;1,1;0,1;0,0;0,0
0,1;1,1;0,0;1,0;1,0;0,1;0,1;0,1;0,1;0,0
0,1;0,0;0,1;1,1;1,1;0,0;0,1;1,1;1,1;0,0
0,1;0,0;1,0;0,1;1,0;0,0;1,1;0,1;0,1;1,1
1,0;1,1;1,0;0,1;1,1;0,0;1,0;0,1;0,0;1,1
0,1;1,0;0,1;1,1;1,1;1,0;1,0;1,0;1,0;0,1
1,0;1,0;1,0;0,1;1,0;1,1;0,1;0,1;0,1;0,0
1,1;0,0;0,0;0,1;0,0;1,0;1,0;0,0;0,0;1,0
1,0;1,0;1,0;1,1;1,0;1,1;1,0;1,1;1,1;1,0
0,1;1,0;0,1;0,1;0,1;0,0;0,0;0,0;0,1;0,1
1,1;1,1;1,0;0,1;1,0;1,0;1,1;1,1;1,0;0,0
1,1;1,0;0,1;0,1;0,0;1,0;0,1;0,0;1,1;0,1
1,0;0,1;1,1;1,1;0,0;1,1;1,0;0,1;1,0;0,0
1,0;0,1;1,1;0,1;0,1;1,1;1,1;1,1;0,1;0,1
1,1;1,0;0,0;1,1;0,1;0,1;0,0;0,1;0,0;0,1
1,0;1,0;1,1;1,1;1,0;1,1;0,0;1,0;0,1;1,1
1,1;0,1;0,1;1,1;0,0;1,0;0,1;1,1;1,1;1,1
1,0;0,1;0,0;1,0;0,0;1,1;1,0;1,1;0,0;1,1
0,1;0,1;1,0;0,0;0,0;0,0;1,1;0,1;1,1;0,0
0,1;0,0;1,0;1,1;1,0;1,0;0,1;1,1;1,0;0,1
0,1;0,1;1,1;0,1;0,1;0,0;0,1;0,0;1,0;1,1
0,1;0,1;1,1;0,0;0,0;0,1;1,1;1,1;1,0;0,1
0,1;0,1;1,1;0,1;1,1;0,0;1,0;0,0;0,1;1,1
1,1;0,1;1,0;0,1;1,1;1,1;0,0;0,0;1,1;1,0
1,0;0,1;1,0;0,1;1,0;1,1;0,1;0,0;0,0;1,0
0,1;0,1;0,0;0,0;0,1;1,1;1,1;0,0;1,1;1,0
1,1;1,0;1,0;0,1;1,0;1,1;0,1;0,0;1,1;0,1
1,0;1,0;0,1;0,0;1,1;1,1;1,1;0,0;1,1;1,0
0,1;1,0;1,1;0,0;1,0;0,1;1,0;1,0;0,0;1,1
1,1;0,0;0,1;0,0;1,0;1,1;1,1;0,1;0,1;1,0
1,0;0,1;0,1;1,1;1,1;0,1;0,0;1,1;1,0;1,1
1,0;1,1;0,0;0,0;1,0;0,0;0,1;1,1;1,0;0,1
0,1;1,1;1,0;0,1;0,0;0,0;0,0;1,0;0,0;0,0
1,0;1,1;1,1;1,1;1,1;0,0;0,0;0,0;0,0;0,1
1,1;1,0;0,0;0,1;1,0;1,1;0,0;0,0;1,1;1,0
0,1;1,0;0,0;1,0;0,0;0,1;1,1;0,0;1,1;1,1
0,1;1,0;0,0;0,1;1,0;1,1;1,1;0,1;0,1;0,1
0,1;0,1;1,0;1,0;0,0;1,0;1,0;1,1;1,1;0,0
1,0;1,0;1,1;1,1;0,0;0,1;0,1;1,1;1,0;1,1
0,1;0,0;1,0;1,0;1,1;0,0;0,1;1,1;0,0;0,1
1,1;1,1;1,1;1,1;1,0;1,0;0,0;1,0;0,0;0,1
0,1;1,0;1,0;0,0;0,0;0,0;1,1;1,0;0,0;1,0
1,1;0,0;0,1;0,1;1,1;0,0;0,1;1,0;0,0;1,1
1,0;0,1;1,0;0,0;1,0;1,1;0,1;0,1;1,1;0,1
1,0;1,0;1,1;1,1;0,0;1,1;1,0;1,0;0,0;1,0
1,0;1,1;1,1;1,1;1,0;1,0;1,0;0,0;0,0;1,1
1,1;0,1;0,0;1,1;1,0;0,0;0,0;0,1;1,0;1,1
1,0;0,1;1,0;0,1;0,1;0,0;1,0;0,0;1,0;1,0
0,1;0,1;0,1;0,0;0,1;0,1;0,1;0,1;0,1;1,0
1,1;1,1;0,1;0,0;1,0;1,0;0,0;0,0;0,0;0,0
1,0;0,1;0,0;1,0;1,0;1,1;1,1;0,1;0,1;1,1
0,1;1,0;1,0;0,0;1,0;1,0;0,1;1,1;1,1;0,0
0,1;0,1;1,0;0,1;1,0;1,0;1,1;1,0;0,0;0,0
1,0;1,1;0,1;0,1;0,0;0,0;0,0;1,1;0,0;1,0
1,0;0,1;0,1;1,1;0,1;0,1;1,1;1,1;1,1;1,1
0,1;1,0;0,1;0,0;1,0;1,1;0,0;0,1;0,1;1,0
1,1;0,1;1,0;0,0;1,1;0,1;1,1;0,0;0,0;0,0
1,1;1,0;0,1;1,1;0,0;1,1;0,0;1,0;1,0;1,0
1,1;0,0;1,1;1,1;0,0;0,0;1,0;1,0;1,1;0,1
0,1;0,0;1,1;1,0;0,0;1,1;1,0;0,0;0,0;0,1
1,0;1,1;0,0;0,0;1,1;1,1;1,1;0,0;0,0;0,1
0,1;0,1;0,0;1,0;1,0;1,0;0,1;1,0;0,1;1,1
1,1;0,1;1,1;1,1;0,1;0,0;1,0;1,1;1,0;0,0
1,1;0,0;1,0;0,0;1,0;1,0;0,0;0,0;0,1;1,0
1,0;1,1;0,0;1,0;1,0;1,1;0,0;0,0;0,1;0,0
0,1;1,0;1,1;0,0;1,1;0,0;0,0;1,1;0,1;1,0
1,0;1,0;0,1;0,0;1,1;0,0;0,1;1,1;1,0;0,0
1,1;1,0;1,0;0,1;0,1;0,0;0,1;1,1;0,1;0,0
1,1;0,0;0,0;0,1;0,0;0,0;1,0;0,1;0,0;1,0
1,1;1,0;1,0;0,0;0,0;1,0;0,1;1,1;1,1;0,0
1,0;1,1;1,1;1,0;1,1;1,1;1,0;0,0;0,0;0,1
0,1;0,1;1,0;1,1;1,0;0,1;1,1;0,1;0,1;0,0
1,0;1,0;1,1;0,0;0,1;0,0;0,1;0,0;1,0;1,1
0,1;1,0;0,1;1,0;1,1;1,1;0,0;1,1;0,0;1,1
1,0;1,1;1,1;0,0;1,1;0,1;1,0;0,0;1,1;0,1
1,0;0,1;0,1;0,1;1,0;0,0;1,0;1,1;0,0;1,0
1,0;0,1;1,0;0,0;0,1;1,1;0,1;1,1;1,1;1,0
0,1;1,1;1,0;1,0;0,1;0,0;1,0;1,1;0,1;1,0
1,0;1,0;0,1;0,0;1,0;1,0;1,0;1,0;1,0;0,0
1,1;1,1;0,1;0,0;1,1;1,1;1,0;1,1;1,0;1,1
1,0;1,1;0,0;0,1;0,1;0,1;0,0;1,0;0,1;0,0
0,1;0,1;0,0;0,1;0,1;1,0;0,0;0,0;0,0;1,0
1,0;1,0;1,1;0,0;1,1;0,0;1,0;0,0;1,1;1,1
0,1;1,1;1,0;1,0;1,1;0,0;1,0;0,1;0,0;1,0
1,0;1,0;0,1;1,1;1,0;0,1;0,0;1,0;0,1;0,0
1,0;1,1;0,0;1,1;0,0;0,1;0,1;0,1;0,1;0,0
1,0;1,1;1,0;0,0;0,0;1,1;0,0;0,0;0,1;1,0
1,0;0,1;0,0;0,1;1,1;0,1;1,0;0,1;0,1;0,1
1,0;1,1;0,0;1,0;0,0;0,0;0,1;0,0;1,1;1,0
1,0;0,1;1,1;1,1;0,0;1,1;1,1;0,0;1,0;0,1
0,1;0,1;1,1;1,0;0,0;0,1;1,0;0,1;1,0;1,0
0,1;0,1;1,0;1,0;1,0;1,1;1,1;1,0;1,1;0,0
0,1;0,0;0,0;0,0;0,0;1,0;1,0;0,0;0,1;0,0
1,1;0,0;1,0;1,1;1,1;1,1;0,1;1,1;0,1;1,1
1,1;0,0;0,0;1,1;0,1;0,1;1,0;0,0;1,1;1,1
1,0;1,1;0,1;1,0;1,0;0,0;0,0;0,1;0,0;1,0
0,1;1,1;1,0;0,1;0,1;1,1;1,0;1,1;0,0;1,1
0,1;0,0;0,0;1,0;0,0;1,1;0,0;0,1;1,0;1,0
1,0;1,1;1,0;1,1;0,1;1,1;0,0;1,0;0,1;0,0
1,0;0,1;1,0;0,1;0,1;1,0;1,1;0,0;0,0;1,1
1,1;1,1;0,0;1,1;1,1;1,0;0,1;0,1;0,0;0,1
0,1;1,1;0,1;1,1;0,0;0,1;1,0;1,0;0,0;0,0
0,1;0,0;1,1;1,1;1,0;0,0;1,0;1,0;0,1;0,0
0,1;0,1;1,1;0,0;0,1;1,1;1,1;0,1;1,1;1,0
0,1;0,0;1,0;1,1;0,1;1,0;1,1;0,0;1,0;1,1
1,0;1,0;1,1;0,0;1,1;0,1;0,1;1,1;1,1;0,0
1,0;1,0;1,0;1,1;0,1;1,0;1,0;1,1;1,0;1,0
0,1;0,1;0,0;1,1;1,1;0,1;0,1;0,1;0,0;1,0
1,0;1,0;0,1;0,0;1,0;0,0;0,0;1,0;1,1;1,1
1,0;0,1;1,1;0,1;1,0;0,0;1,0;1,1;0,0;0,1
1,1;1,0;1,0;0,0;1,1;0,0;1,0;0,0;0,1;1,0
1,0;0,1;1,0;0,0;0,1;1,1;1,1;0,0;0,0;1,1
0,1;1,0;0,0;1,1;0,1;0,1;1,1;1,1;1,1;1,1
1,1;0,1;0,0;1,0;0,0;1,1;0,0;1,0;0,1;0,1
1,0;1,1;0,1;0,1;0,1;0,1;1,0;0,1;0,0;1,1
1,1;1,1;0,0;0,0;0,0;0,0;1,0;0,0;1,0;1,1
1,0;1,0;0,1;1,0;0,1;1,0;0,0;0,0;0,1;0,0
0,1;0,0;0,0;0,1;1,1;1,1;0,0;0,1;1,0;0,0
0,1;0,0;0,0;0,1;0,0;1,1;0,0;0,1;0,0;1,0
1,1;1,0;1,0;1,1;1,0;1,0;0,1;1,0;0,0;1,0
0,1;0,1;0,0;1,1;1,1;0,1;1,0;0,1;1,0;1,1
1,0;0,1;1,1;0,0;1,1;1,0;1,1;0,1;0,1;1,0
1,0;1,0;1,0;0,1;1,1;0,0;1,0;1,1;0,1;0,1
1,1;1,1;0,1;0,0;1,1;0,0;0,1;0,1;0,1;1,0
1,1;0,0;1,0;0,0;1,0;0,1;1,1;1,0;1,1;1,1
1,1;1,1;0,0;1,1;0,1;0,1;0,1;1,1;0,0;0,0
1,1;1,1;1,0;1,1;1,0;1,1;1,1;1,1;1,1;1,1
1,1;0,1;1,1;0,0;0,1;0,0;1,1;0,0;0,0;0,1
0,1;1,1;1,0;1,1;0,1;1,0;1,1;1,0;1,0;0,1
0,1;0,0;0,0;1,1;0,0;1,1;1,0;0,1;1,0;0,1
1,0;1,0;1,0;1,0;1,1;0,1;1,0;1,0;1,1;0,0
1,1;0,0;0,1;1,1;1,0;0,1;1,1;1,1;0,1;0,0
0,1;1,0;1,0;1,1;1,0;0,0;1,1;1,1;0,1;1,0
1,0;0,1;1,1;0,1;1,0;1,0;1,1;1,0;1,0;0,0
1,1;1,1;0,0;0,1;1,1;1,0;0,1;1,1;1,0;1,1
0,1;0,0;0,1;1,1;0,0;0,1;0,0;0,1;1,1;1,0
1,0;0,1;1,0;1,1;0,1;0,0;0,0;0,1;1,0;0,0
1,1;1,1;1,0;1,0;0,1;1,1;0,0;0,1;1,0;1,0
0,1;0,1;0,0;0,0;0,1;1,0;0,1;1,1;1,1;0,1
1,0;0,1;0,0;1,1;1,1;1,0;0,1;1,1;1,0;0,0
1,1;0,0;1,0;0,1;1,1;0,0;0,0;1,0;0,1;0,1
0,1;0,1;1,1;1,0;1,1;0,1;1,1;1,1;1,0;0,0
0,1;1,0;1,0;1,1;0,1;1,0;0,0;1,1;0,0;0,1
0,1;0,0;0,1;1,1;1,1;0,1;1,0;1,0;1,1;1,1
1,0;1,0;1,1;1,0;0,1;0,1;0,1;0,1;0,0;1,1
0,1;0,0;1,1;1,0;1,0;0,1;0,1;1,1;1,0;1,0
1,0;1,1;0,1;1,1;0,1;0,1;1,0;0,1;1,0;1,1
1,1;0,0;1,0;1,1;1,0;0,1;1,1;1,1;1,0;1,0
1,0;0,1;0,0;0,1;1,1;0,0;1,1;0,1;0,1;0,1
1,0;1,0;1,1;0,1;0,0;0,0;0,1;0,1;1,1;1,1
0,1;0,0;1,1;1,1;1,0;1,0;0,0;0,0;0,1;0,1
1,1;1,0;0,1;1,0;1,1;1,1;1,0;1,1;1,0;1,1
1,1;1,1;1,0;1,0;1,0;1,0;1,1;0,0;1,0;0,0
0,1;0,0;1,1;0,1;1,0;1,0;0,0;0,1;1,0;1,1
0,1;0,1;1,1;1,1;0,1;1,1;0,0;0,0;0,0;1,0
0,1;1,0;1,1;1,0;0,0;0,1;0,1;1,0;0,1;0,1
1,1;0,1;1,1;1,0;1,1;1,1;1,1;1,1;0,0;1,1
1,1;0,0;0,1;1,1;1,1;0,1;0,0;1,0;1,0;0,0
1,0;1,1;0,0;1,1;0,0;0,0;0,0;0,1;0,0;0,1
0,1;0,0;0,0;0,1;0,0;1,1;0,1;1,0;0,1;0,1
0,1;0,0;0,0;0,0;0,1;0,1;1,0;0,0;1,0;1,1
1,0;0,1;0,0;1,1;1,0;0,0;0,0;1,1;0,1;0,1
1,0;1,1;1,1;0,0;1,0;1,0;1,0;0,0;0,0;1,1
1,1;0,1;0,1;0,1;0,0;0,0;0,1;1,1;0,1;1,1
1,0;1,1;0,1;1,0;1,1;0,1;1,0;0,1;0,1;1,1
0,1;0,1;0,0;1,1;0,0;0,0;1,1;0,0;0,1;0,0
0,1;0,0;1,1;1,0;1,1;0,1;1,1;0,1;0,1;0,0
1,0;1,0;1,1;0,0;0,1;0,1;0,1;0,1;0,1;1,1
1,0;1,1;0,0;1,1;0,1;1,0;0,1;0,1;1,1;0,1
1,0;1,1;1,0;1,1;0,0;1,0;0,0;1,0;0,0;1,0
1,0;0,1;1,1;0,0;1,0;0,1;0,0;1,1;1,0;1,0
1,0;1,0;0,1;1,1;1,0;1,0;1,1;1,0;1,1;0,1
1,0;1,1;1,0;1,0;0,1;0,1;1,0;0,0;1,0;0,1
1,1;1,1;0,1;1,0;0,1;1,1;0,1;1,0;1,1;1,0
1,0;0,1;0,0;1,1;1,0;0,1;1,1;1,0;1,1;0,0
1,1;1,0;1,1;1,1;0,0;0,0;0,1;1,1;1,0;1,1
0,1;1,1;1,0;0,0;1,0;1,1;1,1;1,1;0,1;0,0
1,1;0,1;1,1;0,1;1,0;0,0;0,0;1,1;1,1;1,0
1,1;0,1;0,1;0,1;1,0;1,0;0,1;0,0;0,1;1,1
0,1;1,1;0,0;0,1;1,0;0,1;1,0;0,0;0,1;0,1
1,0;1,0;1,0;0,1;0,1;1,1;0,0;1,0;1,0;1,0
1,1;0,1;1,0;0,1;0,0;1,0;1,0;1,1;0,1;0,1
0,1;1,1;0,1;0,0;0,1;1,1;0,1;1,0;1,0;1,1
1,0;1,1;1,0;0,0;0,1;0,1;1,0;1,1;1,1;1,1
1,1;1,1;1,1;0,0;1,0;1,1;1,0;0,0;1,1;0,1
1,0;1,1;0,0;0,0;0,1;1,1;1,1;0,1;0,0;1,0
0,1;0,0;0,1;1,0;1,0;1,0;0,0;0,0;1,0;0,1
1,1;0,1;0,0;1,0;0,0;0,0;0,0;1,0;0,1;1,0
0,1;1,0;1,0;1,1;1,1;0,1;0,0;0,1;1,0;1,1
1,1;0,1;1,1;0,1;0,1;0,1;1,0;1,0;0,1;1,1
1,1;0,0;0,1;0,1;1,1;0,1;1,0;0,1;1,0;0,0
0,1;0,0;0,1;1,1;1,1;0,1;1,0;1,0;1,1;0,0
1,1;0,1;0,0;0,1;0,0;1,1;0,1;0,0;0,0;0,0
1,1;1,0;1,1;0,1;0,1;0,1;0,0;0,0;1,0;0,1
0,1;0,1;0,1;0,1;0,0;0,0;1,0;0,1;0,0;0,0
0,1;1,1;0,1;1,0;1,1;1,1;1,1;0,1;0,0;0,0
1,0;1,1;0,0;1,0;1,1;1,0;1,0;1,1;1,0;1,1
1,0;1,0;1,1;0,1;0,0;0,1;0,0;0,0;1,1;0,1
0,1;1,1;1,1;0,0;0,0;0,0;0,1;1,0;1,0;1,0
1,0;1,1;0,1;0,1;1,1;0,0;0,1;0,1;0,0;0,0
0,1;0,0;1,0;0,0;1,0;1,0;0,1;1,1;0,0;1,0
0,1;0,0;1,0;1,1;1,1;0,1;1,1;0,1;0,0;1,1
1,1;0,0;1,1;1,0;1,0;0,1;1,0;0,1;0,1;1,0
0,1;1,1;1,1;0,0;1,0;1,1;1,1;0,1;0,0;1,1
1,1;0,1;0,0;1,0;1,1;1,1;1,1;0,1;0,0;0,0
1,1;0,1;0,1;1,0;0,0;1,0;0,0;0,0;1,0;0,0
1,1;0,1;1,1;1,1;1,1;1,0;1,1;1,1;1,1;1,1
0,1;1,1;0,1;0,0;1,1;0,1;1,0;0,1;0,0;1,1
0,1;0,1;1,1;0,0;1,0;1,1;1,1;0,1;0,0;1,0
1,0;0,1;1,1;1,1;0,0;1,1;0,0;0,0;0,0;1,0
0,1;1,0;1,1;0,0;0,0;1,0;1,1;0,0;0,0;1,1
1,0;0,1;0,1;1,1;1,1;1,1;0,0;0,1;1,0;1,1
0,1;1,1;0,0;1,0;0,0;1,0;0,1;1,0;0,1;0,1
0,1;0,0;1,1;0,1;1,0;0,1;1,1;1,1;1,1;0,0
1,0;1,1;0,0;0,1;0,1;1,0;0,1;1,1;0,1;1,1
1,1;0,0;1,1;0,1;0,0;1,0;1,1;0,1;1,1;1,0
1,0;1,0;1,1;1,0;0,0;1,1;1,1;1,1;0,0;1,1
1,0;1,1;0,0;1,0;0,1;1,1;1,1;1,1;0,1;1,0
1,1;0,0;0,1;0,1;0,1;0,1;0,1;1,1;0,0;1,1
1,0;1,1;0,0;0,0;0,1;0,1;1,1;0,1;0,1;0,1
0,1;0,1;1,1;0,1;0,1;0,0;1,0;1,0;0,0;0,0
0,1;0,1;0,1;1,1;0,1;1,1;1,0;0,1;0,0;1,1
1,1;1,1;0,1;1,0;0,1;0,1;0,0;0,1;0,0;1,0
1,1;1,0;0,1;0,0;0,0;1,1;0,1;1,0;1,1;0,1
1,0;1,1;1,1;0,0;1,0;1,1;0,0;1,1;0,1;0,0
0,1;1,0;0,0;0,0;1,1;0,0;1,0;0,0;1,1;0,0
0,1;0,1;0,0;0,0;0,1;0,1;1,1;1,1;0,1;1,0
1,0;1,1;0,1;0,0;0,1;0,1;0,0;0,1;0,1;0,0
1,1;1,0;1,1;1,0;0,1;1,1;1,1;0,1;1,0;0,0
0,1;0,1;0,1;0,1;1,0;0,0;1,1;0,0;0,0;1,1
1,1;1,0;1,1;0,1;1,1;1,0;1,1;1,0;1,1;0,1
1,1;0,0;1,0;0,1;0,1;1,1;1,0;1,1;1,0;0,1
1,1;1,1;0,1;0,1;0,1;1,1;1,1;0,0;0,1;0,1
1,1;0,1;1,1;0,1;0,1;1,0;0,1;0,1;1,1;0,1
0,1;0,0;1,0;1,0;0,0;0,1;0,1;0,0;1,0;1,0
1,0;1,0;1,1;1,1;1,1;1,1;0,1;1,0;0,1;1,0
0,1;0,1;0,1;0,0;1,0;0,1;1,1;1,1;0,1;1,1
1,0;1,1;0,1;0,0;1,0;1,0;0,0;0,0;1,1;0,0
1,1;0,1;0,0;0,0;0,0;1,0;1,1;1,1;1,0;1,0
0,1;1,1;0,0;1,1;1,0;0,0;0,1;1,1;0,1;0,0
1,0;1,0;1,0;1,0;1,1;0,0;0,0;1,0;0,1;1,0
0,1;1,0;0,0;1,0;0,0;1,1;1,0;1,1;1,0;0,1
0,1;0,0;1,1;1,1;1,1;1,0;1,0;0,0;0,0;0,1
1,1;1,1;0,0;1,0;0,0;1,0;1,1;0,1;0,1;1,1
1,0;1,1;1,1;0,1;1,1;1,1;1,0;0,0;0,0;1,1
1,0;1,0;1,1;0,1;1,1;0,1;1,0;0,0;0,1;0,1
1,1;1,0;0,1;0,0;1,1;0,0;1,0;0,1;0,1;0,0
1,1;0,0;0,0;0,1;0,0;1,0;1,0;1,0;1,0;1,0
0,1;1,0;1,0;0,1;0,1;1,1;0,1;0,1;1,1;1,1
1,0;1,0;1,1;0,1;1,1;0,1;1,1;1,0;0,0;1,1
0,1;0,0;1,1;1,1;1,0;0,0;1,1;0,0;1,1;0,0
0,1;1,0;1,0;1,1;0,0;0,1;1,0;1,1;1,1;1,1
0,1;0,0;0,0;0,0;1,1;1,1;1,0;1,1;1,0;1,0
1,0;0,1;1,0;0,0;1,0;0,0;1,1;0,0;0,1;0,1
1,1;0,1;0,0;1,1;0,1;0,0;0,1;1,0;0,0;0,0
0,1;1,0;1,0;0,0;0,1;0,0;0,1;0,0;1,1;1,1
1,0;0,1;0,1;1,1;0,0;1,1;1,0;0,0;0,0;0,0
1,1;0,1;0,1;0,0;1,0;0,0;1,0;0,0;1,1;0,0
0,1;1,0;1,1;1,1;1,1;0,1;1,0;1,0;1,0;1,1
1,1;0,0;0,1;0,0;1,0;0,1;1,0;1,1;1,0;1,0
1,1;0,1;1,0;1,1;0,1;0,0;1,1;1,1;0,0;1,0
1,1;1,0;1,0;1,1;0,1;0,1;0,1;1,0;1,1;1,1
1,1;1,0;0,0;1,0;0,1;0,1;1,0;1,1;0,1;0,1
1,0;0,1;0,1;0,1;0,1;0,0;0,0;1,0;1,1;1,0
0,1;0,0;0,1;0,1;1,1;1,1;0,0;0,1;1,1;1,1
1,1;0,1;0,1;0,0;0,1;0,1;0,0;1,1;0,0;0,0
1,0;0,1;0,0;1,1;0,0;0,0;1,1;1,1;0,1;1,1
0,1;0,0;0,0;0,0;0,1;1,0;0,0;1,0;0,1;0,0
1,0;1,1;1,1;1,0;0,0;0,0;1,0;1,1;0,0;0,1
1,1;0,0;0,0;1,0;1,1;1,0;0,1;1,0;1,1;0,1
0,1;1,0;0,1;0,0;0,0;1,0;0,0;0,0;1,0;0,1
1,1;0,1;1,1;0,0;0,1;1,1;1,1;1,0;1,0;0,0
0,1;1,1;0,1;1,1;1,0;1,1;1,1;1,0;1,1;1,1
1,1;0,1;0,0;0,0;1,0;1,0;1,1;1,1;1,0;1,1
1,0;1,1;0,1;1,1;1,0;0,0;0,1;1,0;0,1;1,1
1,1;0,1;1,0;0,0;1,1;0,0;0,0;1,1;0,1;0,0
1,0;1,0;0,1;1,0;1,1;1,1;1,0;1,1;1,0;0,0
1,1;0,0;1,1;1,1;1,1;0,1;1,1;1,1;1,1;0,0
1,0;0,1;1,1;1,1;0,1;1,0;0,1;1,0;1,1;0,1
0,1;1,0;0,1;0,1;0,0;1,0;0,1;1,0;1,1;0,0
1,0;1,1;1,0;1,0;0,1;1,0;1,1;1,1;1,1;1,0
0,1;1,1;1,1;0,0;1,1;1,1;0,1;0,0;0,0;1,0
1,1;0,0;1,1;0,0;1,0;0,1;0,0;1,1;1,0;1,1
1,1;0,1;1,0;1,1;1,1;1,1;0,1;1,0;1,1;1,0
1,1;0,0;1,1;0,1;0,1;1,0;0,0;1,0;1,1;1,0
0,1;0,0;0,0;0,0;0,0;1,0;0,1;1,1;0,1;0,0
1,0;1,0;1,0;1,1;0,1;0,0;1,0;1,1;1,0;0,0
1,0;1,0;1,0;1,0;1,1;1,1;0,1;1,0;0,0;0,0
0,1;0,0;1,0;0,1;0,0;1,1;0,0;1,0;1,1;0,0
1,1;0,0;1,0;1,1;0,1;1,1;0,1;0,0;1,1;1,0
1,1;0,1;0,1;1,1;1,1;0,1;0,0;0,1;1,1;0,1
0,1;1,1;1,0;0,0;1,0;0,0;1,1;1,0;0,1;1,0
0,1;0,0;1,0;1,0;0,1;1,0;1,0;0,0;0,1;1,0
1,1;0,0;1,1;1,0;1,0;1,0;0,1;0,0;0,1;1,1
1,1;1,1;0,1;1,1;1,0;0,0;1,0;1,0;1,0;1,0
1,1;0,1;1,0;0,1;0,1;0,0;1,0;1,1;1,0;1,1
1,1;0,1;0,1;1,1;1,0;1,0;1,0;1,1;0,0;1,0
1,0;1,0;1,1;1,0;0,1;1,1;1,1;0,0;1,0;1,0
1,0;1,1;0,1;1,0;0,1;1,0;1,0;1,1;1,1;0,1
0,1;0,0;1,1;1,1;1,0;1,0;1,0;0,0;1,0;0,0
0,1;0,1;1,0;1,1;0,1;0,1;0,1;0,0;0,1;0,0
1,0;1,0;1,1;1,0;0,1;0,0;1,1;1,1;1,1;1,0
1,0;1,1;0,0;0,0;1,0;1,1;0,1;0,0;1,1;1,1
1,1;1,0;0,0;1,1;0,1;1,0;1,1;1,1;0,1;1,0
1,0;0,1;0,1;0,1;1,0;1,0;1,0;1,0;0,0;0,1
0,1;0,0;1,1;1,1;1,0;0,0;1,0;0,1;1,0;0,0
0,1;1,0;0,0;0,1;1,0;1,0;1,1;0,0;1,1;0,0
0,1;0,0;0,1;0,0;1,1;1,1;1,1;0,1;0,1;0,1
0,1;0,1;1,0;0,0;1,0;1,1;1,0;1,0;1,0;0,0
1,0;0,1;1,0;1,1;0,0;1,1;0,0;0,1;0,0;0,0
1,0;0,1;1,0;1,1;1,1;0,1;1,0;1,1;0,1;1,0
1,1;0,0;0,1;1,1;1,1;1,1;1,0;0,0;1,0;0,1
1,0;0,1;1,1;0,0;0,0;1,0;0,1;0,0;1,1;0,0
1,1;0,0;0,0;1,1;1,0;1,1;1,1;1,0;1,1;1,1
1,1;0,1;0,0;0,1;1,0;0,1;1,1;0,1;0,0;0,0
1,0;1,1;0,1;0,0;1,1;0,1;0,1;1,0;1,1;1,1
0,1;0,0;1,1;1,0;1,0;1,1;0,1;1,0;0,0;1,0
1,0;1,0;0,1;1,1;1,1;1,1;0,1;0,0;0,0;1,1
1,1;1,1;1,0;0,0;0,0;1,1;1,0;1,0;1,0;0,1
1,1;1,1;1,0;1,0;0,1;0,1;0,1;1,1;1,1;1,1
1,0;0,1;1,0;0,0;0,0;0,1;1,0;1,0;1,0;1,1
1,0;0,1;0,1;1,0;0,1;1,0;1,0;1,0;0,0;1,0
1,1;1,0;1,1;1,0;1,0;0,1;1,1;1,0;0,1;1,0
1,0;1,0;1,1;1,1;1,0;1,1;1,0;1,1;0,1;1,1
1,0;0,1;1,1;1,0;0,0;0,0;1,0;1,0;1,0;0,1
0,1;1,0;0,1;0,1;1,0;1,0;1,1;0,0;0,0;0,1
0,1;0,1;0,1;0,0;1,0;1,1;0,0;0,1;0,0;1,0
1,0;1,0;1,1;0,1;1,1;0,1;1,0;1,1;1,0;1,1
1,1;0,1;0,0;0,1;1,0;1,0;1,1;0,0;1,1;0,1
0,1;0,1;0,1;1,1;1,0;0,1;1,1;1,0;0,0;1,1
1,0;1,0;1,1;0,1;1,0;0,0;0,1;0,1;0,1;0,0
1,0;0,1;0,0;0,0;1,1;1,1;1,0;1,1;0,1;1,1
0,1;0,1;0,0;1,0;0,0;0,0;0,0;0,0;1,1;1,0
0,1;0,1;0,0;0,0;0,0;0,1;1,0;1,1;1,1;1,1
1,1;0,0;1,1;0,1;1,1;1,1;1,1;0,1;0,1;1,1
0,1;1,0;0,1;0,0;0,1;0,0;0,0;0,1;1,1;0,0
1,0;1,1;1,0;1,0;0,1;0,0;0,0;1,0;1,1;0,1
0,1;0,1;1,0;0,1;1,0;1,0;0,0;0,1;1,1;1,1
0,1;0,1;0,1;0,1;0,0;1,1;1,0;1,1;0,0;0,0
1,0;1,1;1,0;1,1;0,0;0,1;0,0;0,0;1,0;0,0
1,1;0,0;0,0;0,1;0,0;0,0;1,1;1,1;0,1;1,0
1,1;0,0;0,0;1,1;1,1;1,1;1,0;1,0;0,1;0,0
1,1;0,0;0,1;0,1;0,0;0,1;1,1;0,1;1,1;0,0
1,0;0,1;0,0;0,0;0,0;0,0;1,1;1,1;0,1;0,1
1,1;0,0;1,1;0,1;0,1;0,0;1,0;1,1;0,0;1,0
1,0;1,1;1,0;1,0;0,1;0,0;0,0;0,0;0,0;1,1
1,0;1,1;0,1;1,0;0,1;1,1;1,1;0,1;0,1;1,1
1,1;0,0;0,1;0,1;1,1;0,1;0,1;0,1;0,0;1,0
1,0;1,1;1,0;0,1;0,0;1,0;0,1;0,1;0,1;1,0
1,1;1,0;1,0;0,0;0,1;1,0;1,0;1,1;0,0;0,1
0,1;1,0;1,0;1,0;1,0;0,1;1,1;0,1;0,0;0,1
1,0;1,0;0,1;0,0;1,1;0,1;0,0;1,0;1,0;1,1
0,1;1,1;0,1;1,1;0,1;1,1;0,0;0,1;0,1;1,1
1,0;0,1;1,1;1,1;1,1;1,0;1,1;1,0;1,1;0,0
0,1;1,1;1,1;0,0;0,1;1,0;0,1;1,0;0,0;0,0
0,1;0,0;0,0;0,1;1,0;1,0;0,0;0,0;1,0;1,1
0,1;1,1;1,0;1,0;1,0;0,1;1,1;0,1;0,1;1,1
0,1;1,0;1,0;0,0;1,1;1,0;1,1;1,1;0,0;0,1
1,1;0,0;1,1;1,1;0,0;0,0;1,0;0,0;0,1;1,0
1,1;1,0;1,0;1,1;0,1;0,0;1,0;1,0;1,0;1,0
1,0;1,1;1,1;1,1;0,1;1,1;1,1;0,0;1,0;0,0
1,1;1,1;0,0;0,1;0,0;1,1;1,1;0,0;0,0;1,1
1,0;0,1;1,0;1,0;0,0;0,1;1,1;0,0;1,1;1,0
1,1;1,0;1,0;0,0;0,0;1,1;0,1;0,1;0,1;0,1
1,0;1,0;1,1;0,1;1,1;0,0;0,0;1,1;0,0;0,0
1,1;0,0;0,0;0,0;0,0;0,1;1,1;0,1;1,0;1,0
0,1;0,1;0,0;1,1;1,0;0,0;0,1;1,1;1,1;0,0
1,1;1,0;0,0;0,1;1,0;1,0;0,0;1,1;0,1;1,0
0,1;0,1;1,1;1,0;0,0;0,0;1,0;1,1;0,0;1,0
0,1;0,0;0,0;1,1;1,1;0,1;1,0;0,0;0,0;0,1
1,1;0,1;1,0;0,1;1,0;0,1;1,1;1,0;1,0;1,1
0,1;0,1;0,1;0,0;0,1;0,1;0,1;0,1;1,0;1,0
1,1;0,1;0,1;1,1;1,1;0,1;1,1;1,0;1,1;1,1
1,1;0,0;1,1;0,1;1,0;0,0;0,0;1,1;1,0;0,0
1,0;0,1;0,1;0,1;0,0;1,0;0,1;1,0;1,1;0,1
0,1;1,0;1,0;1,1;0,1;1,1;1,1;1,1;1,0;0,1
0,1;0,1;1,1;1,1;0,1;0,1;1,1;0,0;0,0;0,1
0,1;1,1;1,0;0,1;1,1;0,1;0,1;0,1;1,0;1,1
1,1;0,1;0,0;1,0;0,0;0,1;0,0;1,1;0,0;0,0
1,0;1,1;1,1;0,0;0,0;0,1;1,0;1,0;0,1;1,1
0,1;1,1;0,1;0,1;1,1;1,0;1,0;1,1;0,0;1,0
0,1;1,0;1,0;1,0;0,1;1,0;1,0;1,1;0,0;0,1
1,0;1,0;1,0;0,1;0,1;1,0;0,0;1,1;1,0;0,0
1,0;0,1;0,0;0,1;0,0;0,1;1,1;1,1;0,1;1,1
0,1;0,1;0,1;0,1;0,1;0,1;1,0;1,0;0,0;1,0
1,1;1,0;0,1;1,1;0,0;1,1;1,0;1,1;0,0;1,0
1,0;0,1;0,1;0,1;1,1;0,1;1,1;1,1;1,1;1,0
1,0;0,1;0,0;1,0;1,0;1,0;1,1;1,0;1,0;1,1
0,1;0,1;0,1;1,1;0,0;1,1;1,1;0,0;0,0;1,0
1,0;1,0;0,1;0,0;1,1;1,1;0,0;1,1;1,1;1,1
1,0;1,1;0,1;0,0;1,1;0,1;1,0;0,0;1,0;1,1
1,1;1,1;1,1;1,0;0,1;0,1;1,0;1,1;0,1;0,0
1,1;1,0;0,0;1,0;1,1;1,1;1,1;0,0;0,1;1,1
1,1;0,0;0,0;0,0;1,0;1,1;0,1;1,1;0,0;0,0
0,1;0,0;0,1;0,1;0,0;1,0;0,1;0,1;1,0;0,1
1,0;1,1;1,0;0,1;1,1;1,1;1,0;1,0;0,0;1,1
0,1;1,1;0,1;1,1;1,1;1,0;0,1;0,0;0,1;0,0
1,1;1,1;1,1;1,1;1,0;0,1;1,0;0,1;1,1;0,0
---
---
F,G,X,!,&,|
---
x0,x1
---
->(F(x1),U(x0,x1))