0,0,0,0,0,1,0,0,1,1,1::[162]
0,0,0,0,0,1,0,1,1,1,1::[4]
0,0,0,0,0,1,1,0,1,1,1::[14]
0,0,0,0,1,0,0,0,1,1,1::[77]
0,0,0,0,1,0,0,1,1,1,1::[3]
0,0,0,0,1,0,1,0,1,1,1::[3]
0,0,0,0,1,1,0,0,0,1,1::[31]
0,0,0,0,1,1,0,0,1,1,0::[16]
0,0,0,0,1,1,0,0,1,1,1::[134]
0,0,0,0,1,1,0,1,1,1,1::[5]
0,0,0,0,1,1,1,0,0,1,1::[2]
0,0,0,0,1,1,1,0,1,1,1::[7]
0,0,0,0,1,1,1,1,1,1,1
0,0,0,1,0,1,0,0,1,1,1::[3]
0,0,0,1,1,1,0,0,1,1,1
0,0,1,0,0,1,0,0,1,1,1::[18]
0,0,1,0,1,0,0,0,1,1,1::[8]
0,0,1,0,1,1,0,0,0,1,1::[6]
0,0,1,0,1,1,0,0,1,1,0::[3]
0,0,1,0,1,1,0,0,1,1,1::[4]
0,1,0,0,0,1,0,0,1,1,1::[7]
0,1,0,0,1,0,0,0,1,1,1::[173]
0,1,0,0,1,1,0,0,0,1,1::[4]
0,1,0,0,1,1,0,0,1,1,1::[19]
0,1,0,0,1,1,1,0,1,1,1
0,1,1,0,1,1,0,0,1,1,1
1,0,0,0,0,0,0,0,1,1,0;0,0,0,0,0,1,0,0,1,1,1::[3]
1,0,0,0,0,0,0,0,1,1,0;0,0,0,0,1,1,0,0,0,1,1::[2]
1,0,0,0,0,0,0,0,1,1,0;0,0,0,0,1,1,0,0,1,1,1::[2]
1,0,0,0,0,0,0,0,1,1,0;0,0,0,0,1,1,0,1,1,1,1::[4]
1,0,0,0,0,0,0,1,1,1,0;0,0,0,0,0,1,0,0,1,1,1::[2]
1,0,0,0,0,0,0,1,1,1,0;0,0,0,0,1,1,0,0,0,1,1::[2]
1,0,0,0,0,0,0,1,1,1,0;0,0,0,0,1,1,0,0,1,1,1::[4]
1,0,0,0,0,0,0,1,1,1,0;0,0,0,0,1,1,0,1,1,1,1
1,0,0,0,0,0,0,1,1,1,0;1,0,0,0,0,1,0,0,1,1,0;0,0,0,0,0,0,0,0,1,1,1
1,0,0,0,0,0,0,1,1,1,0;1,0,0,0,1,1,0,0,1,1,0;0,0,0,0,0,1,0,0,1,1,1
1,0,0,0,0,0,1,0,1,1,0;0,0,0,0,1,1,0,0,0,1,1::[2]
1,0,0,0,0,0,1,0,1,1,0;0,0,0,0,1,1,0,0,1,1,1::[3]
1,0,0,0,0,0,1,0,1,1,0;0,0,0,0,1,1,0,1,1,1,1
1,0,0,0,0,0,1,0,1,1,1;0,0,0,0,1,1,0,1,1,1,1
1,0,0,0,0,0,1,1,1,1,0;0,0,0,0,1,1,0,0,1,1,1
1,0,0,0,0,0,1,1,1,1,0;0,0,0,0,1,1,1,0,1,1,1
1,0,0,0,0,0,1,1,1,1,0;1,0,0,0,0,1,0,1,1,1,0;0,0,0,0,0,1,0,0,1,1,1
1,0,0,0,0,0,1,1,1,1,0;1,0,0,0,1,1,0,0,0,1,0;0,0,0,0,0,0,0,0,1,1,1
1,0,0,0,0,0,1,1,1,1,0;1,0,0,0,1,1,0,0,0,1,0;0,0,0,0,0,1,0,0,1,1,1
1,0,0,0,0,1,0,0,0,0,0;0,0,0,0,1,1,0,0,1,1,1
1,0,0,0,0,1,0,0,0,0,0;0,0,0,0,1,1,0,1,1,1,1
1,0,0,0,0,1,0,0,0,1,0;0,0,0,0,0,1,0,0,1,1,1::[2]
1,0,0,0,0,1,0,0,0,1,0;0,0,0,0,1,1,0,0,1,1,1
1,0,0,0,0,1,0,0,0,1,0;0,0,0,0,1,1,0,1,1,1,1::[2]
1,0,0,0,0,1,0,0,0,1,0;1,0,0,0,1,1,0,1,1,1,1;0,0,0,0,0,1,0,1,0,0,1
1,0,0,0,0,1,0,0,1,1,0;0,0,0,0,0,1,0,0,0,1,1::[2]
1,0,0,0,0,1,0,0,1,1,0;0,0,0,0,0,1,0,0,1,1,1::[6]
1,0,0,0,0,1,0,0,1,1,0;0,0,0,0,0,1,0,1,0,1,1::[3]
1,0,0,0,0,1,0,0,1,1,0;0,0,0,0,0,1,0,1,1,1,0
1,0,0,0,0,1,0,0,1,1,0;0,0,0,0,0,1,0,1,1,1,1::[6]
1,0,0,0,0,1,0,0,1,1,0;0,0,0,0,0,1,1,0,0,1,1
1,0,0,0,0,1,0,0,1,1,0;0,0,0,0,1,0,0,1,1,1,1
1,0,0,0,0,1,0,0,1,1,0;0,0,0,0,1,1,0,0,0,0,1
1,0,0,0,0,1,0,0,1,1,0;0,0,0,0,1,1,0,0,0,1,1::[2]
1,0,0,0,0,1,0,0,1,1,0;0,0,0,0,1,1,0,0,1,1,1::[11]
1,0,0,0,0,1,0,0,1,1,0;0,0,0,0,1,1,0,1,0,0,1
1,0,0,0,0,1,0,0,1,1,0;0,0,0,0,1,1,0,1,0,1,0
1,0,0,0,0,1,0,0,1,1,0;0,0,0,0,1,1,0,1,0,1,1::[4]
1,0,0,0,0,1,0,0,1,1,0;0,0,0,0,1,1,0,1,1,1,0
1,0,0,0,0,1,0,0,1,1,0;0,0,0,0,1,1,0,1,1,1,1::[9]
1,0,0,0,0,1,0,0,1,1,0;0,0,0,0,1,1,1,0,1,1,1::[3]
1,0,0,0,0,1,0,0,1,1,0;0,0,0,0,1,1,1,1,0,1,1
1,0,0,0,0,1,0,0,1,1,0;0,0,1,0,0,1,0,0,0,1,1
1,0,0,0,0,1,0,0,1,1,0;0,1,0,0,0,1,1,0,1,1,1
1,0,0,0,0,1,0,0,1,1,0;1,0,0,0,0,1,0,1,1,1,1
1,0,0,0,0,1,0,0,1,1,0;1,0,0,0,0,1,1,1,1,1,1;0,0,0,0,1,1,0,1,0,1,1
1,0,0,0,0,1,0,0,1,1,0;1,0,0,0,1,1,0,0,1,1,1;0,0,1,0,1,1,0,1,1,1,1
1,0,0,0,0,1,0,0,1,1,0;1,0,0,0,1,1,1,1,1,1,0;0,0,0,0,1,1,0,1,1,1,1
1,0,0,0,0,1,0,0,1,1,1;0,0,0,0,1,1,0,1,0,1,1
1,0,0,0,0,1,0,1,0,1,0;0,0,0,0,0,1,0,0,1,1,1::[4]
1,0,0,0,0,1,0,1,0,1,0;0,0,0,0,1,1,0,0,1,1,1
1,0,0,0,0,1,0,1,1,1,0;0,0,0,0,0,1,0,0,1,1,1::[10]
1,0,0,0,0,1,0,1,1,1,0;0,0,0,0,1,0,0,0,1,1,1
1,0,0,0,0,1,0,1,1,1,0;0,0,0,0,1,1,0,0,0,1,1
1,0,0,0,0,1,0,1,1,1,0;0,0,0,0,1,1,0,0,1,1,0
1,0,0,0,0,1,0,1,1,1,0;0,0,0,0,1,1,0,0,1,1,1::[5]
1,0,0,0,0,1,0,1,1,1,0;0,0,0,0,1,1,0,1,1,1,1::[3]
1,0,0,0,0,1,0,1,1,1,0;1,0,0,0,0,1,0,0,0,1,0;0,0,0,0,1,1,0,1,1,1,1
1,0,0,0,0,1,0,1,1,1,0;1,0,0,0,1,1,0,0,1,1,0;0,0,0,0,1,1,0,1,0,1,0
1,0,0,0,0,1,0,1,1,1,0;1,1,0,0,1,1,0,1,1,1,1;0,0,0,0,0,1,0,0,1,1,1
1,0,0,0,0,1,0,1,1,1,0;1,1,1,0,1,1,0,0,1,1,0;0,0,0,0,0,1,0,0,1,1,1
1,0,0,0,0,1,1,0,0,0,0;0,0,0,0,1,1,0,0,1,1,1
1,0,0,0,0,1,1,0,0,0,0;0,0,0,0,1,1,0,1,1,1,1
1,0,0,0,0,1,1,0,0,1,0;0,0,0,0,0,1,0,0,1,1,1::[2]
1,0,0,0,0,1,1,0,0,1,0;0,0,0,0,1,1,0,0,1,1,1::[2]
1,0,0,0,0,1,1,0,0,1,0;0,0,0,0,1,1,0,1,1,1,1::[4]
1,0,0,0,0,1,1,0,1,1,0
1,0,0,0,0,1,1,0,1,1,0;0,0,0,0,0,1,0,0,1,1,1::[3]
1,0,0,0,0,1,1,0,1,1,0;0,0,0,0,0,1,0,1,1,1,1::[4]
1,0,0,0,0,1,1,0,1,1,0;0,0,0,0,0,1,1,0,1,1,1
1,0,0,0,0,1,1,0,1,1,0;0,0,0,0,1,1,0,0,0,1,1::[2]
1,0,0,0,0,1,1,0,1,1,0;0,0,0,0,1,1,0,0,1,1,1::[3]
1,0,0,0,0,1,1,0,1,1,0;0,0,0,0,1,1,0,1,0,1,1::[4]
1,0,0,0,0,1,1,0,1,1,0;0,0,0,0,1,1,0,1,1,1,1::[2]
1,0,0,0,0,1,1,0,1,1,0;0,0,0,0,1,1,1,0,0,1,1::[2]
1,0,0,0,0,1,1,0,1,1,0;0,0,0,0,1,1,1,0,1,1,1::[2]
1,0,0,0,0,1,1,0,1,1,0;0,0,0,0,1,1,1,1,1,1,1
1,0,0,0,0,1,1,0,1,1,0;0,1,0,0,1,1,0,1,1,1,1
1,0,0,0,0,1,1,0,1,1,0;1,0,0,0,0,1,1,0,1,1,1;0,0,0,0,1,1,0,1,1,1,1
1,0,0,0,0,1,1,0,1,1,0;1,0,0,0,1,1,0,1,1,1,0;0,0,0,0,1,1,0,1,0,1,1
1,0,0,0,0,1,1,0,1,1,1;0,0,0,0,1,1,0,1,1,1,1
1,0,0,0,0,1,1,1,1,1,0;0,0,0,0,0,1,0,0,1,1,1::[3]
1,0,0,0,0,1,1,1,1,1,0;0,0,0,0,1,1,0,0,0,1,1
1,0,0,0,0,1,1,1,1,1,0;0,0,0,0,1,1,0,0,1,1,1::[5]
1,0,0,0,0,1,1,1,1,1,0;0,0,0,0,1,1,0,1,1,1,1::[2]
1,0,0,0,0,1,1,1,1,1,0;0,0,0,0,1,1,1,0,1,1,1
1,0,0,0,1,0,0,0,0,1,0;0,0,0,0,1,0,0,0,1,1,1
1,0,0,0,1,0,0,0,0,1,0;1,0,0,0,1,1,0,0,1,1,0;0,0,0,0,0,1,0,1,1,1,1
1,0,0,0,1,0,0,0,1,1,0;0,0,0,0,0,0,0,0,1,1,1::[2]
1,0,0,0,1,0,0,0,1,1,0;0,0,0,0,0,0,0,1,1,1,1::[3]
1,0,0,0,1,0,0,0,1,1,0;0,0,0,0,0,1,0,0,1,1,1::[5]
1,0,0,0,1,0,0,0,1,1,0;0,0,0,0,0,1,0,1,0,1,1
1,0,0,0,1,0,0,0,1,1,0;0,0,0,0,0,1,0,1,1,1,1::[4]
1,0,0,0,1,0,0,0,1,1,0;0,0,0,0,0,1,1,0,1,1,1
1,0,0,0,1,0,0,0,1,1,0;0,0,0,0,1,0,0,1,0,1,1
1,0,0,0,1,0,0,0,1,1,0;0,0,0,0,1,1,0,1,0,0,1
1,0,0,0,1,0,0,0,1,1,0;0,0,0,0,1,1,0,1,1,1,1
1,0,0,0,1,0,0,0,1,1,0;0,0,1,0,0,1,0,0,1,1,0
1,0,0,0,1,0,0,0,1,1,0;1,0,0,0,1,1,0,1,1,1,1;0,0,0,0,1,1,0,0,1,1,1
1,0,0,0,1,0,0,0,1,1,1;0,0,0,0,1,1,0,1,0,1,1::[3]
1,0,0,0,1,0,0,1,1,1,0;0,0,0,0,0,1,0,0,1,1,1::[10]
1,0,0,0,1,0,0,1,1,1,0;0,0,0,0,1,1,0,1,1,1,1
1,0,0,0,1,0,0,1,1,1,0;1,0,0,0,0,1,0,0,1,1,0;0,0,0,0,0,1,0,1,1,1,0
1,0,0,0,1,0,0,1,1,1,0;1,0,0,0,0,1,0,0,1,1,0;0,0,0,0,1,1,0,0,1,1,1
1,0,0,0,1,0,0,1,1,1,0;1,0,0,0,0,1,0,0,1,1,0;0,0,0,0,1,1,0,1,1,1,0
1,0,0,0,1,0,0,1,1,1,0;1,0,0,0,0,1,0,0,1,1,1;0,0,0,0,0,1,0,1,1,1,1
1,0,0,0,1,0,0,1,1,1,0;1,0,0,0,0,1,0,0,1,1,1;0,0,0,0,1,1,0,1,1,1,1
1,0,0,0,1,0,0,1,1,1,0;1,0,0,0,1,1,0,0,0,1,1;0,0,0,0,1,1,0,1,0,0,1
1,0,0,0,1,0,0,1,1,1,0;1,0,0,0,1,1,0,0,1,1,1;0,0,0,0,1,1,0,1,0,1,1
1,0,0,0,1,0,1,0,1,1,0;0,0,0,0,0,1,0,0,1,1,1
1,0,0,0,1,0,1,0,1,1,0;0,0,0,0,0,1,1,0,1,1,1
1,0,0,0,1,0,1,0,1,1,0;0,0,0,0,1,1,0,1,0,1,1
1,0,0,0,1,0,1,0,1,1,0;0,0,0,0,1,1,0,1,1,1,1
1,0,0,0,1,0,1,0,1,1,0;1,0,0,0,0,1,0,0,1,1,0;0,0,0,0,0,1,0,1,0,1,1
1,0,0,0,1,0,1,0,1,1,1;0,0,0,0,0,1,0,0,1,1,1
1,0,0,0,1,0,1,0,1,1,1;0,0,0,0,1,1,0,0,0,1,1
1,0,0,0,1,0,1,0,1,1,1;0,0,0,0,1,1,0,1,1,1,1
1,0,0,0,1,0,1,1,1,1,0;0,0,0,0,0,1,0,0,1,1,1
1,0,0,0,1,0,1,1,1,1,0;0,0,0,0,1,1,1,0,1,1,1
1,0,0,0,1,1,0,0,0,0,0;0,0,0,0,0,1,0,0,1,1,1::[2]
1,0,0,0,1,1,0,0,0,1,0;0,0,0,0,0,1,0,0,1,1,1::[2]
1,0,0,0,1,1,0,0,0,1,0;0,0,0,0,0,1,0,1,1,1,0
1,0,0,0,1,1,0,0,0,1,0;0,0,0,0,0,1,0,1,1,1,1::[2]
1,0,0,0,1,1,0,0,0,1,0;0,0,0,0,1,0,0,0,1,1,1
1,0,0,0,1,1,0,0,0,1,0;0,0,0,0,1,0,0,1,1,1,1
1,0,0,0,1,1,0,0,0,1,0;0,0,0,0,1,1,0,0,0,1,0
1,0,0,0,1,1,0,0,0,1,0;0,0,0,0,1,1,0,0,1,1,1::[2]
1,0,0,0,1,1,0,0,0,1,0;0,0,0,0,1,1,0,1,0,1,1::[2]
1,0,0,0,1,1,0,0,0,1,0;0,0,0,0,1,1,0,1,1,1,1
1,0,0,0,1,1,0,0,0,1,0;0,1,0,0,1,1,0,1,0,1,1
1,0,0,0,1,1,0,0,0,1,0;1,0,0,0,0,1,1,1,1,1,0;0,0,0,0,1,1,0,0,1,1,1
1,0,0,0,1,1,0,0,0,1,0;1,0,0,0,1,1,0,1,1,1,0;0,0,0,0,0,1,0,0,0,1,1
1,0,0,0,1,1,0,0,0,1,0;1,0,0,0,1,1,0,1,1,1,1;0,0,0,0,0,1,0,0,0,1,1
1,0,0,0,1,1,0,0,1,1,0;0,0,0,0,0,0,0,0,1,1,1::[2]
1,0,0,0,1,1,0,0,1,1,0;0,0,0,0,0,0,0,1,1,1,1
1,0,0,0,1,1,0,0,1,1,0;0,0,0,0,0,1,0,0,0,1,1
1,0,0,0,1,1,0,0,1,1,0;0,0,0,0,0,1,0,0,1,1,0::[3]
1,0,0,0,1,1,0,0,1,1,0;0,0,0,0,0,1,0,0,1,1,1::[11]
1,0,0,0,1,1,0,0,1,1,0;0,0,0,0,0,1,0,1,0,0,1
1,0,0,0,1,1,0,0,1,1,0;0,0,0,0,0,1,0,1,0,1,0
1,0,0,0,1,1,0,0,1,1,0;0,0,0,0,0,1,0,1,0,1,1::[3]
1,0,0,0,1,1,0,0,1,1,0;0,0,0,0,0,1,0,1,1,1,0::[2]
1,0,0,0,1,1,0,0,1,1,0;0,0,0,0,0,1,0,1,1,1,1::[5]
1,0,0,0,1,1,0,0,1,1,0;0,0,0,0,0,1,1,0,0,0,1::[2]
1,0,0,0,1,1,0,0,1,1,0;0,0,0,0,0,1,1,0,0,1,1
1,0,0,0,1,1,0,0,1,1,0;0,0,0,0,0,1,1,0,1,1,1
1,0,0,0,1,1,0,0,1,1,0;0,0,0,0,0,1,1,1,0,0,1
1,0,0,0,1,1,0,0,1,1,0;0,0,0,0,0,1,1,1,0,1,1
1,0,0,0,1,1,0,0,1,1,0;0,0,0,0,0,1,1,1,1,1,1
1,0,0,0,1,1,0,0,1,1,0;0,0,0,0,1,0,0,1,0,1,1
1,0,0,0,1,1,0,0,1,1,0;0,0,0,0,1,0,1,1,1,1,0
1,0,0,0,1,1,0,0,1,1,0;0,0,0,0,1,1,0,0,0,1,1::[2]
1,0,0,0,1,1,0,0,1,1,0;0,0,0,0,1,1,0,0,1,1,1::[5]
1,0,0,0,1,1,0,0,1,1,0;0,0,0,0,1,1,0,1,0,1,1::[3]
1,0,0,0,1,1,0,0,1,1,0;0,0,0,0,1,1,0,1,1,1,1::[4]
1,0,0,0,1,1,0,0,1,1,0;0,0,0,0,1,1,1,0,0,1,1::[2]
1,0,0,0,1,1,0,0,1,1,0;0,0,0,0,1,1,1,0,1,1,1
1,0,0,0,1,1,0,0,1,1,0;0,0,0,0,1,1,1,1,0,1,1::[2]
1,0,0,0,1,1,0,0,1,1,0;0,0,0,0,1,1,1,1,1,1,1
1,0,0,0,1,1,0,0,1,1,0;0,0,1,0,1,1,0,1,1,1,0
1,0,0,0,1,1,0,0,1,1,0;0,1,0,0,0,1,1,1,1,1,1
1,0,0,0,1,1,0,0,1,1,0;1,0,0,0,0,1,0,0,1,1,1;0,0,0,0,1,1,0,1,0,1,1
1,0,0,0,1,1,0,0,1,1,0;1,0,0,0,0,1,1,0,1,1,1;0,0,0,0,1,1,0,1,0,1,1
1,0,0,0,1,1,0,0,1,1,0;1,0,0,0,0,1,1,1,0,1,0;0,0,0,0,1,1,0,0,1,1,1
1,0,0,0,1,1,0,0,1,1,0;1,0,0,0,0,1,1,1,1,1,0;0,0,0,0,1,1,0,1,0,1,0
1,0,0,0,1,1,0,0,1,1,0;1,0,0,0,1,0,0,1,1,1,0;0,0,0,0,0,0,0,0,1,1,0
1,0,0,0,1,1,0,0,1,1,0;1,0,0,0,1,1,0,1,1,1,1;0,0,0,0,1,1,0,1,0,1,1
1,0,0,0,1,1,0,0,1,1,0;1,0,0,0,1,1,1,0,1,1,0;0,0,0,0,1,1,0,0,1,1,1
1,0,0,0,1,1,0,0,1,1,1
1,0,0,0,1,1,0,0,1,1,1;0,0,0,0,0,1,0,1,0,0,1
1,0,0,0,1,1,0,0,1,1,1;0,0,0,0,1,1,0,1,0,1,1::[2]
1,0,0,0,1,1,0,0,1,1,1;0,0,0,0,1,1,1,1,0,1,1
1,0,0,0,1,1,0,1,0,0,0;0,0,0,0,0,1,0,0,1,1,1::[2]
1,0,0,0,1,1,0,1,0,1,0;0,0,0,0,0,1,0,0,1,1,1::[3]
1,0,0,0,1,1,0,1,0,1,0;0,0,0,0,1,1,0,0,1,1,1
1,0,0,0,1,1,0,1,0,1,0;0,0,0,0,1,1,0,1,1,1,1::[2]
1,0,0,0,1,1,0,1,0,1,0;1,0,0,0,0,1,0,1,1,1,0;0,0,0,0,1,1,0,0,1,1,0
1,0,0,0,1,1,0,1,0,1,0;1,0,0,0,1,1,0,0,1,1,1;0,0,0,0,0,1,0,1,0,1,1
1,0,0,0,1,1,0,1,1,1,0;0,0,0,0,1,1,0,0,1,1,1::[10]
1,0,0,0,1,1,0,1,1,1,0;1,0,0,0,0,1,0,0,1,1,1;0,0,0,0,0,1,0,1,1,1,1
1,0,0,0,1,1,0,1,1,1,0;1,0,0,0,0,1,0,0,1,1,1;0,0,0,0,0,1,1,1,0,1,1
1,0,0,0,1,1,0,1,1,1,0;1,1,0,0,1,0,0,0,0,1,1;0,0,0,0,1,1,0,0,0,1,1
1,0,0,0,1,1,1,0,0,0,0;0,0,0,0,0,1,0,0,1,1,1
1,0,0,0,1,1,1,0,0,1,0;0,0,0,0,1,1,1,0,1,1,1::[2]
1,0,0,0,1,1,1,0,0,1,0;0,0,0,0,1,1,1,1,1,1,1
1,0,0,0,1,1,1,0,1,1,0;0,0,0,0,0,0,0,1,1,1,1
1,0,0,0,1,1,1,0,1,1,0;0,0,0,0,0,1,0,0,1,1,1
1,0,0,0,1,1,1,0,1,1,0;0,0,0,0,0,1,1,0,1,1,1::[2]
1,0,0,0,1,1,1,0,1,1,0;0,0,0,0,1,0,0,0,1,1,1
1,0,0,0,1,1,1,0,1,1,0;0,0,0,0,1,1,0,0,1,1,1::[2]
1,0,0,0,1,1,1,0,1,1,0;0,0,0,0,1,1,0,1,0,1,1::[2]
1,0,0,0,1,1,1,0,1,1,0;0,0,0,0,1,1,0,1,1,1,0::[2]
1,0,0,0,1,1,1,0,1,1,0;0,0,0,0,1,1,0,1,1,1,1
1,0,0,0,1,1,1,0,1,1,0;0,0,0,0,1,1,1,0,0,1,1
1,0,0,0,1,1,1,0,1,1,0;0,0,0,0,1,1,1,1,0,0,1
1,0,0,0,1,1,1,0,1,1,0;0,0,0,0,1,1,1,1,1,1,1::[2]
1,0,0,0,1,1,1,0,1,1,0;0,1,0,0,1,1,0,0,1,1,1
1,0,0,0,1,1,1,0,1,1,0;0,1,0,0,1,1,0,1,1,1,1
1,0,0,0,1,1,1,0,1,1,0;1,1,0,0,1,1,0,1,1,1,0;0,0,0,0,1,0,0,1,1,1,0
1,0,0,0,1,1,1,0,1,1,1;0,0,0,0,1,1,1,1,0,1,1
1,0,0,0,1,1,1,1,0,1,0;0,0,0,0,0,1,0,0,1,1,1
1,0,0,0,1,1,1,1,1,1,0;0,0,0,0,0,1,0,0,1,1,1::[4]
1,0,0,0,1,1,1,1,1,1,0;0,0,0,0,1,1,0,0,0,1,1::[2]
1,0,0,0,1,1,1,1,1,1,0;0,0,0,0,1,1,1,0,1,1,1::[2]
1,0,0,1,1,1,1,0,0,1,0;0,0,0,1,1,1,0,0,1,1,1
1,0,1,0,0,0,0,0,1,1,0;0,0,0,0,0,1,0,0,1,1,1
1,0,1,0,0,0,0,0,1,1,0;0,0,0,0,1,1,0,1,1,1,1
1,0,1,0,0,1,0,0,0,0,0;0,0,0,0,1,1,0,0,1,1,0
1,0,1,0,0,1,0,0,0,1,0;0,0,0,0,1,1,0,0,1,1,1
1,0,1,0,0,1,0,0,0,1,0;0,0,0,0,1,1,0,1,1,1,1
1,0,1,0,0,1,0,1,1,1,0;0,0,0,0,0,1,0,0,1,1,1
1,0,1,0,0,1,0,1,1,1,0;0,0,0,0,1,1,0,1,1,1,1
1,0,1,0,1,0,0,0,1,1,0;0,0,0,0,1,1,0,0,0,1,1
1,0,1,0,1,0,0,0,1,1,0;0,0,0,0,1,1,0,0,1,1,1
1,0,1,0,1,1,0,0,0,1,0;0,0,0,0,0,1,0,1,1,1,1
1,0,1,0,1,1,0,0,0,1,0;1,0,0,0,1,1,0,1,1,1,0;0,0,0,0,0,1,0,0,1,1,1
1,0,1,0,1,1,0,0,1,1,0;0,0,0,0,0,1,0,0,0,1,1
1,0,1,0,1,1,0,0,1,1,0;0,0,0,0,0,1,0,1,0,1,1
1,0,1,0,1,1,0,0,1,1,0;0,0,0,0,1,1,0,1,0,0,1
1,0,1,0,1,1,0,0,1,1,0;0,0,0,0,1,1,0,1,0,1,0::[2]
1,0,1,0,1,1,0,0,1,1,1
1,0,1,0,1,1,0,0,1,1,1;0,0,0,0,1,1,0,1,0,1,1
1,0,1,0,1,1,0,1,0,1,0;0,0,0,0,1,1,0,1,1,1,1
1,0,1,0,1,1,0,1,0,1,0;1,0,0,0,0,1,0,0,1,1,0;0,0,0,0,1,1,0,1,0,1,0
1,0,1,0,1,1,0,1,1,1,0;0,0,0,0,0,1,0,0,1,1,1::[3]
1,0,1,0,1,1,0,1,1,1,0;1,0,0,0,0,1,0,0,1,1,0;0,0,0,0,1,1,0,1,0,1,0
1,1,0,0,0,0,0,0,1,1,0;0,0,0,0,0,1,0,0,1,1,1::[4]
1,1,0,0,0,0,0,0,1,1,0;0,0,0,0,1,1,0,0,0,1,1::[2]
1,1,0,0,0,0,0,0,1,1,0;0,0,0,0,1,1,0,1,1,1,1::[2]
1,1,0,0,0,0,0,1,0,1,0;0,0,0,0,1,1,0,0,1,1,1
1,1,0,0,0,0,0,1,1,1,0;1,0,0,0,0,1,0,0,1,1,0;0,0,0,0,1,1,0,1,0,1,0
1,1,0,0,0,0,1,0,1,1,0;0,0,0,0,1,1,0,0,1,1,1
1,1,0,0,0,0,1,0,1,1,0;0,0,0,0,1,1,0,1,1,1,1
1,1,0,0,0,0,1,1,1,1,0;1,0,0,0,0,1,0,0,1,1,0;0,0,0,0,1,1,0,1,1,1,1
1,1,0,0,0,0,1,1,1,1,0;1,0,0,0,0,1,0,1,1,1,1;0,0,0,0,1,1,0,1,1,1,1
1,1,0,0,0,1,0,1,0,1,0;0,0,0,0,1,1,0,0,1,1,1
1,1,0,0,0,1,0,1,0,1,0;1,0,0,0,0,1,0,0,1,1,1;0,0,0,0,0,1,0,0,1,1,1
1,1,0,0,0,1,0,1,1,1,0;0,0,0,0,0,1,0,0,1,1,1::[5]
1,1,0,0,0,1,0,1,1,1,0;0,0,0,0,1,1,0,0,1,1,1
1,1,0,0,0,1,0,1,1,1,0;1,0,0,0,0,1,0,1,0,1,0;0,0,0,0,1,1,0,0,1,1,1
1,1,0,0,0,1,0,1,1,1,0;1,1,1,0,1,1,0,1,1,1,0;0,0,0,0,1,0,0,0,1,1,1
1,1,0,0,0,1,1,0,1,1,0;0,0,0,0,0,1,0,0,1,1,1::[2]
1,1,0,0,0,1,1,0,1,1,0;0,0,0,0,1,1,0,0,0,1,1
1,1,0,0,0,1,1,1,1,1,0;0,0,0,0,1,1,1,0,1,1,1
1,1,0,0,1,0,0,0,1,1,0;0,0,0,0,0,1,0,0,1,1,1::[5]
1,1,0,0,1,0,0,0,1,1,0;0,0,0,0,0,1,0,1,1,1,1::[4]
1,1,0,0,1,0,0,0,1,1,0;0,0,0,0,0,1,1,0,1,1,1
1,1,0,0,1,0,0,0,1,1,0;0,0,0,0,1,1,0,0,0,1,1
1,1,0,0,1,0,0,0,1,1,0;0,0,0,0,1,1,0,0,1,1,0
1,1,0,0,1,0,0,0,1,1,0;0,0,0,0,1,1,0,0,1,1,1
1,1,0,0,1,0,0,0,1,1,0;0,0,0,0,1,1,0,1,0,1,1
1,1,0,0,1,0,0,0,1,1,0;0,0,0,0,1,1,1,0,0,1,1
1,1,0,0,1,0,0,0,1,1,0;0,1,0,0,1,1,0,0,1,1,1
1,1,0,0,1,0,0,0,1,1,0;1,0,0,0,1,1,0,1,1,1,1;0,0,0,0,1,1,0,0,1,1,1
1,1,0,0,1,0,0,0,1,1,1;0,0,0,0,1,1,0,1,1,1,1
1,1,0,0,1,0,0,1,0,1,0;0,0,0,0,1,1,0,0,1,1,0
1,1,0,0,1,0,0,1,0,1,0;0,0,0,0,1,1,0,0,1,1,1::[2]
1,1,0,0,1,0,0,1,0,1,0;1,0,0,0,1,0,0,0,1,1,0;0,0,0,0,1,1,0,1,0,1,1
1,1,0,0,1,0,0,1,1,1,0;0,0,0,0,0,1,0,0,1,1,1::[6]
1,1,0,0,1,0,0,1,1,1,0;0,0,0,0,1,1,0,0,0,1,1::[2]
1,1,0,0,1,0,0,1,1,1,0;0,0,0,0,1,1,0,0,1,1,0
1,1,0,0,1,0,0,1,1,1,0;0,0,0,0,1,1,0,0,1,1,1::[7]
1,1,0,0,1,0,0,1,1,1,0;0,0,0,0,1,1,0,1,1,1,1
1,1,0,0,1,0,0,1,1,1,0;1,0,0,0,0,1,0,0,0,1,0;0,0,0,0,1,1,0,0,1,1,1
1,1,0,0,1,0,0,1,1,1,0;1,0,0,0,0,1,0,0,1,1,0;0,0,0,0,0,1,0,0,0,1,1
1,1,0,0,1,0,0,1,1,1,0;1,0,0,0,0,1,0,0,1,1,0;0,0,0,0,0,1,0,0,1,1,1
1,1,0,0,1,0,0,1,1,1,0;1,0,0,0,0,1,1,0,1,1,1;0,0,0,0,1,1,0,1,1,1,1
1,1,0,0,1,0,0,1,1,1,0;1,0,0,0,0,1,1,1,1,1,0;0,0,0,0,0,1,0,0,1,1,1
1,1,0,0,1,0,0,1,1,1,0;1,0,0,0,1,1,0,0,0,1,0;0,0,0,0,1,1,0,1,1,1,1
1,1,0,0,1,0,0,1,1,1,0;1,0,0,0,1,1,0,0,1,1,1;0,0,0,0,0,1,0,1,0,1,1
1,1,0,0,1,0,0,1,1,1,0;1,0,0,0,1,1,0,0,1,1,1;0,0,0,0,1,1,0,1,0,1,1
1,1,0,0,1,0,1,0,0,1,1;0,0,0,0,1,1,0,1,1,1,1
1,1,0,0,1,0,1,0,1,1,0;0,0,0,0,1,1,0,0,1,1,1
1,1,0,0,1,0,1,1,1,1,0;0,0,0,0,0,1,0,0,1,1,1
1,1,0,0,1,0,1,1,1,1,0;1,0,0,0,1,1,1,0,1,1,0;0,0,0,0,1,1,0,1,1,1,0
1,1,0,0,1,1,0,0,0,1,0;1,0,0,0,0,1,0,0,1,1,0;0,0,0,0,1,1,0,1,0,1,1
1,1,0,0,1,1,0,0,1,1,0;0,0,0,0,0,0,0,0,1,1,0
1,1,0,0,1,1,0,0,1,1,0;0,0,0,0,0,1,0,0,1,1,1
1,1,0,0,1,1,0,0,1,1,0;0,0,0,0,1,1,0,0,0,1,1
1,1,0,0,1,1,0,0,1,1,0;0,0,0,0,1,1,0,0,1,1,0
1,1,0,0,1,1,0,0,1,1,0;0,0,0,0,1,1,0,0,1,1,1::[3]
1,1,0,0,1,1,0,0,1,1,0;0,0,0,0,1,1,0,1,0,1,1::[2]
1,1,0,0,1,1,0,1,0,0,0;1,0,0,0,1,1,0,0,1,1,0;0,0,0,0,0,1,0,1,1,1,1
1,1,0,0,1,1,0,1,0,0,0;1,0,0,0,1,1,0,0,1,1,1;0,0,0,0,1,1,0,1,0,1,1
1,1,0,0,1,1,0,1,0,1,0;0,0,0,0,0,1,0,0,1,1,1::[7]
1,1,0,0,1,1,0,1,0,1,0;0,0,0,0,1,1,0,0,1,1,1
1,1,0,0,1,1,0,1,0,1,0;1,0,0,0,0,1,0,0,1,1,0;0,0,0,0,1,1,0,1,1,1,1
1,1,0,0,1,1,0,1,0,1,0;1,0,0,0,0,1,0,1,1,1,0;0,0,0,0,1,1,0,0,0,1,1
1,1,0,0,1,1,0,1,1,1,0;0,0,0,0,0,1,0,0,1,1,1::[6]
1,1,0,0,1,1,0,1,1,1,0;0,0,0,0,1,0,0,0,1,1,1
1,1,0,0,1,1,0,1,1,1,0;0,0,0,0,1,1,0,0,0,1,1
1,1,0,0,1,1,0,1,1,1,0;0,0,0,0,1,1,0,0,1,1,1
1,1,0,0,1,1,0,1,1,1,0;0,0,0,0,1,1,0,1,1,1,1
1,1,0,0,1,1,0,1,1,1,0;0,0,0,0,1,1,1,0,1,1,1::[2]
1,1,0,0,1,1,0,1,1,1,0;1,0,0,0,0,1,0,0,1,1,0;0,0,0,0,0,1,0,0,0,1,1
1,1,0,0,1,1,0,1,1,1,0;1,0,0,0,0,1,0,0,1,1,0;0,0,0,0,0,1,0,0,1,1,1
1,1,0,0,1,1,0,1,1,1,0;1,0,0,0,0,1,0,0,1,1,0;0,0,0,0,1,1,0,0,1,1,0
1,1,0,0,1,1,1,0,1,1,0;0,0,0,0,1,1,0,0,0,1,1
1,1,0,0,1,1,1,0,1,1,0;0,0,0,0,1,1,1,0,0,1,1
1,1,0,0,1,1,1,1,1,1,0;0,0,0,0,0,1,0,0,1,1,1::[2]
1,1,0,0,1,1,1,1,1,1,0;0,1,0,0,1,1,0,1,1,1,1
1,1,0,1,1,0,0,0,1,1,0;0,0,0,1,1,1,0,0,1,1,1
1,1,0,1,1,0,0,1,1,1,1;0,0,0,1,1,1,0,0,1,1,1
1,1,1,0,0,0,0,1,0,1,0;0,0,0,0,1,1,0,0,1,1,1
1,1,1,0,0,1,0,1,1,1,0;1,0,0,0,1,1,0,0,1,1,0;0,0,0,0,1,1,0,0,1,1,1
1,1,1,0,1,0,0,0,1,1,0;0,0,0,0,1,1,0,0,1,1,1
1,1,1,0,1,0,0,0,1,1,0;0,0,0,0,1,1,0,1,1,1,1
1,1,1,0,1,0,0,1,0,1,0;0,0,0,0,1,1,0,0,1,1,1::[2]
1,1,1,0,1,0,0,1,1,1,0;1,0,0,0,0,1,0,0,1,1,0;0,0,0,0,0,0,0,0,1,1,1
1,1,1,0,1,0,0,1,1,1,0;1,0,0,0,1,1,0,0,1,1,0;0,0,0,0,0,1,0,0,1,1,0
1,1,1,0,1,0,0,1,1,1,0;1,0,0,0,1,1,0,0,1,1,1;0,0,0,0,0,1,1,1,0,1,1
1,1,1,0,1,1,0,0,1,1,0;0,0,0,0,1,1,0,1,1,1,1::[2]
1,1,1,0,1,1,0,1,0,1,0;0,0,0,0,1,1,0,0,1,1,1
1,1,1,0,1,1,0,1,0,1,0;1,0,0,0,0,1,0,0,1,1,0;0,0,0,0,0,1,0,1,1,1,1
1,1,1,0,1,1,0,1,1,1,0;0,0,0,0,0,1,0,0,1,1,1::[5]
1,1,1,0,1,1,0,1,1,1,0;0,0,0,0,1,1,0,0,1,1,1::[3]
1,1,1,0,1,1,0,1,1,1,0;0,0,0,0,1,1,1,0,1,1,1::[2]
1,1,1,0,1,1,0,1,1,1,0;1,0,0,0,0,1,0,0,1,1,1;0,0,0,0,1,1,0,0,0,1,1
1,1,1,0,1,1,0,1,1,1,0;1,0,0,0,1,1,0,0,0,1,1;0,0,0,0,1,1,0,1,0,1,1
1,1,1,0,1,1,1,1,1,1,1;0,0,0,0,0,1,0,0,1,1,1
1,1,1,1,1,0,0,1,1,1,0;1,0,0,1,0,1,0,0,1,1,0;0,0,0,1,1,1,0,0,0,1,1
---
0,0,0,1,1,1,0,1,1,1,0::[96]
1,0,0,0,1,1,0,1,1,1,0;0,0,0,0,0,0,0,0,1,1,1
1,0,0,0,1,1,0,1,1,1,0;0,0,0,0,0,1,0,0,0,0,0::[2]
1,0,0,0,1,1,0,1,1,1,0;0,0,0,0,0,1,0,0,0,0,1
1,0,0,0,1,1,0,1,1,1,0;0,0,0,0,0,1,0,0,0,1,1::[3]
1,0,0,0,1,1,0,1,1,1,0;0,0,0,0,0,1,0,0,1,1,0::[10]
1,0,0,0,1,1,0,1,1,1,0;0,0,0,0,0,1,0,0,1,1,1::[20]
1,0,0,0,1,1,0,1,1,1,0;0,0,0,0,0,1,0,1,0,1,0::[2]
1,0,0,0,1,1,0,1,1,1,0;0,0,0,0,0,1,0,1,1,1,1::[8]
1,0,0,0,1,1,0,1,1,1,0;0,0,0,0,0,1,1,0,0,0,1
1,0,0,0,1,1,0,1,1,1,0;0,0,0,0,0,1,1,0,0,1,1
1,0,0,0,1,1,0,1,1,1,0;0,0,0,0,0,1,1,0,1,1,1::[3]
1,0,0,0,1,1,0,1,1,1,0;0,0,0,0,0,1,1,1,0,1,1
1,0,0,0,1,1,0,1,1,1,0;0,0,0,0,1,1,0,0,0,0,1
1,0,0,0,1,1,0,1,1,1,0;0,0,0,0,1,1,0,0,0,1,1::[3]
1,0,0,0,1,1,0,1,1,1,0;0,0,0,0,1,1,0,1,0,1,1::[3]
1,0,0,0,1,1,0,1,1,1,0;0,0,0,0,1,1,0,1,1,1,1::[4]
1,0,0,0,1,1,0,1,1,1,0;0,0,1,0,0,1,0,0,0,1,1
1,0,0,0,1,1,0,1,1,1,0;0,0,1,0,0,1,0,0,1,1,0
1,0,0,0,1,1,0,1,1,1,0;0,0,1,0,0,1,0,0,1,1,1
1,0,0,0,1,1,0,1,1,1,0;0,1,0,0,1,0,1,0,1,1,1
1,0,0,0,1,1,0,1,1,1,0;0,1,0,0,1,1,0,1,0,1,1
1,0,0,0,1,1,0,1,1,1,0;0,1,0,0,1,1,0,1,1,1,1::[2]
1,0,0,0,1,1,0,1,1,1,0;1,0,0,0,1,1,0,0,1,1,1
1,0,0,1,0,0,0,0,0,0,0;0,0,0,1,1,1,0,1,1,1,0::[2]
1,0,0,1,0,0,0,0,0,1,0;0,0,0,1,1,1,0,1,1,1,0::[5]
1,0,0,1,0,0,0,0,1,1,0;0,0,0,1,1,1,0,1,1,1,0::[14]
1,0,0,1,0,0,0,1,0,0,0;0,0,0,1,1,1,0,1,1,1,0
1,0,0,1,0,0,0,1,0,1,0;0,0,0,1,1,1,0,1,1,1,0::[3]
1,0,0,1,0,0,0,1,0,1,0;1,1,0,1,1,1,0,1,1,1,0
1,0,0,1,0,0,0,1,1,1,0;0,0,0,1,1,1,0,1,1,1,0::[6]
1,0,0,1,0,0,1,0,0,1,0;0,0,0,1,1,1,0,1,1,1,0::[2]
1,0,0,1,0,0,1,0,1,1,0;0,0,0,1,1,1,0,1,1,1,0::[9]
1,0,0,1,0,1,0,0,0,1,0;0,0,0,1,1,1,0,1,1,1,0::[4]
1,0,0,1,0,1,0,0,1,1,0;0,0,0,1,1,1,0,1,1,1,0::[49]
1,0,0,1,0,1,0,1,0,0,0;0,0,0,1,1,1,0,1,1,1,0::[3]
1,0,0,1,0,1,0,1,0,1,0;0,0,0,1,1,1,0,1,1,1,0::[7]
1,0,0,1,0,1,0,1,0,1,0;1,0,0,1,1,1,0,1,1,1,0;0,0,0,1,1,1,0,1,1,1,0
1,0,0,1,0,1,0,1,1,1,0
1,0,0,1,0,1,0,1,1,1,0;0,0,0,1,0,0,0,0,0,1,0::[2]
1,0,0,1,0,1,0,1,1,1,0;0,0,0,1,0,0,0,0,1,1,0
1,0,0,1,0,1,0,1,1,1,0;0,0,0,1,0,0,0,1,1,1,0::[3]
1,0,0,1,0,1,0,1,1,1,0;0,0,0,1,0,1,0,0,0,0,0::[3]
1,0,0,1,0,1,0,1,1,1,0;0,0,0,1,0,1,0,0,0,1,0::[12]
1,0,0,1,0,1,0,1,1,1,0;0,0,0,1,0,1,0,0,1,1,0::[33]
1,0,0,1,0,1,0,1,1,1,0;0,0,0,1,0,1,0,1,0,0,0::[8]
1,0,0,1,0,1,0,1,1,1,0;0,0,0,1,0,1,0,1,0,1,0::[16]
1,0,0,1,0,1,0,1,1,1,0;0,0,0,1,0,1,0,1,1,1,0::[39]
1,0,0,1,0,1,0,1,1,1,0;0,0,0,1,0,1,1,0,0,1,0
1,0,0,1,0,1,0,1,1,1,0;0,0,0,1,0,1,1,0,1,1,0::[2]
1,0,0,1,0,1,0,1,1,1,0;0,0,0,1,0,1,1,1,0,0,0::[2]
1,0,0,1,0,1,0,1,1,1,0;0,0,0,1,0,1,1,1,1,1,0::[2]
1,0,0,1,0,1,0,1,1,1,0;0,0,0,1,1,0,0,0,0,1,1
1,0,0,1,0,1,0,1,1,1,0;0,0,0,1,1,0,0,0,1,1,0::[3]
1,0,0,1,0,1,0,1,1,1,0;0,0,0,1,1,0,0,1,0,1,0
1,0,0,1,0,1,0,1,1,1,0;0,0,0,1,1,0,0,1,1,1,0::[2]
1,0,0,1,0,1,0,1,1,1,0;0,0,0,1,1,1,0,0,0,0,0
1,0,0,1,0,1,0,1,1,1,0;0,0,0,1,1,1,0,0,0,1,0::[3]
1,0,0,1,0,1,0,1,1,1,0;0,0,0,1,1,1,0,0,0,1,1
1,0,0,1,0,1,0,1,1,1,0;0,0,0,1,1,1,0,0,1,1,0::[4]
1,0,0,1,0,1,0,1,1,1,0;0,0,0,1,1,1,0,1,0,0,0
1,0,0,1,0,1,0,1,1,1,0;0,0,0,1,1,1,0,1,0,0,1::[3]
1,0,0,1,0,1,0,1,1,1,0;0,0,0,1,1,1,0,1,0,1,0::[9]
1,0,0,1,0,1,0,1,1,1,0;0,0,0,1,1,1,0,1,1,1,0::[24]
1,0,0,1,0,1,0,1,1,1,0;0,0,0,1,1,1,1,1,0,1,0
1,0,0,1,0,1,0,1,1,1,0;0,0,0,1,1,1,1,1,1,1,0
1,0,0,1,0,1,0,1,1,1,0;0,0,1,1,0,0,0,1,1,1,0
1,0,0,1,0,1,0,1,1,1,0;0,0,1,1,0,1,0,0,0,0,0
1,0,0,1,0,1,0,1,1,1,0;0,0,1,1,0,1,0,0,1,1,0::[4]
1,0,0,1,0,1,0,1,1,1,0;0,0,1,1,0,1,0,1,1,1,0
1,0,0,1,0,1,0,1,1,1,0;0,0,1,1,1,1,0,0,1,1,0::[2]
1,0,0,1,0,1,0,1,1,1,0;0,1,0,1,0,0,0,0,1,1,0
1,0,0,1,0,1,0,1,1,1,0;0,1,0,1,1,1,0,1,0,1,0::[2]
1,0,0,1,0,1,0,1,1,1,0;0,1,0,1,1,1,0,1,1,1,0
1,0,0,1,0,1,0,1,1,1,0;0,1,0,1,1,1,0,1,1,1,1
1,0,0,1,0,1,0,1,1,1,0;0,1,0,1,1,1,1,0,0,1,0
1,0,0,1,0,1,0,1,1,1,0;0,1,1,1,1,1,0,1,1,1,0
1,0,0,1,0,1,0,1,1,1,0;1,0,0,1,0,1,0,0,1,1,0
1,0,0,1,0,1,0,1,1,1,0;1,0,0,1,1,1,0,0,1,1,0
1,0,0,1,0,1,0,1,1,1,0;1,0,0,1,1,1,0,1,1,1,0
1,0,0,1,0,1,0,1,1,1,0;1,0,0,1,1,1,0,1,1,1,0;0,0,0,1,0,1,0,0,0,1,0
1,0,0,1,0,1,0,1,1,1,0;1,0,0,1,1,1,0,1,1,1,0;0,0,0,1,0,1,0,1,0,0,0::[2]
1,0,0,1,0,1,0,1,1,1,0;1,0,0,1,1,1,0,1,1,1,0;0,0,0,1,0,1,0,1,1,1,0
1,0,0,1,0,1,0,1,1,1,0;1,0,0,1,1,1,0,1,1,1,0;0,0,0,1,0,1,1,1,0,1,0
1,0,0,1,0,1,0,1,1,1,0;1,0,0,1,1,1,0,1,1,1,0;0,0,0,1,1,1,0,1,1,1,0
1,0,0,1,0,1,0,1,1,1,0;1,0,0,1,1,1,0,1,1,1,1
1,0,0,1,0,1,0,1,1,1,0;1,1,0,1,0,1,0,1,1,1,0
1,0,0,1,0,1,0,1,1,1,0;1,1,0,1,1,1,0,1,0,0,0
1,0,0,1,0,1,0,1,1,1,0;1,1,0,1,1,1,0,1,1,1,0::[4]
1,0,0,1,0,1,0,1,1,1,0;1,1,1,1,1,1,0,1,0,1,0
1,0,0,1,0,1,1,0,0,0,0;0,0,0,1,1,1,0,1,1,1,0::[4]
1,0,0,1,0,1,1,0,0,1,0;0,0,0,1,1,1,0,1,1,1,0::[3]
1,0,0,1,0,1,1,0,1,1,0;0,0,0,1,1,1,0,1,1,1,0::[11]
1,0,0,1,0,1,1,1,1,1,0;0,0,0,1,1,1,0,1,1,1,0::[2]
1,0,0,1,1,0,0,0,0,1,0;0,0,0,1,1,1,0,1,1,1,0::[3]
1,0,0,1,1,0,0,0,1,1,0;0,0,0,1,1,1,0,1,1,1,0::[6]
1,0,0,1,1,0,0,1,1,1,0::[2]
1,0,0,1,1,0,0,1,1,1,0;0,0,0,1,0,0,0,0,1,1,0::[39]
1,0,0,1,1,0,0,1,1,1,0;0,0,0,1,0,0,0,0,1,1,1::[2]
1,0,0,1,1,0,0,1,1,1,0;0,0,0,1,0,0,0,1,1,1,0::[25]
1,0,0,1,1,0,0,1,1,1,0;0,0,0,1,0,0,0,1,1,1,1
1,0,0,1,1,0,0,1,1,1,0;0,0,0,1,0,0,1,1,1,1,0::[3]
1,0,0,1,1,0,0,1,1,1,0;0,0,0,1,0,1,0,0,0,1,0::[5]
1,0,0,1,1,0,0,1,1,1,0;0,0,0,1,0,1,0,0,1,1,0::[12]
1,0,0,1,1,0,0,1,1,1,0;0,0,0,1,0,1,0,1,0,1,0::[2]
1,0,0,1,1,0,0,1,1,1,0;0,0,0,1,0,1,0,1,1,1,0::[31]
1,0,0,1,1,0,0,1,1,1,0;0,0,0,1,0,1,1,1,1,1,0
1,0,0,1,1,0,0,1,1,1,0;0,0,0,1,1,1,0,0,0,1,0
1,0,0,1,1,0,0,1,1,1,0;0,0,0,1,1,1,0,0,1,1,0::[2]
1,0,0,1,1,0,0,1,1,1,0;0,0,0,1,1,1,0,1,0,1,0::[2]
1,0,0,1,1,0,0,1,1,1,0;0,0,0,1,1,1,0,1,1,1,0::[3]
1,0,0,1,1,0,0,1,1,1,0;0,0,1,1,0,0,0,0,0,1,0
1,0,0,1,1,0,0,1,1,1,0;0,0,1,1,0,0,0,0,1,1,0::[4]
1,0,0,1,1,0,0,1,1,1,0;0,0,1,1,0,0,0,0,1,1,1
1,0,0,1,1,0,0,1,1,1,0;0,0,1,1,0,0,0,1,1,1,0::[4]
1,0,0,1,1,0,0,1,1,1,0;0,0,1,1,0,1,0,0,1,1,0::[2]
1,0,0,1,1,0,0,1,1,1,0;0,0,1,1,0,1,0,1,1,1,0
1,0,0,1,1,0,0,1,1,1,0;0,0,1,1,1,1,0,1,1,1,0
1,0,0,1,1,0,0,1,1,1,0;0,1,0,1,0,0,0,0,1,1,0::[2]
1,0,0,1,1,0,0,1,1,1,0;0,1,0,1,0,1,0,0,1,1,0
1,0,0,1,1,0,0,1,1,1,0;0,1,0,1,1,1,0,1,1,1,0
1,0,0,1,1,0,0,1,1,1,0;0,1,1,1,0,0,0,0,0,1,0
1,0,0,1,1,0,0,1,1,1,0;0,1,1,1,1,1,0,1,0,1,0
1,0,0,1,1,0,0,1,1,1,0;0,1,1,1,1,1,0,1,1,1,0
1,0,0,1,1,0,1,0,1,1,0;0,0,0,1,1,1,0,1,1,1,0
1,0,0,1,1,1,0,0,0,0,0;0,0,0,1,1,1,0,1,1,1,0::[2]
1,0,0,1,1,1,0,0,0,1,0;0,0,0,1,1,1,0,1,1,1,0::[2]
1,0,0,1,1,1,0,0,1,1,0
1,0,0,1,1,1,0,0,1,1,0;0,0,0,1,0,0,0,1,0,1,0
1,0,0,1,1,1,0,0,1,1,0;0,0,0,1,0,0,0,1,1,1,0::[4]
1,0,0,1,1,1,0,0,1,1,0;0,0,0,1,0,1,0,0,1,1,0::[4]
1,0,0,1,1,1,0,0,1,1,0;0,0,0,1,0,1,0,1,0,0,0
1,0,0,1,1,1,0,0,1,1,0;0,0,0,1,0,1,0,1,0,1,0::[5]
1,0,0,1,1,1,0,0,1,1,0;0,0,0,1,0,1,0,1,1,1,0::[43]
1,0,0,1,1,1,0,0,1,1,0;0,0,0,1,0,1,0,1,1,1,1
1,0,0,1,1,1,0,0,1,1,0;0,0,0,1,1,0,0,1,0,0,0
1,0,0,1,1,1,0,0,1,1,0;0,0,0,1,1,0,0,1,1,1,0::[3]
1,0,0,1,1,1,0,0,1,1,0;0,0,0,1,1,1,0,0,1,1,1::[3]
1,0,0,1,1,1,0,0,1,1,0;0,0,0,1,1,1,0,1,0,0,0::[6]
1,0,0,1,1,1,0,0,1,1,0;0,0,0,1,1,1,0,1,0,0,1
1,0,0,1,1,1,0,0,1,1,0;0,0,0,1,1,1,0,1,0,1,0::[3]
1,0,0,1,1,1,0,0,1,1,0;0,0,0,1,1,1,0,1,1,1,0::[17]
1,0,0,1,1,1,0,0,1,1,0;0,0,0,1,1,1,0,1,1,1,1::[3]
1,0,0,1,1,1,0,0,1,1,0;0,0,0,1,1,1,1,1,0,1,0
1,0,0,1,1,1,0,0,1,1,0;0,0,1,1,0,0,0,1,1,1,0
1,0,0,1,1,1,0,0,1,1,0;0,0,1,1,1,0,0,1,1,1,0
1,0,0,1,1,1,0,0,1,1,0;0,0,1,1,1,1,0,1,0,1,0
1,0,0,1,1,1,0,0,1,1,0;0,0,1,1,1,1,0,1,1,1,0
1,0,0,1,1,1,0,0,1,1,0;0,0,1,1,1,1,0,1,1,1,1
1,0,0,1,1,1,0,0,1,1,0;0,1,0,1,1,1,0,1,1,1,0
1,0,0,1,1,1,0,0,1,1,0;1,0,0,1,1,1,0,1,1,1,0;0,0,0,1,0,1,0,0,0,0,0
1,0,0,1,1,1,0,0,1,1,0;1,0,0,1,1,1,0,1,1,1,0;0,0,0,1,1,1,0,1,0,1,0
1,0,0,1,1,1,0,1,0,1,0
1,0,0,1,1,1,0,1,0,1,0;0,0,0,1,0,0,0,0,1,1,0::[5]
1,0,0,1,1,1,0,1,0,1,0;0,0,0,1,0,0,0,1,0,0,0::[2]
1,0,0,1,1,1,0,1,0,1,0;0,0,0,1,0,0,0,1,0,1,0
1,0,0,1,1,1,0,1,0,1,0;0,0,0,1,0,0,0,1,1,1,0::[5]
1,0,0,1,1,1,0,1,0,1,0;0,0,0,1,0,1,0,0,0,0,0::[2]
1,0,0,1,1,1,0,1,0,1,0;0,0,0,1,0,1,0,0,0,1,0
1,0,0,1,1,1,0,1,0,1,0;0,0,0,1,0,1,0,0,1,1,0::[11]
1,0,0,1,1,1,0,1,0,1,0;0,0,0,1,0,1,0,1,0,0,0::[2]
1,0,0,1,1,1,0,1,0,1,0;0,0,0,1,0,1,0,1,0,1,0::[4]
1,0,0,1,1,1,0,1,0,1,0;0,0,0,1,0,1,0,1,1,1,0::[17]
1,0,0,1,1,1,0,1,0,1,0;0,0,0,1,0,1,1,0,1,1,0
1,0,0,1,1,1,0,1,0,1,0;0,0,0,1,0,1,1,1,1,1,0
1,0,0,1,1,1,0,1,0,1,0;0,0,0,1,1,0,0,0,0,1,0
1,0,0,1,1,1,0,1,0,1,0;0,0,0,1,1,0,0,1,1,1,0
1,0,0,1,1,1,0,1,0,1,0;0,0,0,1,1,1,0,0,0,1,0::[2]
1,0,0,1,1,1,0,1,0,1,0;0,0,0,1,1,1,0,0,1,1,0::[3]
1,0,0,1,1,1,0,1,0,1,0;0,0,0,1,1,1,0,1,1,1,0::[4]
1,0,0,1,1,1,0,1,0,1,0;0,0,1,1,0,0,0,0,1,1,0
1,0,0,1,1,1,0,1,0,1,0;0,0,1,1,0,0,0,0,1,1,1
1,0,0,1,1,1,0,1,0,1,0;0,0,1,1,0,0,0,1,1,1,0::[2]
1,0,0,1,1,1,0,1,0,1,0;0,0,1,1,0,1,0,0,1,1,0
1,0,0,1,1,1,0,1,0,1,0;0,0,1,1,0,1,0,1,0,0,0
1,0,0,1,1,1,0,1,0,1,0;0,0,1,1,0,1,0,1,0,1,0
1,0,0,1,1,1,0,1,0,1,0;0,0,1,1,0,1,0,1,1,1,0::[2]
1,0,0,1,1,1,0,1,0,1,0;0,0,1,1,1,1,0,0,1,1,0::[3]
1,0,0,1,1,1,0,1,0,1,0;0,1,0,1,1,1,0,1,1,1,0
1,0,0,1,1,1,0,1,0,1,0;0,1,1,1,1,1,0,0,0,1,0
1,0,0,1,1,1,0,1,0,1,0;1,0,0,1,0,1,0,0,1,1,0
1,0,0,1,1,1,0,1,0,1,0;1,0,0,1,1,1,0,1,1,1,0;0,0,0,1,0,1,0,1,1,1,0
1,0,0,1,1,1,0,1,0,1,0;1,1,1,1,1,1,0,1,0,1,0
1,0,0,1,1,1,0,1,1,1,0
1,0,0,1,1,1,0,1,1,1,0;0,0,0,1,0,0,0,0,0,0,0
1,0,0,1,1,1,0,1,1,1,0;0,0,0,1,0,0,0,0,1,1,0::[14]
1,0,0,1,1,1,0,1,1,1,0;0,0,0,1,0,0,0,1,0,1,0
1,0,0,1,1,1,0,1,1,1,0;0,0,0,1,0,0,0,1,1,1,0::[5]
1,0,0,1,1,1,0,1,1,1,0;0,0,0,1,0,0,1,0,1,1,0
1,0,0,1,1,1,0,1,1,1,0;0,0,0,1,0,1,0,0,0,0,0::[3]
1,0,0,1,1,1,0,1,1,1,0;0,0,0,1,0,1,0,0,0,1,0::[6]
1,0,0,1,1,1,0,1,1,1,0;0,0,0,1,0,1,0,0,1,1,0::[44]
1,0,0,1,1,1,0,1,1,1,0;0,0,0,1,0,1,0,0,1,1,1::[2]
1,0,0,1,1,1,0,1,1,1,0;0,0,0,1,0,1,0,1,0,1,0::[14]
1,0,0,1,1,1,0,1,1,1,0;0,0,0,1,0,1,0,1,1,1,0::[61]
1,0,0,1,1,1,0,1,1,1,0;0,0,0,1,0,1,0,1,1,1,1
1,0,0,1,1,1,0,1,1,1,0;0,0,0,1,0,1,1,0,0,0,0::[2]
1,0,0,1,1,1,0,1,1,1,0;0,0,0,1,0,1,1,0,0,1,1
1,0,0,1,1,1,0,1,1,1,0;0,0,0,1,0,1,1,1,0,1,0
1,0,0,1,1,1,0,1,1,1,0;0,0,0,1,0,1,1,1,1,1,0
1,0,0,1,1,1,0,1,1,1,0;0,0,0,1,1,0,0,1,0,1,0
1,0,0,1,1,1,0,1,1,1,0;0,0,0,1,1,0,0,1,1,1,0
1,0,0,1,1,1,0,1,1,1,0;0,0,0,1,1,1,0,0,0,0,0
1,0,0,1,1,1,0,1,1,1,0;0,0,0,1,1,1,0,0,0,1,0::[3]
1,0,0,1,1,1,0,1,1,1,0;0,0,0,1,1,1,0,0,1,1,0::[5]
1,0,0,1,1,1,0,1,1,1,0;0,0,0,1,1,1,0,0,1,1,1::[5]
1,0,0,1,1,1,0,1,1,1,0;0,0,0,1,1,1,0,1,0,0,0::[2]
1,0,0,1,1,1,0,1,1,1,0;0,0,0,1,1,1,0,1,0,1,0::[4]
1,0,0,1,1,1,0,1,1,1,0;0,0,0,1,1,1,0,1,1,1,0::[14]
1,0,0,1,1,1,0,1,1,1,0;0,0,0,1,1,1,1,1,1,1,0
1,0,0,1,1,1,0,1,1,1,0;0,0,1,1,0,0,0,0,0,1,0
1,0,0,1,1,1,0,1,1,1,0;0,0,1,1,0,0,0,1,1,1,0
1,0,0,1,1,1,0,1,1,1,0;0,0,1,1,0,1,0,0,0,1,0
1,0,0,1,1,1,0,1,1,1,0;0,0,1,1,0,1,0,0,1,1,0
1,0,0,1,1,1,0,1,1,1,0;0,0,1,1,0,1,0,1,0,1,0
1,0,0,1,1,1,0,1,1,1,0;0,0,1,1,0,1,0,1,1,1,0::[3]
1,0,0,1,1,1,0,1,1,1,0;0,0,1,1,1,1,0,0,0,0,0
1,0,0,1,1,1,0,1,1,1,0;0,0,1,1,1,1,0,0,1,1,0::[2]
1,0,0,1,1,1,0,1,1,1,0;0,0,1,1,1,1,0,1,0,1,0
1,0,0,1,1,1,0,1,1,1,0;0,0,1,1,1,1,0,1,1,1,0
1,0,0,1,1,1,0,1,1,1,0;0,1,0,1,0,1,0,0,0,1,1
1,0,0,1,1,1,0,1,1,1,0;0,1,0,1,0,1,0,0,1,1,0::[2]
1,0,0,1,1,1,0,1,1,1,0;0,1,1,1,1,1,0,1,0,1,0
1,0,0,1,1,1,0,1,1,1,0;1,0,0,1,0,1,0,0,1,1,0
1,0,0,1,1,1,0,1,1,1,0;1,0,0,1,0,1,0,1,1,1,0;0,0,0,1,0,1,0,0,0,0,0
1,0,0,1,1,1,0,1,1,1,0;1,0,0,1,0,1,0,1,1,1,0;0,0,0,1,0,1,0,0,0,1,0
1,0,0,1,1,1,0,1,1,1,0;1,0,0,1,0,1,0,1,1,1,0;0,0,0,1,0,1,0,0,1,1,0
1,0,0,1,1,1,0,1,1,1,0;1,0,0,1,0,1,0,1,1,1,0;0,0,0,1,0,1,0,1,0,1,0
1,0,0,1,1,1,0,1,1,1,0;1,0,0,1,0,1,0,1,1,1,0;0,0,0,1,1,1,0,1,0,1,0::[3]
1,0,0,1,1,1,0,1,1,1,0;1,0,0,1,0,1,0,1,1,1,0;0,0,0,1,1,1,0,1,1,1,0::[2]
1,0,0,1,1,1,0,1,1,1,0;1,0,0,1,1,0,0,1,1,1,0;0,0,0,1,0,1,0,0,0,1,0
1,0,0,1,1,1,0,1,1,1,0;1,0,0,1,1,1,0,0,1,1,0;0,0,0,1,0,1,0,0,0,0,0
1,0,0,1,1,1,0,1,1,1,0;1,0,0,1,1,1,0,0,1,1,0;0,0,0,1,0,1,0,0,0,1,1
1,0,0,1,1,1,0,1,1,1,0;1,0,0,1,1,1,0,0,1,1,0;0,0,0,1,0,1,0,0,1,1,0
1,0,0,1,1,1,0,1,1,1,0;1,0,0,1,1,1,0,0,1,1,0;0,0,0,1,0,1,0,1,0,0,0
1,0,0,1,1,1,0,1,1,1,0;1,0,0,1,1,1,0,0,1,1,0;0,0,0,1,0,1,0,1,0,1,0::[5]
1,0,0,1,1,1,0,1,1,1,0;1,0,0,1,1,1,0,0,1,1,0;0,0,0,1,1,1,0,1,0,1,0::[2]
1,0,0,1,1,1,0,1,1,1,0;1,0,0,1,1,1,0,0,1,1,0;0,0,0,1,1,1,0,1,1,1,0
1,0,0,1,1,1,0,1,1,1,0;1,0,0,1,1,1,0,1,0,1,0;0,0,0,1,0,1,0,1,0,1,0
1,0,0,1,1,1,0,1,1,1,0;1,0,0,1,1,1,0,1,1,1,0;0,0,0,1,0,1,0,0,0,1,0
1,0,0,1,1,1,0,1,1,1,0;1,0,0,1,1,1,0,1,1,1,0;0,0,0,1,0,1,0,1,1,1,0
1,0,0,1,1,1,0,1,1,1,0;1,0,1,1,1,1,0,0,1,1,0;0,0,0,1,1,1,0,1,0,1,0
1,0,0,1,1,1,0,1,1,1,0;1,0,1,1,1,1,0,1,1,1,0
1,0,0,1,1,1,0,1,1,1,0;1,1,0,1,1,1,0,0,1,1,0;0,0,0,1,0,1,0,1,0,1,1
1,0,0,1,1,1,0,1,1,1,0;1,1,0,1,1,1,0,1,0,1,0;0,0,0,1,0,1,0,0,0,1,1
1,0,0,1,1,1,0,1,1,1,0;1,1,0,1,1,1,0,1,0,1,0;0,0,0,1,0,1,0,0,1,1,1
1,0,0,1,1,1,0,1,1,1,0;1,1,0,1,1,1,0,1,1,1,0;0,0,0,1,0,1,0,0,0,0,0::[3]
1,0,0,1,1,1,0,1,1,1,0;1,1,0,1,1,1,0,1,1,1,0;0,0,0,1,0,1,0,0,0,1,0::[3]
1,0,0,1,1,1,0,1,1,1,0;1,1,0,1,1,1,0,1,1,1,0;0,1,0,1,0,1,1,0,0,0,0
1,0,0,1,1,1,0,1,1,1,0;1,1,1,1,1,1,0,1,1,1,0;0,0,0,1,0,1,0,0,0,1,0::[2]
1,0,0,1,1,1,1,0,0,1,0;0,0,0,1,1,1,0,1,1,1,0
1,0,0,1,1,1,1,0,1,1,0;0,0,0,1,1,1,0,1,1,1,0::[5]
1,0,0,1,1,1,1,0,1,1,0;1,0,0,1,1,1,0,1,1,1,0;0,0,0,1,1,1,0,1,0,1,0
1,0,0,1,1,1,1,1,1,1,0;0,0,0,1,0,0,0,0,1,1,0::[6]
1,0,0,1,1,1,1,1,1,1,0;0,0,0,1,0,0,0,1,1,1,0::[3]
1,0,0,1,1,1,1,1,1,1,0;0,0,0,1,0,1,0,0,1,1,0::[4]
1,0,0,1,1,1,1,1,1,1,0;0,0,0,1,0,1,0,1,0,1,0
1,0,0,1,1,1,1,1,1,1,0;0,0,0,1,0,1,0,1,1,1,0::[2]
1,0,0,1,1,1,1,1,1,1,0;0,0,0,1,0,1,1,1,0,1,0
1,0,0,1,1,1,1,1,1,1,0;0,0,0,1,1,1,0,0,1,1,1
1,0,0,1,1,1,1,1,1,1,0;0,0,0,1,1,1,0,1,1,1,0::[3]
1,0,0,1,1,1,1,1,1,1,0;0,0,0,1,1,1,1,0,1,1,0
1,0,0,1,1,1,1,1,1,1,0;0,0,0,1,1,1,1,1,0,1,0
1,0,0,1,1,1,1,1,1,1,0;0,0,1,1,0,0,0,0,1,1,0::[3]
1,0,0,1,1,1,1,1,1,1,0;0,0,1,1,0,1,0,0,1,1,0
1,0,0,1,1,1,1,1,1,1,0;0,1,0,1,0,1,0,0,1,1,0::[3]
1,0,0,1,1,1,1,1,1,1,0;1,0,0,1,1,1,0,1,1,1,1;0,0,0,1,0,1,0,0,1,1,1
1,0,1,1,0,0,0,0,1,1,0;0,0,0,1,1,1,0,1,1,1,0::[2]
1,0,1,1,0,0,0,1,1,1,0;0,0,0,1,1,1,0,1,1,1,0
1,0,1,1,0,1,0,0,0,0,0;0,0,0,1,1,1,0,1,1,1,0
1,0,1,1,0,1,0,0,0,1,0;0,0,0,1,1,1,0,1,1,1,0::[3]
1,0,1,1,0,1,0,0,1,1,0;0,0,0,1,1,1,0,1,1,1,0::[6]
1,0,1,1,0,1,0,1,0,1,0;0,0,0,1,1,1,0,1,1,1,0::[2]
1,0,1,1,0,1,0,1,0,1,0;1,0,0,1,1,1,0,1,1,1,0
1,0,1,1,0,1,0,1,1,1,0;0,0,0,1,1,1,0,1,1,1,0::[5]
1,0,1,1,0,1,0,1,1,1,0;1,0,0,1,1,1,0,0,1,1,0
1,0,1,1,0,1,0,1,1,1,0;1,0,0,1,1,1,0,1,1,1,0;0,0,0,1,0,1,0,0,1,1,0
1,0,1,1,0,1,1,1,1,1,0;0,0,0,1,1,1,0,1,1,1,0
1,0,1,1,1,0,0,0,1,1,0;0,0,0,1,1,1,0,1,1,1,0
1,0,1,1,1,0,0,1,0,0,0;0,0,0,1,1,1,0,1,1,1,0
1,0,1,1,1,0,0,1,1,1,0;0,0,0,1,1,1,0,1,1,1,0
1,0,1,1,1,1,0,0,0,0,0;0,0,0,1,1,1,0,1,1,1,0
1,0,1,1,1,1,0,0,0,1,0;0,0,0,1,1,1,0,1,1,1,0::[3]
1,0,1,1,1,1,0,0,1,1,0;0,0,0,1,1,1,0,1,1,1,0::[5]
1,0,1,1,1,1,0,0,1,1,0;1,0,0,1,1,1,0,1,1,1,0;0,0,0,1,1,1,0,1,0,1,0
1,0,1,1,1,1,0,1,0,0,0;0,0,0,1,1,1,0,1,1,1,0
1,0,1,1,1,1,0,1,1,1,0;0,0,0,1,0,0,0,0,1,1,0::[3]
1,0,1,1,1,1,0,1,1,1,0;0,0,0,1,0,0,0,1,0,1,0
1,0,1,1,1,1,0,1,1,1,0;0,0,0,1,0,0,0,1,1,1,0::[2]
1,0,1,1,1,1,0,1,1,1,0;0,0,0,1,0,1,0,0,0,0,0::[2]
1,0,1,1,1,1,0,1,1,1,0;0,0,0,1,0,1,0,0,1,1,0::[15]
1,0,1,1,1,1,0,1,1,1,0;0,0,0,1,0,1,0,1,0,1,0::[4]
1,0,1,1,1,1,0,1,1,1,0;0,0,0,1,0,1,0,1,0,1,1
1,0,1,1,1,1,0,1,1,1,0;0,0,0,1,0,1,0,1,1,1,0::[18]
1,0,1,1,1,1,0,1,1,1,0;0,0,0,1,0,1,1,0,0,1,0
1,0,1,1,1,1,0,1,1,1,0;0,0,0,1,1,1,0,0,0,1,0
1,0,1,1,1,1,0,1,1,1,0;0,0,0,1,1,1,0,0,1,1,0::[3]
1,0,1,1,1,1,0,1,1,1,0;0,0,0,1,1,1,0,0,1,1,1
1,0,1,1,1,1,0,1,1,1,0;0,0,0,1,1,1,0,1,0,1,0
1,0,1,1,1,1,0,1,1,1,0;0,0,0,1,1,1,0,1,1,1,0::[5]
1,0,1,1,1,1,0,1,1,1,0;0,0,0,1,1,1,0,1,1,1,1
1,0,1,1,1,1,0,1,1,1,0;0,1,0,1,0,1,0,0,1,1,0
1,0,1,1,1,1,0,1,1,1,0;1,0,0,1,0,1,0,0,1,1,0
1,1,0,1,0,0,0,0,0,1,0;0,0,0,1,1,1,0,1,1,1,0
1,1,0,1,0,0,0,0,1,1,0;0,0,0,1,1,1,0,1,1,1,0::[4]
1,1,0,1,0,0,0,1,0,0,0;0,0,0,1,1,1,0,1,1,1,0
1,1,0,1,0,0,0,1,1,1,0;0,0,0,1,1,1,0,1,1,1,0::[2]
1,1,0,1,0,0,0,1,1,1,0;1,0,0,1,0,1,0,1,1,1,0
1,1,0,1,0,0,0,1,1,1,0;1,1,0,1,1,1,0,1,1,1,0::[2]
1,1,0,1,0,0,1,0,1,1,0;0,0,0,1,1,1,0,1,1,1,0::[2]
1,1,0,1,0,1,0,0,0,0,0;0,0,0,1,1,1,0,1,1,1,0
1,1,0,1,0,1,0,0,0,1,0;0,0,0,1,1,1,0,1,1,1,0
1,1,0,1,0,1,0,0,1,1,0;0,0,0,1,1,1,0,1,1,1,0
1,1,0,1,0,1,0,1,0,1,0;0,0,0,1,1,1,0,1,1,1,0
1,1,0,1,0,1,0,1,1,1,0;0,0,0,1,1,1,0,1,1,1,0::[5]
1,1,0,1,0,1,0,1,1,1,0;1,0,0,1,1,1,0,1,1,1,0;0,0,0,1,0,0,0,1,1,1,0
1,1,0,1,0,1,0,1,1,1,0;1,0,0,1,1,1,0,1,1,1,0;0,0,0,1,0,1,0,1,1,1,0
1,1,0,1,1,0,0,0,0,0,0;0,0,0,1,1,1,0,1,1,1,0
1,1,0,1,1,0,0,0,0,1,0;0,0,0,1,1,1,0,1,1,1,0::[3]
1,1,0,1,1,0,0,0,1,1,0;0,0,0,1,1,1,0,1,1,1,0::[20]
1,1,0,1,1,0,0,0,1,1,0;1,0,0,1,1,1,0,0,1,1,0
1,1,0,1,1,0,0,1,0,0,0;0,0,0,1,1,1,0,1,1,1,0
1,1,0,1,1,0,0,1,0,1,0;0,0,0,1,1,1,0,1,1,1,0::[3]
1,1,0,1,1,0,0,1,1,1,0;0,0,0,1,1,1,0,1,1,1,0::[5]
1,1,0,1,1,0,0,1,1,1,0;1,0,0,1,1,1,0,0,1,1,0
1,1,0,1,1,0,0,1,1,1,0;1,0,0,1,1,1,0,1,1,1,0;0,0,0,1,0,1,0,0,0,0,0
1,1,0,1,1,0,0,1,1,1,0;1,0,0,1,1,1,0,1,1,1,0;0,0,0,1,0,1,0,1,0,1,0
1,1,0,1,1,0,0,1,1,1,0;1,0,0,1,1,1,0,1,1,1,0;0,0,0,1,0,1,0,1,1,1,0
1,1,0,1,1,0,0,1,1,1,0;1,1,0,1,1,1,0,1,1,1,0
1,1,0,1,1,1,0,0,0,1,0;0,0,0,1,1,1,0,1,1,1,0::[4]
1,1,0,1,1,1,0,0,1,1,0;0,0,0,1,1,1,0,1,1,1,0::[11]
1,1,0,1,1,1,0,0,1,1,0;1,0,0,1,1,1,0,1,1,1,0;0,0,0,1,0,1,0,0,0,0,0
1,1,0,1,1,1,0,1,0,0,0;0,0,0,1,1,1,0,1,1,1,0
1,1,0,1,1,1,0,1,0,1,0;0,0,0,1,1,1,0,1,1,1,0
1,1,0,1,1,1,0,1,0,1,0;1,0,0,1,1,1,0,1,1,1,0;0,0,0,1,0,1,0,1,1,1,0
1,1,0,1,1,1,0,1,1,1,0;0,0,0,1,0,0,0,0,0,0,0
1,1,0,1,1,1,0,1,1,1,0;0,0,0,1,0,0,0,0,0,1,0::[4]
1,1,0,1,1,1,0,1,1,1,0;0,0,0,1,0,0,0,0,1,1,0::[8]
1,1,0,1,1,1,0,1,1,1,0;0,0,0,1,0,0,0,1,1,1,0::[2]
1,1,0,1,1,1,0,1,1,1,0;0,0,0,1,0,0,1,0,1,1,0
1,1,0,1,1,1,0,1,1,1,0;0,0,0,1,0,1,0,0,0,0,0
1,1,0,1,1,1,0,1,1,1,0;0,0,0,1,0,1,0,0,0,1,0::[8]
1,1,0,1,1,1,0,1,1,1,0;0,0,0,1,0,1,0,0,1,1,0::[28]
1,1,0,1,1,1,0,1,1,1,0;0,0,0,1,0,1,0,0,1,1,1::[2]
1,1,0,1,1,1,0,1,1,1,0;0,0,0,1,0,1,0,1,0,1,0::[6]
1,1,0,1,1,1,0,1,1,1,0;0,0,0,1,0,1,0,1,1,1,0::[8]
1,1,0,1,1,1,0,1,1,1,0;0,0,0,1,0,1,0,1,1,1,1
1,1,0,1,1,1,0,1,1,1,0;0,0,0,1,0,1,1,0,0,1,0
1,1,0,1,1,1,0,1,1,1,0;0,0,0,1,0,1,1,0,1,1,0::[2]
1,1,0,1,1,1,0,1,1,1,0;0,0,0,1,0,1,1,1,1,1,0::[2]
1,1,0,1,1,1,0,1,1,1,0;0,0,0,1,1,0,0,1,0,0,0
1,1,0,1,1,1,0,1,1,1,0;0,0,0,1,1,0,0,1,1,1,0
1,1,0,1,1,1,0,1,1,1,0;0,0,0,1,1,0,1,0,1,1,1
1,1,0,1,1,1,0,1,1,1,0;0,0,0,1,1,1,0,0,0,1,1
1,1,0,1,1,1,0,1,1,1,0;0,0,0,1,1,1,0,0,1,1,0::[3]
1,1,0,1,1,1,0,1,1,1,0;0,0,0,1,1,1,0,0,1,1,1
1,1,0,1,1,1,0,1,1,1,0;0,0,0,1,1,1,0,1,0,1,0::[2]
1,1,0,1,1,1,0,1,1,1,0;0,0,0,1,1,1,0,1,1,1,0::[4]
1,1,0,1,1,1,0,1,1,1,0;0,0,1,1,0,0,0,0,1,1,0::[7]
1,1,0,1,1,1,0,1,1,1,0;0,0,1,1,0,0,0,1,1,1,0
1,1,0,1,1,1,0,1,1,1,0;0,0,1,1,0,1,0,0,0,0,0
1,1,0,1,1,1,0,1,1,1,0;0,0,1,1,0,1,0,0,0,1,0::[2]
1,1,0,1,1,1,0,1,1,1,0;0,1,0,1,0,0,0,0,0,1,0
1,1,0,1,1,1,0,1,1,1,0;0,1,0,1,0,0,0,0,1,1,0
1,1,0,1,1,1,0,1,1,1,0;0,1,0,1,0,0,1,0,1,1,0
1,1,0,1,1,1,0,1,1,1,0;0,1,0,1,0,1,0,0,1,1,0::[3]
1,1,0,1,1,1,0,1,1,1,0;0,1,0,1,0,1,0,1,1,1,0
1,1,0,1,1,1,0,1,1,1,0;0,1,0,1,1,0,0,1,1,1,1
1,1,0,1,1,1,0,1,1,1,0;0,1,0,1,1,1,0,0,1,1,0
1,1,0,1,1,1,0,1,1,1,0;0,1,0,1,1,1,0,1,1,1,0
1,1,0,1,1,1,0,1,1,1,0;0,1,1,1,0,0,0,0,1,1,0::[2]
1,1,0,1,1,1,0,1,1,1,0;1,0,0,1,1,1,0,1,1,1,0;0,0,0,1,0,1,0,1,0,1,0
1,1,0,1,1,1,0,1,1,1,0;1,0,0,1,1,1,0,1,1,1,0;0,0,0,1,0,1,1,1,0,0,0
1,1,0,1,1,1,0,1,1,1,0;1,1,0,1,1,1,0,1,1,1,0;0,0,0,1,0,1,0,0,0,0,0
1,1,0,1,1,1,0,1,1,1,0;1,1,0,1,1,1,0,1,1,1,0;0,0,0,1,0,1,0,0,0,1,0
1,1,0,1,1,1,0,1,1,1,0;1,1,0,1,1,1,0,1,1,1,0;0,0,0,1,0,1,0,0,1,1,0
1,1,0,1,1,1,0,1,1,1,0;1,1,0,1,1,1,0,1,1,1,0;0,0,0,1,1,1,0,1,0,0,0
1,1,0,1,1,1,0,1,1,1,0;1,1,0,1,1,1,0,1,1,1,0;0,1,0,1,0,0,1,0,1,1,0
1,1,0,1,1,1,1,0,1,1,0;0,0,0,1,1,1,0,1,1,1,0
1,1,1,1,0,0,0,0,1,1,0;0,0,0,1,1,1,0,1,1,1,0::[2]
1,1,1,1,1,0,0,0,0,1,0;0,0,0,1,1,1,0,1,1,1,0::[3]
1,1,1,1,1,0,0,1,0,1,0;0,0,0,1,1,1,0,1,1,1,0::[4]
1,1,1,1,1,1,0,0,1,1,0;0,0,0,1,1,1,0,1,1,1,0::[3]
1,1,1,1,1,1,0,1,0,1,0;0,0,0,1,1,1,0,1,1,1,0::[3]
1,1,1,1,1,1,0,1,1,1,0;0,0,0,1,1,1,0,1,1,1,0::[9]
1,1,1,1,1,1,0,1,1,1,0;1,0,0,1,1,1,0,0,1,1,0
1,1,1,1,1,1,0,1,1,1,0;1,0,0,1,1,1,0,1,1,1,0;0,0,0,1,0,1,0,0,0,1,0
1,1,1,1,0,0,0,1,1,1,0
1,1,1,1,0,0,0,1,1,1,0;0,0,0,1,0,0,0,0,0,0,0::[2]
1,1,1,1,0,0,0,1,1,1,0;0,0,0,1,0,0,0,0,0,1,0::[2]
1,1,1,1,0,0,0,1,1,1,0;0,0,0,1,0,0,0,0,1,1,0::[3]
1,1,1,1,0,0,0,1,1,1,0;0,0,0,1,0,0,0,1,0,1,0::[2]
1,1,1,1,0,0,0,1,1,1,0;0,0,0,1,0,0,0,1,1,1,0::[4]
1,1,1,1,0,0,0,1,1,1,0;0,0,0,1,0,0,1,0,0,1,0::[2]
1,1,1,1,0,0,0,1,1,1,0;0,0,0,1,0,0,1,0,1,1,0
1,1,1,1,0,0,0,1,1,1,0;0,0,0,1,0,1,0,0,0,0,0::[2]
1,1,1,1,0,0,0,1,1,1,0;0,0,0,1,0,1,0,0,0,1,0::[2]
1,1,1,1,0,0,0,1,1,1,0;0,0,0,1,0,1,0,0,1,1,0::[4]
1,1,1,1,0,0,0,1,1,1,0;0,0,0,1,0,1,0,1,0,0,0
1,1,1,1,0,0,0,1,1,1,0;0,0,0,1,0,1,0,1,1,1,0::[4]
1,1,1,1,0,0,0,1,1,1,0;0,0,0,1,0,1,1,0,0,0,0
1,1,1,1,0,0,0,1,1,1,0;0,0,0,1,0,1,1,1,1,1,0
1,1,1,1,0,0,0,1,1,1,0;0,0,0,1,1,0,0,0,1,1,0
1,1,1,1,0,0,0,1,1,1,0;0,0,0,1,1,1,0,1,0,1,0
1,1,1,1,0,0,0,1,1,1,0;0,0,0,1,1,1,0,1,1,1,0::[2]
1,1,1,1,0,0,0,1,1,1,0;0,1,0,1,1,1,0,1,1,1,0
1,1,1,1,0,0,0,1,1,1,0;0,1,1,1,1,1,0,1,0,0,0
1,1,1,1,0,1,0,1,1,1,0::[2]
1,1,1,1,0,1,0,1,1,1,0;0,0,0,1,0,0,0,0,0,0,0::[2]
1,1,1,1,0,1,0,1,1,1,0;0,0,0,1,0,0,0,0,0,1,0::[4]
1,1,1,1,0,1,0,1,1,1,0;0,0,0,1,0,0,0,0,1,1,0::[3]
1,1,1,1,0,1,0,1,1,1,0;0,0,0,1,0,0,0,0,1,1,1
1,1,1,1,0,1,0,1,1,1,0;0,0,0,1,0,0,0,1,0,0,0
1,1,1,1,0,1,0,1,1,1,0;0,0,0,1,0,0,0,1,0,1,0
1,1,1,1,0,1,0,1,1,1,0;0,0,0,1,0,0,0,1,1,1,0::[3]
1,1,1,1,0,1,0,1,1,1,0;0,0,0,1,0,0,1,0,0,0,0
1,1,1,1,0,1,0,1,1,1,0;0,0,0,1,0,0,1,0,1,1,1
1,1,1,1,0,1,0,1,1,1,0;0,0,0,1,0,0,1,1,0,0,0
1,1,1,1,0,1,0,1,1,1,0;0,0,0,1,0,1,0,0,0,0,0::[2]
1,1,1,1,0,1,0,1,1,1,0;0,0,0,1,0,1,0,0,0,1,0::[2]
1,1,1,1,0,1,0,1,1,1,0;0,0,0,1,0,1,0,0,0,1,1
1,1,1,1,0,1,0,1,1,1,0;0,0,0,1,0,1,0,0,1,1,0::[6]
1,1,1,1,0,1,0,1,1,1,0;0,0,0,1,0,1,0,1,0,1,0::[2]
1,1,1,1,0,1,0,1,1,1,0;0,0,0,1,0,1,0,1,1,1,0::[2]
1,1,1,1,0,1,0,1,1,1,0;0,0,0,1,0,1,0,1,1,1,1::[3]
1,1,1,1,0,1,0,1,1,1,0;0,0,0,1,0,1,1,0,0,0,0
1,1,1,1,0,1,0,1,1,1,0;0,0,0,1,0,1,1,0,0,1,0
1,1,1,1,0,1,0,1,1,1,0;0,0,0,1,0,1,1,0,1,1,1
1,1,1,1,0,1,0,1,1,1,0;0,0,0,1,0,1,1,1,0,1,0
1,1,1,1,0,1,0,1,1,1,0;0,0,0,1,1,0,0,1,1,1,0
1,1,1,1,0,1,0,1,1,1,0;0,0,0,1,1,1,0,0,0,1,0
1,1,1,1,0,1,0,1,1,1,0;0,0,0,1,1,1,0,0,1,1,0
1,1,1,1,0,1,0,1,1,1,0;0,0,0,1,1,1,0,1,1,1,0::[8]
1,1,1,1,0,1,0,1,1,1,0;0,0,0,1,1,1,1,0,1,1,0
1,1,1,1,0,1,0,1,1,1,0;0,0,1,1,1,0,0,0,1,1,0
1,1,1,1,0,1,0,1,1,1,0;0,0,1,1,1,1,0,1,0,1,0
1,1,1,1,0,1,0,1,1,1,0;0,1,0,1,0,0,0,0,0,1,0
1,1,1,1,0,1,0,1,1,1,0;0,1,0,1,0,1,0,0,0,1,0
1,1,1,1,0,1,0,1,1,1,0;0,1,0,1,0,1,0,0,1,1,0
1,1,1,1,0,1,0,1,1,1,0;0,1,0,1,0,1,1,0,1,1,1
1,1,1,1,0,1,0,1,1,1,0;0,1,0,1,1,1,1,1,1,1,1
1,1,1,1,0,1,0,1,1,1,0;1,1,1,1,1,1,0,0,0,0,0
1,1,1,1,1,0,0,1,1,1,0::[4]
1,1,1,1,1,0,0,1,1,1,0;0,0,0,1,0,0,0,0,0,0,0::[2]
1,1,1,1,1,0,0,1,1,1,0;0,0,0,1,0,0,0,0,0,1,0::[3]
1,1,1,1,1,0,0,1,1,1,0;0,0,0,1,0,0,0,0,1,1,0::[44]
1,1,1,1,1,0,0,1,1,1,0;0,0,0,1,0,0,0,0,1,1,1::[3]
1,1,1,1,1,0,0,1,1,1,0;0,0,0,1,0,0,0,1,0,1,0::[2]
1,1,1,1,1,0,0,1,1,1,0;0,0,0,1,0,0,0,1,1,1,0::[8]
1,1,1,1,1,0,0,1,1,1,0;0,0,0,1,0,0,0,1,1,1,1
1,1,1,1,1,0,0,1,1,1,0;0,0,0,1,0,0,1,0,0,1,0
1,1,1,1,1,0,0,1,1,1,0;0,0,0,1,0,0,1,0,1,1,0::[5]
1,1,1,1,1,0,0,1,1,1,0;0,0,0,1,0,0,1,0,1,1,1
1,1,1,1,1,0,0,1,1,1,0;0,0,0,1,0,0,1,1,0,1,0
1,1,1,1,1,0,0,1,1,1,0;0,0,0,1,0,1,0,0,0,0,0::[2]
1,1,1,1,1,0,0,1,1,1,0;0,0,0,1,0,1,0,0,0,1,0::[4]
1,1,1,1,1,0,0,1,1,1,0;0,0,0,1,0,1,0,0,1,1,0::[34]
1,1,1,1,1,0,0,1,1,1,0;0,0,0,1,0,1,0,0,1,1,1::[2]
1,1,1,1,1,0,0,1,1,1,0;0,0,0,1,0,1,0,1,0,0,0
1,1,1,1,1,0,0,1,1,1,0;0,0,0,1,0,1,0,1,0,1,0::[11]
1,1,1,1,1,0,0,1,1,1,0;0,0,0,1,0,1,0,1,1,1,0::[15]
1,1,1,1,1,0,0,1,1,1,0;0,0,0,1,0,1,1,0,0,0,0::[2]
1,1,1,1,1,0,0,1,1,1,0;0,0,0,1,0,1,1,0,0,1,0::[2]
1,1,1,1,1,0,0,1,1,1,0;0,0,0,1,0,1,1,0,1,1,0::[5]
1,1,1,1,1,0,0,1,1,1,0;0,0,0,1,0,1,1,0,1,1,1
1,1,1,1,1,0,0,1,1,1,0;0,0,0,1,0,1,1,1,1,1,0::[2]
1,1,1,1,1,0,0,1,1,1,0;0,0,0,1,1,0,0,0,1,1,0
1,1,1,1,1,0,0,1,1,1,0;0,0,0,1,1,0,0,1,1,1,0
1,1,1,1,1,0,0,1,1,1,0;0,0,0,1,1,0,1,0,0,1,0
1,1,1,1,1,0,0,1,1,1,0;0,0,0,1,1,1,0,0,1,1,0::[3]
1,1,1,1,1,0,0,1,1,1,0;0,0,0,1,1,1,0,1,0,1,0
1,1,1,1,1,0,0,1,1,1,0;0,0,0,1,1,1,0,1,1,1,0::[7]
1,1,1,1,1,0,0,1,1,1,0;0,0,1,1,0,0,0,0,1,1,0::[4]
1,1,1,1,1,0,0,1,1,1,0;0,0,1,1,0,1,0,0,1,1,0
1,1,1,1,1,0,0,1,1,1,0;0,1,0,1,0,0,0,0,0,1,0::[2]
1,1,1,1,1,0,0,1,1,1,0;0,1,0,1,0,0,0,0,1,1,0::[17]
1,1,1,1,1,0,0,1,1,1,0;0,1,0,1,0,0,0,0,1,1,1
1,1,1,1,1,0,0,1,1,1,0;0,1,0,1,0,0,1,0,1,1,0::[3]
1,1,1,1,1,0,0,1,1,1,0;0,1,0,1,0,1,0,1,1,1,0
1,1,1,1,1,0,0,1,1,1,0;0,1,0,1,0,1,1,0,0,0,0
1,1,1,1,1,0,0,1,1,1,0;0,1,0,1,0,1,1,0,1,1,0
1,1,1,1,1,0,0,1,1,1,0;0,1,0,1,0,1,1,0,1,1,1
1,1,1,1,1,0,0,1,1,1,0;0,1,0,1,1,1,0,0,1,1,0
1,1,1,1,1,0,0,1,1,1,0;0,1,1,1,0,0,0,0,0,0,0
1,1,1,1,1,0,0,1,1,1,0;0,1,1,1,0,0,0,0,1,1,0
1,1,1,1,1,0,0,1,1,1,0;0,1,1,1,0,1,0,1,1,1,1
1,1,1,1,1,0,0,1,1,1,0;0,1,1,1,1,0,0,1,1,1,0
1,1,1,1,1,0,0,1,1,1,0;0,1,1,1,1,1,0,1,0,0,0
1,1,1,1,1,0,0,1,1,1,0;1,0,0,1,0,1,0,0,0,1,0
1,1,1,1,1,0,0,1,1,1,0;1,1,0,1,0,0,0,0,1,1,0
---
